[2025-04-24T15:49:36.890+0000] {local_task_job_runner.py:123} INFO - ::group::Pre task execution logs
[2025-04-24T15:49:36.899+0000] {taskinstance.py:2612} INFO - Dependencies all met for dep_context=non-requeueable deps ti=<TaskInstance: airflow_lab.filter_new_data manual__2025-04-24T15:49:29.716446+00:00 [queued]>
[2025-04-24T15:49:36.903+0000] {taskinstance.py:2612} INFO - Dependencies all met for dep_context=requeueable deps ti=<TaskInstance: airflow_lab.filter_new_data manual__2025-04-24T15:49:29.716446+00:00 [queued]>
[2025-04-24T15:49:36.903+0000] {taskinstance.py:2865} INFO - Starting attempt 1 of 1
[2025-04-24T15:49:36.909+0000] {taskinstance.py:2888} INFO - Executing <Task(_PythonDecoratedOperator): filter_new_data> on 2025-04-24 15:49:29.716446+00:00
[2025-04-24T15:49:36.913+0000] {warnings.py:112} WARNING - /home/***/.local/lib/python3.12/site-packages/***/task/task_runner/standard_task_runner.py:70: DeprecationWarning: This process (pid=1883) is multi-threaded, use of fork() may lead to deadlocks in the child.
  pid = os.fork()

[2025-04-24T15:49:36.914+0000] {standard_task_runner.py:72} INFO - Started process 1885 to run task
[2025-04-24T15:49:36.914+0000] {standard_task_runner.py:104} INFO - Running: ['***', 'tasks', 'run', '***_lab', 'filter_new_data', 'manual__2025-04-24T15:49:29.716446+00:00', '--job-id', '134', '--raw', '--subdir', 'DAGS_FOLDER/elt.py', '--cfg-path', '/tmp/tmpq5vi76kz']
[2025-04-24T15:49:36.916+0000] {standard_task_runner.py:105} INFO - Job 134: Subtask filter_new_data
[2025-04-24T15:49:36.940+0000] {task_command.py:467} INFO - Running <TaskInstance: airflow_lab.filter_new_data manual__2025-04-24T15:49:29.716446+00:00 [running]> on host 7ce975cba66d
[2025-04-24T15:49:37.093+0000] {taskinstance.py:3131} INFO - Exporting env vars: AIRFLOW_CTX_DAG_OWNER='***' AIRFLOW_CTX_DAG_ID='***_lab' AIRFLOW_CTX_TASK_ID='filter_new_data' AIRFLOW_CTX_EXECUTION_DATE='2025-04-24T15:49:29.716446+00:00' AIRFLOW_CTX_TRY_NUMBER='1' AIRFLOW_CTX_DAG_RUN_ID='manual__2025-04-24T15:49:29.716446+00:00'
[2025-04-24T15:49:37.095+0000] {taskinstance.py:731} INFO - ::endgroup::
[2025-04-24T15:49:37.098+0000] {logging_mixin.py:190} INFO - No latest date found. Returning all API data.
[2025-04-24T15:49:37.098+0000] {python.py:240} INFO - Done. Returned value was:               ID          Full_Name  Gender Date_Time Q01  ... Q09 Q10 Q11 Q12 Q13
1     8048761033   Garrett Thornton  Female       NaT   0  ...   0   0   1   0   1
2      793846900  Dr. Brian Mcgrath  Female       NaT   1  ...   0   0   1   1   1
3     5619727459    Nicholas Sawyer  Female       NaT   0  ...   0   1   1   1   1
4     4337104062         Shawn Leon    Male       NaT   0  ...   1   0   1   0   1
5     9507094539       Carl Hendrix    Male       NaT   0  ...   1   1   1   0   0
...          ...                ...     ...       ...  ..  ...  ..  ..  ..  ..  ..
996   8502616307      Cheryl Jacobs    Male       NaT   1  ...   0   0   1   1   0
997   3468480814      Susan Sanders  Female       NaT   1  ...   0   1   0   0   1
998   1317594584         Lori Payne    Male       NaT   1  ...   0   0   0   0   0
999   4933185840      Danielle Boyd    Male       NaT   0  ...   0   0   1   1   1
1000  7056586694      Joshua Murphy    Male       NaT   0  ...   0   1   0   1   1

[1000 rows x 17 columns]
[2025-04-24T15:49:37.158+0000] {taskinstance.py:340} INFO - ::group::Post task execution logs
[2025-04-24T15:49:37.158+0000] {taskinstance.py:352} INFO - Marking task as SUCCESS. dag_id=***_lab, task_id=filter_new_data, run_id=manual__2025-04-24T15:49:29.716446+00:00, execution_date=20250424T154929, start_date=20250424T154936, end_date=20250424T154937
[2025-04-24T15:49:37.183+0000] {local_task_job_runner.py:266} INFO - Task exited with return code 0
[2025-04-24T15:49:37.196+0000] {taskinstance.py:3900} INFO - 1 downstream tasks scheduled from follow-on schedule check
[2025-04-24T15:49:37.197+0000] {local_task_job_runner.py:245} INFO - ::endgroup::
