[2025-04-24T15:45:48.274+0000] {local_task_job_runner.py:123} INFO - ::group::Pre task execution logs
[2025-04-24T15:45:48.282+0000] {taskinstance.py:2612} INFO - Dependencies all met for dep_context=non-requeueable deps ti=<TaskInstance: airflow_lab.filter_new_data manual__2025-04-24T15:45:40.444172+00:00 [queued]>
[2025-04-24T15:45:48.287+0000] {taskinstance.py:2612} INFO - Dependencies all met for dep_context=requeueable deps ti=<TaskInstance: airflow_lab.filter_new_data manual__2025-04-24T15:45:40.444172+00:00 [queued]>
[2025-04-24T15:45:48.287+0000] {taskinstance.py:2865} INFO - Starting attempt 1 of 1
[2025-04-24T15:45:48.295+0000] {taskinstance.py:2888} INFO - Executing <Task(_PythonDecoratedOperator): filter_new_data> on 2025-04-24 15:45:40.444172+00:00
[2025-04-24T15:45:48.298+0000] {warnings.py:112} WARNING - /home/***/.local/lib/python3.12/site-packages/***/task/task_runner/standard_task_runner.py:70: DeprecationWarning: This process (pid=1702) is multi-threaded, use of fork() may lead to deadlocks in the child.
  pid = os.fork()

[2025-04-24T15:45:48.299+0000] {standard_task_runner.py:72} INFO - Started process 1704 to run task
[2025-04-24T15:45:48.300+0000] {standard_task_runner.py:104} INFO - Running: ['***', 'tasks', 'run', '***_lab', 'filter_new_data', 'manual__2025-04-24T15:45:40.444172+00:00', '--job-id', '119', '--raw', '--subdir', 'DAGS_FOLDER/elt.py', '--cfg-path', '/tmp/tmpug3h4zov']
[2025-04-24T15:45:48.301+0000] {standard_task_runner.py:105} INFO - Job 119: Subtask filter_new_data
[2025-04-24T15:45:48.323+0000] {task_command.py:467} INFO - Running <TaskInstance: airflow_lab.filter_new_data manual__2025-04-24T15:45:40.444172+00:00 [running]> on host 7ce975cba66d
[2025-04-24T15:45:48.415+0000] {taskinstance.py:3131} INFO - Exporting env vars: AIRFLOW_CTX_DAG_OWNER='***' AIRFLOW_CTX_DAG_ID='***_lab' AIRFLOW_CTX_TASK_ID='filter_new_data' AIRFLOW_CTX_EXECUTION_DATE='2025-04-24T15:45:40.444172+00:00' AIRFLOW_CTX_TRY_NUMBER='1' AIRFLOW_CTX_DAG_RUN_ID='manual__2025-04-24T15:45:40.444172+00:00'
[2025-04-24T15:45:48.416+0000] {taskinstance.py:731} INFO - ::endgroup::
[2025-04-24T15:45:48.417+0000] {logging_mixin.py:190} INFO - No latest date found. Returning all API data.
[2025-04-24T15:45:48.417+0000] {python.py:240} INFO - Done. Returned value was:               ID          Full_Name  Gender           Date_Time  ... Q10 Q11 Q12 Q13
1     8048761033   Garrett Thornton  Female 2020-12-10 16:51:00  ...   0   1   0   1
2      793846900  Dr. Brian Mcgrath  Female 2020-11-16 09:35:00  ...   0   1   1   1
3     5619727459    Nicholas Sawyer  Female 2020-01-18 20:38:00  ...   1   1   1   1
4     4337104062         Shawn Leon    Male 2020-02-04 15:09:00  ...   0   1   0   1
5     9507094539       Carl Hendrix    Male 2020-07-09 17:51:00  ...   1   1   0   0
...          ...                ...     ...                 ...  ...  ..  ..  ..  ..
996   8502616307      Cheryl Jacobs    Male 2020-05-24 12:39:00  ...   0   1   1   0
997   3468480814      Susan Sanders  Female 2020-01-12 18:47:00  ...   1   0   0   1
998   1317594584         Lori Payne    Male 2020-12-02 19:59:00  ...   0   0   0   0
999   4933185840      Danielle Boyd    Male 2020-11-11 13:25:00  ...   0   1   1   1
1000  7056586694      Joshua Murphy    Male 2020-03-24 20:06:00  ...   1   0   1   1

[1000 rows x 17 columns]
[2025-04-24T15:45:48.441+0000] {taskinstance.py:340} INFO - ::group::Post task execution logs
[2025-04-24T15:45:48.441+0000] {taskinstance.py:352} INFO - Marking task as SUCCESS. dag_id=***_lab, task_id=filter_new_data, run_id=manual__2025-04-24T15:45:40.444172+00:00, execution_date=20250424T154540, start_date=20250424T154548, end_date=20250424T154548
[2025-04-24T15:45:48.482+0000] {local_task_job_runner.py:266} INFO - Task exited with return code 0
[2025-04-24T15:45:48.493+0000] {taskinstance.py:3900} INFO - 1 downstream tasks scheduled from follow-on schedule check
[2025-04-24T15:45:48.494+0000] {local_task_job_runner.py:245} INFO - ::endgroup::
