[2025-04-24T15:47:04.229+0000] {local_task_job_runner.py:123} INFO - ::group::Pre task execution logs
[2025-04-24T15:47:04.237+0000] {taskinstance.py:2612} INFO - Dependencies all met for dep_context=non-requeueable deps ti=<TaskInstance: airflow_lab.load_api manual__2025-04-24T15:47:01.182562+00:00 [queued]>
[2025-04-24T15:47:04.240+0000] {taskinstance.py:2612} INFO - Dependencies all met for dep_context=requeueable deps ti=<TaskInstance: airflow_lab.load_api manual__2025-04-24T15:47:01.182562+00:00 [queued]>
[2025-04-24T15:47:04.241+0000] {taskinstance.py:2865} INFO - Starting attempt 1 of 1
[2025-04-24T15:47:04.246+0000] {taskinstance.py:2888} INFO - Executing <Task(_PythonDecoratedOperator): load_api> on 2025-04-24 15:47:01.182562+00:00
[2025-04-24T15:47:04.249+0000] {warnings.py:112} WARNING - /home/***/.local/lib/python3.12/site-packages/***/task/task_runner/standard_task_runner.py:70: DeprecationWarning: This process (pid=1757) is multi-threaded, use of fork() may lead to deadlocks in the child.
  pid = os.fork()

[2025-04-24T15:47:04.250+0000] {standard_task_runner.py:72} INFO - Started process 1759 to run task
[2025-04-24T15:47:04.250+0000] {standard_task_runner.py:104} INFO - Running: ['***', 'tasks', 'run', '***_lab', 'load_api', 'manual__2025-04-24T15:47:01.182562+00:00', '--job-id', '122', '--raw', '--subdir', 'DAGS_FOLDER/elt.py', '--cfg-path', '/tmp/tmpadpmasll']
[2025-04-24T15:47:04.252+0000] {standard_task_runner.py:105} INFO - Job 122: Subtask load_api
[2025-04-24T15:47:04.273+0000] {task_command.py:467} INFO - Running <TaskInstance: airflow_lab.load_api manual__2025-04-24T15:47:01.182562+00:00 [running]> on host 7ce975cba66d
[2025-04-24T15:47:04.307+0000] {taskinstance.py:3131} INFO - Exporting env vars: AIRFLOW_CTX_DAG_OWNER='***' AIRFLOW_CTX_DAG_ID='***_lab' AIRFLOW_CTX_TASK_ID='load_api' AIRFLOW_CTX_EXECUTION_DATE='2025-04-24T15:47:01.182562+00:00' AIRFLOW_CTX_TRY_NUMBER='1' AIRFLOW_CTX_DAG_RUN_ID='manual__2025-04-24T15:47:01.182562+00:00'
[2025-04-24T15:47:04.308+0000] {taskinstance.py:731} INFO - ::endgroup::
[2025-04-24T15:47:04.310+0000] {logging_mixin.py:190} INFO - Loading data from Google Sheets API
[2025-04-24T15:47:04.318+0000] {logging_mixin.py:190} INFO - https://sheets.googleapis.com/v4/spreadsheets/14-F-1BsRKoAw3ZclIYuPBMnYY42Mz9L1tGgyHW7Iqks/values/TB_Symtom!A1:Q?key=***
[2025-04-24T15:47:05.123+0000] {logging_mixin.py:190} INFO - Data loaded successfully:               ID          Full_Name  Gender  ...  Q11  Q12  Q13
0             ID          Full_Name  Gender  ...  Q11  Q12  Q13
1     8048761033   Garrett Thornton  Female  ...    1    0    1
2      793846900  Dr. Brian Mcgrath  Female  ...    1    1    1
3     5619727459    Nicholas Sawyer  Female  ...    1    1    1
4     4337104062         Shawn Leon    Male  ...    1    0    1
...          ...                ...     ...  ...  ...  ...  ...
996   8502616307      Cheryl Jacobs    Male  ...    1    1    0
997   3468480814      Susan Sanders  Female  ...    0    0    1
998   1317594584         Lori Payne    Male  ...    0    0    0
999   4933185840      Danielle Boyd    Male  ...    1    1    1
1000  7056586694      Joshua Murphy    Male  ...    0    1    1

[1001 rows x 17 columns]
[2025-04-24T15:47:05.128+0000] {python.py:240} INFO - Done. Returned value was:               ID          Full_Name  Gender           Date_Time  ... Q10 Q11 Q12 Q13
1     8048761033   Garrett Thornton  Female 2020-12-10 16:51:00  ...   0   1   0   1
2      793846900  Dr. Brian Mcgrath  Female 2020-11-16 09:35:00  ...   0   1   1   1
3     5619727459    Nicholas Sawyer  Female 2020-01-18 20:38:00  ...   1   1   1   1
4     4337104062         Shawn Leon    Male 2020-02-04 15:09:00  ...   0   1   0   1
5     9507094539       Carl Hendrix    Male 2020-07-09 17:51:00  ...   1   1   0   0
...          ...                ...     ...                 ...  ...  ..  ..  ..  ..
996   8502616307      Cheryl Jacobs    Male 2020-05-24 12:39:00  ...   0   1   1   0
997   3468480814      Susan Sanders  Female 2020-01-12 18:47:00  ...   1   0   0   1
998   1317594584         Lori Payne    Male 2020-12-02 19:59:00  ...   0   0   0   0
999   4933185840      Danielle Boyd    Male 2020-11-11 13:25:00  ...   0   1   1   1
1000  7056586694      Joshua Murphy    Male 2020-03-24 20:06:00  ...   1   0   1   1

[1000 rows x 17 columns]
[2025-04-24T15:47:05.172+0000] {taskinstance.py:340} INFO - ::group::Post task execution logs
[2025-04-24T15:47:05.172+0000] {taskinstance.py:352} INFO - Marking task as SUCCESS. dag_id=***_lab, task_id=load_api, run_id=manual__2025-04-24T15:47:01.182562+00:00, execution_date=20250424T154701, start_date=20250424T154704, end_date=20250424T154705
[2025-04-24T15:47:05.195+0000] {local_task_job_runner.py:266} INFO - Task exited with return code 0
[2025-04-24T15:47:05.209+0000] {taskinstance.py:3900} INFO - 1 downstream tasks scheduled from follow-on schedule check
[2025-04-24T15:47:05.210+0000] {local_task_job_runner.py:245} INFO - ::endgroup::
