[2025-04-24T15:37:03.161+0000] {local_task_job_runner.py:123} INFO - ::group::Pre task execution logs
[2025-04-24T15:37:03.168+0000] {taskinstance.py:2612} INFO - Dependencies all met for dep_context=non-requeueable deps ti=<TaskInstance: airflow_lab.load_api manual__2025-04-24T15:37:00.247492+00:00 [queued]>
[2025-04-24T15:37:03.172+0000] {taskinstance.py:2612} INFO - Dependencies all met for dep_context=requeueable deps ti=<TaskInstance: airflow_lab.load_api manual__2025-04-24T15:37:00.247492+00:00 [queued]>
[2025-04-24T15:37:03.172+0000] {taskinstance.py:2865} INFO - Starting attempt 1 of 1
[2025-04-24T15:37:03.177+0000] {taskinstance.py:2888} INFO - Executing <Task(_PythonDecoratedOperator): load_api> on 2025-04-24 15:37:00.247492+00:00
[2025-04-24T15:37:03.180+0000] {warnings.py:112} WARNING - /home/***/.local/lib/python3.12/site-packages/***/task/task_runner/standard_task_runner.py:70: DeprecationWarning: This process (pid=1440) is multi-threaded, use of fork() may lead to deadlocks in the child.
  pid = os.fork()

[2025-04-24T15:37:03.181+0000] {standard_task_runner.py:72} INFO - Started process 1442 to run task
[2025-04-24T15:37:03.181+0000] {standard_task_runner.py:104} INFO - Running: ['***', 'tasks', 'run', '***_lab', 'load_api', 'manual__2025-04-24T15:37:00.247492+00:00', '--job-id', '98', '--raw', '--subdir', 'DAGS_FOLDER/elt.py', '--cfg-path', '/tmp/tmpcnamdlw9']
[2025-04-24T15:37:03.183+0000] {standard_task_runner.py:105} INFO - Job 98: Subtask load_api
[2025-04-24T15:37:03.203+0000] {task_command.py:467} INFO - Running <TaskInstance: airflow_lab.load_api manual__2025-04-24T15:37:00.247492+00:00 [running]> on host 7ce975cba66d
[2025-04-24T15:37:03.237+0000] {taskinstance.py:3131} INFO - Exporting env vars: AIRFLOW_CTX_DAG_OWNER='***' AIRFLOW_CTX_DAG_ID='***_lab' AIRFLOW_CTX_TASK_ID='load_api' AIRFLOW_CTX_EXECUTION_DATE='2025-04-24T15:37:00.247492+00:00' AIRFLOW_CTX_TRY_NUMBER='1' AIRFLOW_CTX_DAG_RUN_ID='manual__2025-04-24T15:37:00.247492+00:00'
[2025-04-24T15:37:03.238+0000] {taskinstance.py:731} INFO - ::endgroup::
[2025-04-24T15:37:03.239+0000] {logging_mixin.py:190} INFO - Loading data from Google Sheets API
[2025-04-24T15:37:03.248+0000] {logging_mixin.py:190} INFO - https://sheets.googleapis.com/v4/spreadsheets/14-F-1BsRKoAw3ZclIYuPBMnYY42Mz9L1tGgyHW7Iqks/values/TB_Symtom!A1:Q?key=***
[2025-04-24T15:37:03.998+0000] {logging_mixin.py:190} INFO - Data loaded successfully:               ID          Full_Name  Gender  ...  Q11  Q12  Q13
0             ID          Full_Name  Gender  ...  Q11  Q12  Q13
1     8048761033   Garrett Thornton  Female  ...    1    0    1
2      793846900  Dr. Brian Mcgrath  Female  ...    1    1    1
3     5619727459    Nicholas Sawyer  Female  ...    1    1    1
4     4337104062         Shawn Leon    Male  ...    1    0    1
...          ...                ...     ...  ...  ...  ...  ...
996   8502616307      Cheryl Jacobs    Male  ...    1    1    0
997   3468480814      Susan Sanders  Female  ...    0    0    1
998   1317594584         Lori Payne    Male  ...    0    0    0
999   4933185840      Danielle Boyd    Male  ...    1    1    1
1000  7056586694      Joshua Murphy    Male  ...    0    1    1

[1001 rows x 17 columns]
[2025-04-24T15:37:03.999+0000] {python.py:240} INFO - Done. Returned value was:               ID          Full_Name  Gender  ...  Q11  Q12  Q13
0             ID          Full_Name  Gender  ...  Q11  Q12  Q13
1     8048761033   Garrett Thornton  Female  ...    1    0    1
2      793846900  Dr. Brian Mcgrath  Female  ...    1    1    1
3     5619727459    Nicholas Sawyer  Female  ...    1    1    1
4     4337104062         Shawn Leon    Male  ...    1    0    1
...          ...                ...     ...  ...  ...  ...  ...
996   8502616307      Cheryl Jacobs    Male  ...    1    1    0
997   3468480814      Susan Sanders  Female  ...    0    0    1
998   1317594584         Lori Payne    Male  ...    0    0    0
999   4933185840      Danielle Boyd    Male  ...    1    1    1
1000  7056586694      Joshua Murphy    Male  ...    0    1    1

[1001 rows x 17 columns]
[2025-04-24T15:37:04.055+0000] {taskinstance.py:340} INFO - ::group::Post task execution logs
[2025-04-24T15:37:04.055+0000] {taskinstance.py:352} INFO - Marking task as SUCCESS. dag_id=***_lab, task_id=load_api, run_id=manual__2025-04-24T15:37:00.247492+00:00, execution_date=20250424T153700, start_date=20250424T153703, end_date=20250424T153704
[2025-04-24T15:37:04.082+0000] {local_task_job_runner.py:266} INFO - Task exited with return code 0
[2025-04-24T15:37:04.098+0000] {taskinstance.py:3900} INFO - 1 downstream tasks scheduled from follow-on schedule check
[2025-04-24T15:37:04.098+0000] {local_task_job_runner.py:245} INFO - ::endgroup::
