[2025-04-25T00:31:10.386+0000] {local_task_job_runner.py:123} INFO - ::group::Pre task execution logs
[2025-04-25T00:31:10.394+0000] {taskinstance.py:2612} INFO - Dependencies all met for dep_context=non-requeueable deps ti=<TaskInstance: airflow_lab.create_table manual__2025-04-25T00:31:08.446066+00:00 [queued]>
[2025-04-25T00:31:10.397+0000] {taskinstance.py:2612} INFO - Dependencies all met for dep_context=requeueable deps ti=<TaskInstance: airflow_lab.create_table manual__2025-04-25T00:31:08.446066+00:00 [queued]>
[2025-04-25T00:31:10.398+0000] {taskinstance.py:2865} INFO - Starting attempt 1 of 1
[2025-04-25T00:31:10.402+0000] {taskinstance.py:2888} INFO - Executing <Task(_PythonDecoratedOperator): create_table> on 2025-04-25 00:31:08.446066+00:00
[2025-04-25T00:31:10.406+0000] {warnings.py:112} WARNING - /home/***/.local/lib/python3.12/site-packages/***/task/task_runner/standard_task_runner.py:70: DeprecationWarning: This process (pid=466) is multi-threaded, use of fork() may lead to deadlocks in the child.
  pid = os.fork()

[2025-04-25T00:31:10.407+0000] {standard_task_runner.py:72} INFO - Started process 468 to run task
[2025-04-25T00:31:10.407+0000] {standard_task_runner.py:104} INFO - Running: ['***', 'tasks', 'run', '***_lab', 'create_table', 'manual__2025-04-25T00:31:08.446066+00:00', '--job-id', '176', '--raw', '--subdir', 'DAGS_FOLDER/elt.py', '--cfg-path', '/tmp/tmp2tf_v1q7']
[2025-04-25T00:31:10.409+0000] {standard_task_runner.py:105} INFO - Job 176: Subtask create_table
[2025-04-25T00:31:10.432+0000] {task_command.py:467} INFO - Running <TaskInstance: airflow_lab.create_table manual__2025-04-25T00:31:08.446066+00:00 [running]> on host 3b98ce16fd30
[2025-04-25T00:31:10.471+0000] {taskinstance.py:3131} INFO - Exporting env vars: AIRFLOW_CTX_DAG_OWNER='***' AIRFLOW_CTX_DAG_ID='***_lab' AIRFLOW_CTX_TASK_ID='create_table' AIRFLOW_CTX_EXECUTION_DATE='2025-04-25T00:31:08.446066+00:00' AIRFLOW_CTX_TRY_NUMBER='1' AIRFLOW_CTX_DAG_RUN_ID='manual__2025-04-25T00:31:08.446066+00:00'
[2025-04-25T00:31:10.471+0000] {taskinstance.py:731} INFO - ::endgroup::
[2025-04-25T00:31:10.473+0000] {logging_mixin.py:190} INFO - Creating table: TB_SYMPTOMS_GGSHEET
[2025-04-25T00:31:10.478+0000] {base.py:84} INFO - Retrieving connection 'snowflake_default'
[2025-04-25T00:31:10.479+0000] {connection.py:413} INFO - Snowflake Connector for Python Version: 3.12.2, Python Version: 3.12.6, Platform: Linux-6.10.14-linuxkit-aarch64-with-glibc2.36
[2025-04-25T00:31:10.480+0000] {connection.py:1196} INFO - Connecting to GLOBAL Snowflake domain
[2025-04-25T00:31:10.480+0000] {connection.py:1277} INFO - This connection is in OCSP Fail Open Mode. TLS Certificates would be checked for validity and revocation status. Any other Certificate Revocation related exceptions or OCSP Responder failures would be disregarded in favor of connectivity.
[2025-04-25T00:31:11.070+0000] {logging_mixin.py:190} INFO - Connected to Snowflake: <snowflake.connector.connection.SnowflakeConnection object at 0xffffa0d20410>
[2025-04-25T00:31:11.348+0000] {cursor.py:1156} INFO - Number of results in first chunk: 1
[2025-04-25T00:31:11.445+0000] {cursor.py:1156} INFO - Number of results in first chunk: 1
[2025-04-25T00:31:11.445+0000] {connection.py:788} INFO - closed
[2025-04-25T00:31:11.517+0000] {connection.py:794} INFO - No async queries seem to be running, deleting session
[2025-04-25T00:31:11.589+0000] {python.py:240} INFO - Done. Returned value was: None
[2025-04-25T00:31:11.603+0000] {taskinstance.py:340} INFO - ::group::Post task execution logs
[2025-04-25T00:31:11.603+0000] {taskinstance.py:352} INFO - Marking task as SUCCESS. dag_id=***_lab, task_id=create_table, run_id=manual__2025-04-25T00:31:08.446066+00:00, execution_date=20250425T003108, start_date=20250425T003110, end_date=20250425T003111
[2025-04-25T00:31:11.654+0000] {local_task_job_runner.py:266} INFO - Task exited with return code 0
[2025-04-25T00:31:11.670+0000] {taskinstance.py:3900} INFO - 1 downstream tasks scheduled from follow-on schedule check
[2025-04-25T00:31:11.672+0000] {local_task_job_runner.py:245} INFO - ::endgroup::
