[2025-04-24T14:57:25.009+0000] {local_task_job_runner.py:123} INFO - ::group::Pre task execution logs
[2025-04-24T14:57:25.017+0000] {taskinstance.py:2612} INFO - Dependencies all met for dep_context=non-requeueable deps ti=<TaskInstance: airflow_lab.load_api manual__2025-04-24T14:57:21.032705+00:00 [queued]>
[2025-04-24T14:57:25.021+0000] {taskinstance.py:2612} INFO - Dependencies all met for dep_context=requeueable deps ti=<TaskInstance: airflow_lab.load_api manual__2025-04-24T14:57:21.032705+00:00 [queued]>
[2025-04-24T14:57:25.021+0000] {taskinstance.py:2865} INFO - Starting attempt 1 of 1
[2025-04-24T14:57:25.027+0000] {taskinstance.py:2888} INFO - Executing <Task(_PythonDecoratedOperator): load_api> on 2025-04-24 14:57:21.032705+00:00
[2025-04-24T14:57:25.031+0000] {warnings.py:112} WARNING - /home/***/.local/lib/python3.12/site-packages/***/task/task_runner/standard_task_runner.py:70: DeprecationWarning: This process (pid=381) is multi-threaded, use of fork() may lead to deadlocks in the child.
  pid = os.fork()

[2025-04-24T14:57:25.032+0000] {standard_task_runner.py:72} INFO - Started process 383 to run task
[2025-04-24T14:57:25.032+0000] {standard_task_runner.py:104} INFO - Running: ['***', 'tasks', 'run', '***_lab', 'load_api', 'manual__2025-04-24T14:57:21.032705+00:00', '--job-id', '30', '--raw', '--subdir', 'DAGS_FOLDER/elt.py', '--cfg-path', '/tmp/tmp92k87j9i']
[2025-04-24T14:57:25.034+0000] {standard_task_runner.py:105} INFO - Job 30: Subtask load_api
[2025-04-24T14:57:25.059+0000] {task_command.py:467} INFO - Running <TaskInstance: airflow_lab.load_api manual__2025-04-24T14:57:21.032705+00:00 [running]> on host 7ce975cba66d
[2025-04-24T14:57:25.101+0000] {taskinstance.py:3131} INFO - Exporting env vars: AIRFLOW_CTX_DAG_OWNER='***' AIRFLOW_CTX_DAG_ID='***_lab' AIRFLOW_CTX_TASK_ID='load_api' AIRFLOW_CTX_EXECUTION_DATE='2025-04-24T14:57:21.032705+00:00' AIRFLOW_CTX_TRY_NUMBER='1' AIRFLOW_CTX_DAG_RUN_ID='manual__2025-04-24T14:57:21.032705+00:00'
[2025-04-24T14:57:25.102+0000] {taskinstance.py:731} INFO - ::endgroup::
[2025-04-24T14:57:25.104+0000] {logging_mixin.py:190} INFO - Loading data from Google Sheets API
[2025-04-24T14:57:25.115+0000] {logging_mixin.py:190} INFO - https://sheets.googleapis.com/v4/spreadsheets/14-F-1BsRKoAw3ZclIYuPBMnYY42Mz9L1tGgyHW7Iqks/values/TB_Symtom!A1:Q?key=***
[2025-04-24T14:57:25.514+0000] {logging_mixin.py:190} INFO - Failed to load data: 400
[2025-04-24T14:57:25.516+0000] {python.py:240} INFO - Done. Returned value was: None
[2025-04-24T14:57:25.526+0000] {taskinstance.py:340} INFO - ::group::Post task execution logs
[2025-04-24T14:57:25.527+0000] {taskinstance.py:352} INFO - Marking task as SUCCESS. dag_id=***_lab, task_id=load_api, run_id=manual__2025-04-24T14:57:21.032705+00:00, execution_date=20250424T145721, start_date=20250424T145725, end_date=20250424T145725
[2025-04-24T14:57:25.559+0000] {local_task_job_runner.py:266} INFO - Task exited with return code 0
[2025-04-24T14:57:25.573+0000] {taskinstance.py:3900} INFO - 1 downstream tasks scheduled from follow-on schedule check
[2025-04-24T14:57:25.574+0000] {local_task_job_runner.py:245} INFO - ::endgroup::
