[2025-04-24T16:01:36.369+0000] {local_task_job_runner.py:123} INFO - ::group::Pre task execution logs
[2025-04-24T16:01:36.376+0000] {taskinstance.py:2612} INFO - Dependencies all met for dep_context=non-requeueable deps ti=<TaskInstance: airflow_lab.load_data_to_snowflake manual__2025-04-24T16:01:10.235553+00:00 [queued]>
[2025-04-24T16:01:36.380+0000] {taskinstance.py:2612} INFO - Dependencies all met for dep_context=requeueable deps ti=<TaskInstance: airflow_lab.load_data_to_snowflake manual__2025-04-24T16:01:10.235553+00:00 [queued]>
[2025-04-24T16:01:36.380+0000] {taskinstance.py:2865} INFO - Starting attempt 1 of 1
[2025-04-24T16:01:36.385+0000] {taskinstance.py:2888} INFO - Executing <Task(_PythonDecoratedOperator): load_data_to_snowflake> on 2025-04-24 16:01:10.235553+00:00
[2025-04-24T16:01:36.388+0000] {warnings.py:112} WARNING - /home/***/.local/lib/python3.12/site-packages/***/task/task_runner/standard_task_runner.py:70: DeprecationWarning: This process (pid=2246) is multi-threaded, use of fork() may lead to deadlocks in the child.
  pid = os.fork()

[2025-04-24T16:01:36.389+0000] {standard_task_runner.py:72} INFO - Started process 2248 to run task
[2025-04-24T16:01:36.390+0000] {standard_task_runner.py:104} INFO - Running: ['***', 'tasks', 'run', '***_lab', 'load_data_to_snowflake', 'manual__2025-04-24T16:01:10.235553+00:00', '--job-id', '160', '--raw', '--subdir', 'DAGS_FOLDER/elt.py', '--cfg-path', '/tmp/tmpadpg6_l7']
[2025-04-24T16:01:36.391+0000] {standard_task_runner.py:105} INFO - Job 160: Subtask load_data_to_snowflake
[2025-04-24T16:01:36.412+0000] {task_command.py:467} INFO - Running <TaskInstance: airflow_lab.load_data_to_snowflake manual__2025-04-24T16:01:10.235553+00:00 [running]> on host 7ce975cba66d
[2025-04-24T16:01:36.483+0000] {taskinstance.py:3131} INFO - Exporting env vars: AIRFLOW_CTX_DAG_OWNER='***' AIRFLOW_CTX_DAG_ID='***_lab' AIRFLOW_CTX_TASK_ID='load_data_to_snowflake' AIRFLOW_CTX_EXECUTION_DATE='2025-04-24T16:01:10.235553+00:00' AIRFLOW_CTX_TRY_NUMBER='1' AIRFLOW_CTX_DAG_RUN_ID='manual__2025-04-24T16:01:10.235553+00:00'
[2025-04-24T16:01:36.484+0000] {taskinstance.py:731} INFO - ::endgroup::
[2025-04-24T16:01:36.490+0000] {base.py:84} INFO - Retrieving connection 'snowflake_default'
[2025-04-24T16:01:36.490+0000] {connection.py:413} INFO - Snowflake Connector for Python Version: 3.12.2, Python Version: 3.12.6, Platform: Linux-6.10.14-linuxkit-aarch64-with-glibc2.36
[2025-04-24T16:01:36.491+0000] {connection.py:1196} INFO - Connecting to GLOBAL Snowflake domain
[2025-04-24T16:01:36.491+0000] {connection.py:1277} INFO - This connection is in OCSP Fail Open Mode. TLS Certificates would be checked for validity and revocation status. Any other Certificate Revocation related exceptions or OCSP Responder failures would be disregarded in favor of connectivity.
[2025-04-24T16:01:37.595+0000] {logging_mixin.py:190} INFO - New data columns: ['ID', 'Full_Name', 'Gender', 'Date_Time', 'Q01', 'Q02', 'Q03', 'Q04', 'Q05', 'Q06', 'Q07', 'Q08', 'Q09', 'Q10', 'Q11', 'Q12', 'Q13']
[2025-04-24T16:01:37.600+0000] {logging_mixin.py:190} INFO - 2020-12-10 16:51:00
[2025-04-24T16:01:38.165+0000] {logging_mixin.py:190} INFO - 2020-11-16 09:35:00
[2025-04-24T16:01:39.865+0000] {logging_mixin.py:190} INFO - 2020-01-18 20:38:00
[2025-04-24T16:01:40.567+0000] {logging_mixin.py:190} INFO - 2020-02-04 15:09:00
[2025-04-24T16:01:41.035+0000] {logging_mixin.py:190} INFO - 2020-07-09 17:51:00
[2025-04-24T16:01:41.692+0000] {logging_mixin.py:190} INFO - 2020-10-16 16:10:00
[2025-04-24T16:01:43.303+0000] {logging_mixin.py:190} INFO - 2020-09-06 15:21:00
[2025-04-24T16:01:43.648+0000] {logging_mixin.py:190} INFO - 2021-01-31 11:42:00
[2025-04-24T16:01:44.251+0000] {logging_mixin.py:190} INFO - 2020-10-14 14:32:00
[2025-04-24T16:01:44.660+0000] {logging_mixin.py:190} INFO - 2020-03-13 11:26:00
[2025-04-24T16:01:45.073+0000] {logging_mixin.py:190} INFO - 2020-06-24 15:37:00
[2025-04-24T16:01:45.484+0000] {logging_mixin.py:190} INFO - 2020-01-04 13:58:00
[2025-04-24T16:01:46.138+0000] {logging_mixin.py:190} INFO - 2020-04-14 18:00:00
[2025-04-24T16:01:46.610+0000] {logging_mixin.py:190} INFO - 2020-01-21 16:57:00
[2025-04-24T16:01:47.009+0000] {logging_mixin.py:190} INFO - 2021-01-04 18:58:00
[2025-04-24T16:01:47.429+0000] {logging_mixin.py:190} INFO - 2020-03-27 13:49:00
[2025-04-24T16:01:47.839+0000] {logging_mixin.py:190} INFO - 2020-03-19 10:09:00
[2025-04-24T16:01:48.288+0000] {logging_mixin.py:190} INFO - 2020-07-10 16:18:00
[2025-04-24T16:01:49.861+0000] {logging_mixin.py:190} INFO - 2020-02-13 14:48:00
[2025-04-24T16:01:50.410+0000] {logging_mixin.py:190} INFO - 2020-11-11 18:38:00
[2025-04-24T16:01:50.821+0000] {logging_mixin.py:190} INFO - 2021-01-24 11:30:00
[2025-04-24T16:01:51.226+0000] {logging_mixin.py:190} INFO - 2020-03-06 11:06:00
[2025-04-24T16:01:51.646+0000] {logging_mixin.py:190} INFO - 2020-01-09 18:07:00
[2025-04-24T16:01:52.057+0000] {logging_mixin.py:190} INFO - 2020-08-16 18:41:00
[2025-04-24T16:01:52.449+0000] {logging_mixin.py:190} INFO - 2020-12-23 18:35:00
[2025-04-24T16:01:52.863+0000] {logging_mixin.py:190} INFO - 2020-11-28 11:24:00
[2025-04-24T16:01:53.283+0000] {logging_mixin.py:190} INFO - 2020-12-13 12:10:00
[2025-04-24T16:01:53.636+0000] {logging_mixin.py:190} INFO - 2020-10-12 13:24:00
[2025-04-24T16:01:53.961+0000] {logging_mixin.py:190} INFO - 2020-10-02 11:32:00
[2025-04-24T16:01:54.495+0000] {logging_mixin.py:190} INFO - 2021-01-20 11:07:00
[2025-04-24T16:01:54.897+0000] {logging_mixin.py:190} INFO - 2020-08-22 14:30:00
[2025-04-24T16:01:55.314+0000] {logging_mixin.py:190} INFO - 2020-07-07 09:00:00
[2025-04-24T16:01:56.244+0000] {logging_mixin.py:190} INFO - 2020-07-10 13:07:00
[2025-04-24T16:01:56.646+0000] {logging_mixin.py:190} INFO - 2020-11-29 18:03:00
[2025-04-24T16:01:57.044+0000] {logging_mixin.py:190} INFO - 2020-12-19 12:10:00
[2025-04-24T16:01:57.385+0000] {logging_mixin.py:190} INFO - 2020-05-02 20:25:00
[2025-04-24T16:01:58.090+0000] {logging_mixin.py:190} INFO - 2020-10-03 14:04:00
[2025-04-24T16:01:58.488+0000] {logging_mixin.py:190} INFO - 2020-04-24 17:06:00
[2025-04-24T16:01:58.898+0000] {logging_mixin.py:190} INFO - 2020-06-30 14:16:00
[2025-04-24T16:01:59.247+0000] {logging_mixin.py:190} INFO - 2020-02-24 15:24:00
[2025-04-24T16:01:59.616+0000] {logging_mixin.py:190} INFO - 2020-08-15 12:48:00
[2025-04-24T16:02:00.025+0000] {logging_mixin.py:190} INFO - 2020-07-14 14:33:00
[2025-04-24T16:02:00.436+0000] {logging_mixin.py:190} INFO - 2020-10-30 12:56:00
[2025-04-24T16:02:01.051+0000] {logging_mixin.py:190} INFO - 2020-05-22 09:39:00
[2025-04-24T16:02:01.475+0000] {logging_mixin.py:190} INFO - 2020-11-02 19:27:00
[2025-04-24T16:02:01.982+0000] {logging_mixin.py:190} INFO - 2020-02-24 09:32:00
[2025-04-24T16:02:02.397+0000] {logging_mixin.py:190} INFO - 2020-11-17 12:01:00
[2025-04-24T16:02:02.794+0000] {logging_mixin.py:190} INFO - 2020-02-08 14:02:00
[2025-04-24T16:02:03.212+0000] {logging_mixin.py:190} INFO - 2020-05-14 13:55:00
[2025-04-24T16:02:03.610+0000] {logging_mixin.py:190} INFO - 2020-03-18 16:34:00
[2025-04-24T16:02:04.016+0000] {logging_mixin.py:190} INFO - 2020-07-05 09:16:00
[2025-04-24T16:02:04.626+0000] {logging_mixin.py:190} INFO - 2020-09-08 14:49:00
[2025-04-24T16:02:04.990+0000] {logging_mixin.py:190} INFO - 2020-01-07 20:31:00
[2025-04-24T16:02:05.494+0000] {logging_mixin.py:190} INFO - 2020-01-03 12:53:00
[2025-04-24T16:02:06.016+0000] {logging_mixin.py:190} INFO - 2020-03-29 18:33:00
[2025-04-24T16:02:06.634+0000] {logging_mixin.py:190} INFO - 2020-01-08 15:36:00
[2025-04-24T16:02:07.522+0000] {logging_mixin.py:190} INFO - 2020-01-27 19:25:00
[2025-04-24T16:02:09.114+0000] {logging_mixin.py:190} INFO - 2020-10-31 13:43:00
[2025-04-24T16:02:13.144+0000] {job.py:229} INFO - Heartbeat recovered after 11.33 seconds
[2025-04-24T16:02:13.185+0000] {logging_mixin.py:190} INFO - 2020-12-16 12:54:00
[2025-04-24T16:02:13.646+0000] {logging_mixin.py:190} INFO - 2020-10-16 14:48:00
[2025-04-24T16:02:14.265+0000] {logging_mixin.py:190} INFO - 2020-02-13 14:50:00
[2025-04-24T16:02:14.650+0000] {logging_mixin.py:190} INFO - 2020-04-22 20:49:00
[2025-04-24T16:02:15.171+0000] {logging_mixin.py:190} INFO - 2020-01-17 19:50:00
[2025-04-24T16:02:15.591+0000] {logging_mixin.py:190} INFO - 2020-09-22 17:04:00
[2025-04-24T16:02:15.999+0000] {logging_mixin.py:190} INFO - 2020-02-11 13:28:00
[2025-04-24T16:02:16.404+0000] {logging_mixin.py:190} INFO - 2020-05-31 19:58:00
[2025-04-24T16:02:16.818+0000] {logging_mixin.py:190} INFO - 2020-12-03 10:10:00
[2025-04-24T16:02:17.431+0000] {logging_mixin.py:190} INFO - 2020-05-07 10:56:00
[2025-04-24T16:02:18.047+0000] {logging_mixin.py:190} INFO - 2020-12-10 12:00:00
[2025-04-24T16:02:18.452+0000] {logging_mixin.py:190} INFO - 2020-11-03 14:23:00
[2025-04-24T16:02:19.169+0000] {logging_mixin.py:190} INFO - 2020-07-22 13:38:00
[2025-04-24T16:02:19.580+0000] {logging_mixin.py:190} INFO - 2020-09-18 13:06:00
[2025-04-24T16:02:20.092+0000] {logging_mixin.py:190} INFO - 2021-01-18 19:13:00
[2025-04-24T16:02:20.451+0000] {logging_mixin.py:190} INFO - 2020-12-28 11:47:00
[2025-04-24T16:02:20.908+0000] {logging_mixin.py:190} INFO - 2020-11-22 17:13:00
[2025-04-24T16:02:21.271+0000] {logging_mixin.py:190} INFO - 2020-01-19 14:20:00
[2025-04-24T16:02:21.835+0000] {logging_mixin.py:190} INFO - 2020-09-18 20:37:00
[2025-04-24T16:02:22.247+0000] {logging_mixin.py:190} INFO - 2020-11-24 17:58:00
[2025-04-24T16:02:22.650+0000] {logging_mixin.py:190} INFO - 2020-12-19 19:03:00
[2025-04-24T16:02:23.060+0000] {logging_mixin.py:190} INFO - 2020-09-29 17:27:00
[2025-04-24T16:02:23.470+0000] {logging_mixin.py:190} INFO - 2020-10-26 09:54:00
[2025-04-24T16:02:23.828+0000] {logging_mixin.py:190} INFO - 2020-05-15 19:06:00
[2025-04-24T16:02:24.241+0000] {logging_mixin.py:190} INFO - 2020-10-07 17:58:00
[2025-04-24T16:02:24.700+0000] {logging_mixin.py:190} INFO - 2020-12-20 17:30:00
[2025-04-24T16:02:25.096+0000] {logging_mixin.py:190} INFO - 2020-07-31 09:12:00
[2025-04-24T16:02:25.623+0000] {logging_mixin.py:190} INFO - 2021-01-14 12:57:00
[2025-04-24T16:02:25.961+0000] {logging_mixin.py:190} INFO - 2020-04-17 11:55:00
[2025-04-24T16:02:26.646+0000] {logging_mixin.py:190} INFO - 2020-04-13 09:49:00
[2025-04-24T16:02:27.463+0000] {logging_mixin.py:190} INFO - 2021-01-20 14:39:00
[2025-04-24T16:02:27.876+0000] {logging_mixin.py:190} INFO - 2020-10-31 20:35:00
[2025-04-24T16:02:28.287+0000] {logging_mixin.py:190} INFO - 2020-01-16 18:14:00
[2025-04-24T16:02:28.896+0000] {logging_mixin.py:190} INFO - 2020-02-10 09:57:00
[2025-04-24T16:02:29.358+0000] {logging_mixin.py:190} INFO - 2020-04-10 12:31:00
[2025-04-24T16:02:29.822+0000] {logging_mixin.py:190} INFO - 2020-12-27 20:59:00
[2025-04-24T16:02:30.228+0000] {logging_mixin.py:190} INFO - 2020-11-17 11:28:00
[2025-04-24T16:02:30.743+0000] {logging_mixin.py:190} INFO - 2020-10-07 13:41:00
[2025-04-24T16:02:31.463+0000] {logging_mixin.py:190} INFO - 2020-03-02 17:22:00
[2025-04-24T16:02:31.864+0000] {logging_mixin.py:190} INFO - 2020-04-06 14:55:00
[2025-04-24T16:02:32.201+0000] {logging_mixin.py:190} INFO - 2020-01-06 14:27:00
[2025-04-24T16:02:33.061+0000] {logging_mixin.py:190} INFO - 2020-06-19 16:05:00
[2025-04-24T16:02:33.606+0000] {logging_mixin.py:190} INFO - 2020-06-12 14:03:00
[2025-04-24T16:02:34.016+0000] {logging_mixin.py:190} INFO - 2020-08-29 10:47:00
[2025-04-24T16:02:34.465+0000] {logging_mixin.py:190} INFO - 2020-06-21 10:30:00
[2025-04-24T16:02:34.840+0000] {logging_mixin.py:190} INFO - 2020-11-05 10:09:00
[2025-04-24T16:02:35.352+0000] {logging_mixin.py:190} INFO - 2020-01-29 13:23:00
[2025-04-24T16:02:35.729+0000] {logging_mixin.py:190} INFO - 2020-02-22 15:29:00
[2025-04-24T16:02:36.060+0000] {logging_mixin.py:190} INFO - 2020-01-07 14:55:00
[2025-04-24T16:02:36.475+0000] {logging_mixin.py:190} INFO - 2021-01-12 16:08:00
[2025-04-24T16:02:37.088+0000] {logging_mixin.py:190} INFO - 2020-06-10 17:55:00
[2025-04-24T16:02:37.498+0000] {logging_mixin.py:190} INFO - 2020-10-22 20:20:00
[2025-04-24T16:02:38.014+0000] {logging_mixin.py:190} INFO - 2020-03-29 16:20:00
[2025-04-24T16:02:38.418+0000] {logging_mixin.py:190} INFO - 2020-10-19 19:00:00
[2025-04-24T16:02:38.833+0000] {logging_mixin.py:190} INFO - 2020-06-24 14:27:00
[2025-04-24T16:02:39.200+0000] {logging_mixin.py:190} INFO - 2020-12-07 12:03:00
[2025-04-24T16:02:39.522+0000] {logging_mixin.py:190} INFO - 2020-06-12 09:35:00
[2025-04-24T16:02:39.957+0000] {logging_mixin.py:190} INFO - 2021-01-28 17:52:00
[2025-04-24T16:02:40.366+0000] {logging_mixin.py:190} INFO - 2020-09-10 12:43:00
[2025-04-24T16:02:40.878+0000] {logging_mixin.py:190} INFO - 2020-12-16 09:27:00
[2025-04-24T16:02:41.496+0000] {logging_mixin.py:190} INFO - 2020-10-24 12:06:00
[2025-04-24T16:02:41.905+0000] {logging_mixin.py:190} INFO - 2020-10-03 12:21:00
[2025-04-24T16:02:42.314+0000] {logging_mixin.py:190} INFO - 2020-08-20 13:50:00
[2025-04-24T16:02:42.823+0000] {logging_mixin.py:190} INFO - 2020-06-26 09:26:00
[2025-04-24T16:02:43.150+0000] {logging_mixin.py:190} INFO - 2020-10-18 18:37:00
[2025-04-24T16:02:43.538+0000] {logging_mixin.py:190} INFO - 2020-12-12 16:46:00
[2025-04-24T16:02:43.954+0000] {logging_mixin.py:190} INFO - 2020-12-30 11:57:00
[2025-04-24T16:02:44.363+0000] {logging_mixin.py:190} INFO - 2020-08-29 18:34:00
[2025-04-24T16:02:44.768+0000] {logging_mixin.py:190} INFO - 2020-09-30 12:02:00
[2025-04-24T16:02:45.149+0000] {logging_mixin.py:190} INFO - 2020-09-27 12:14:00
[2025-04-24T16:02:45.587+0000] {logging_mixin.py:190} INFO - 2020-01-07 20:11:00
[2025-04-24T16:02:46.574+0000] {logging_mixin.py:190} INFO - 2020-07-11 15:11:00
[2025-04-24T16:02:47.246+0000] {logging_mixin.py:190} INFO - 2020-07-23 20:49:00
[2025-04-24T16:02:47.780+0000] {logging_mixin.py:190} INFO - 2020-05-09 16:34:00
[2025-04-24T16:02:48.282+0000] {logging_mixin.py:190} INFO - 2020-03-15 16:45:00
[2025-04-24T16:02:48.807+0000] {logging_mixin.py:190} INFO - 2020-03-29 15:17:00
[2025-04-24T16:02:49.612+0000] {logging_mixin.py:190} INFO - 2021-01-30 19:38:00
[2025-04-24T16:02:50.202+0000] {logging_mixin.py:190} INFO - 2020-04-18 17:23:00
[2025-04-24T16:02:50.613+0000] {logging_mixin.py:190} INFO - 2020-11-30 11:14:00
[2025-04-24T16:02:51.013+0000] {logging_mixin.py:190} INFO - 2020-09-25 09:41:00
[2025-04-24T16:02:51.413+0000] {logging_mixin.py:190} INFO - 2020-02-17 13:04:00
[2025-04-24T16:02:52.039+0000] {logging_mixin.py:190} INFO - 2020-08-05 18:01:00
[2025-04-24T16:02:52.761+0000] {logging_mixin.py:190} INFO - 2020-10-08 19:50:00
[2025-04-24T16:02:53.890+0000] {logging_mixin.py:190} INFO - 2020-05-23 14:48:00
[2025-04-24T16:02:54.398+0000] {logging_mixin.py:190} INFO - 2020-12-27 14:46:00
[2025-04-24T16:02:54.754+0000] {logging_mixin.py:190} INFO - 2020-09-19 10:59:00
[2025-04-24T16:02:55.423+0000] {logging_mixin.py:190} INFO - 2020-09-07 13:36:00
[2025-04-24T16:02:55.930+0000] {logging_mixin.py:190} INFO - 2020-02-26 11:30:00
[2025-04-24T16:02:56.344+0000] {logging_mixin.py:190} INFO - 2021-01-28 10:13:00
[2025-04-24T16:02:56.718+0000] {logging_mixin.py:190} INFO - 2020-02-08 18:43:00
[2025-04-24T16:02:57.265+0000] {logging_mixin.py:190} INFO - 2020-09-02 16:51:00
[2025-04-24T16:02:57.674+0000] {logging_mixin.py:190} INFO - 2020-12-12 18:53:00
[2025-04-24T16:02:58.036+0000] {logging_mixin.py:190} INFO - 2020-06-10 15:54:00
[2025-04-24T16:02:58.496+0000] {logging_mixin.py:190} INFO - 2021-01-02 16:00:00
[2025-04-24T16:02:59.620+0000] {logging_mixin.py:190} INFO - 2020-03-09 19:55:00
[2025-04-24T16:03:00.025+0000] {logging_mixin.py:190} INFO - 2020-12-20 10:39:00
[2025-04-24T16:03:00.543+0000] {logging_mixin.py:190} INFO - 2020-12-03 19:22:00
[2025-04-24T16:03:01.035+0000] {logging_mixin.py:190} INFO - 2020-03-10 12:30:00
[2025-04-24T16:03:01.668+0000] {logging_mixin.py:190} INFO - 2020-04-21 16:35:00
[2025-04-24T16:03:02.061+0000] {logging_mixin.py:190} INFO - 2020-04-11 10:34:00
[2025-04-24T16:03:02.789+0000] {logging_mixin.py:190} INFO - 2021-01-29 15:02:00
[2025-04-24T16:03:03.201+0000] {logging_mixin.py:190} INFO - 2020-02-10 20:21:00
[2025-04-24T16:03:03.711+0000] {logging_mixin.py:190} INFO - 2020-06-05 17:34:00
[2025-04-24T16:03:04.224+0000] {logging_mixin.py:190} INFO - 2020-07-24 18:11:00
[2025-04-24T16:03:04.637+0000] {logging_mixin.py:190} INFO - 2020-10-10 17:30:00
[2025-04-24T16:03:05.144+0000] {logging_mixin.py:190} INFO - 2020-02-12 12:15:00
[2025-04-24T16:03:05.561+0000] {logging_mixin.py:190} INFO - 2020-11-10 16:05:00
[2025-04-24T16:03:06.279+0000] {logging_mixin.py:190} INFO - 2021-01-15 15:59:00
[2025-04-24T16:03:06.989+0000] {logging_mixin.py:190} INFO - 2020-09-25 14:37:00
[2025-04-24T16:03:07.604+0000] {logging_mixin.py:190} INFO - 2020-02-07 12:00:00
[2025-04-24T16:03:08.216+0000] {logging_mixin.py:190} INFO - 2020-08-06 16:20:00
[2025-04-24T16:03:08.633+0000] {logging_mixin.py:190} INFO - 2020-09-07 09:23:00
[2025-04-24T16:03:09.351+0000] {logging_mixin.py:190} INFO - 2020-12-08 13:46:00
[2025-04-24T16:03:09.753+0000] {logging_mixin.py:190} INFO - 2020-02-19 12:32:00
[2025-04-24T16:03:10.162+0000] {logging_mixin.py:190} INFO - 2021-01-05 11:56:00
[2025-04-24T16:03:10.580+0000] {logging_mixin.py:190} INFO - 2020-03-27 19:12:00
[2025-04-24T16:03:10.981+0000] {logging_mixin.py:190} INFO - 2021-01-05 12:03:00
[2025-04-24T16:03:11.454+0000] {logging_mixin.py:190} INFO - 2020-04-15 10:14:00
[2025-04-24T16:03:11.904+0000] {logging_mixin.py:190} INFO - 2020-01-12 11:02:00
[2025-04-24T16:03:12.432+0000] {logging_mixin.py:190} INFO - 2020-09-02 19:50:00
[2025-04-24T16:03:12.779+0000] {logging_mixin.py:190} INFO - 2020-04-11 09:35:00
[2025-04-24T16:03:13.102+0000] {logging_mixin.py:190} INFO - 2020-03-30 11:09:00
[2025-04-24T16:03:13.654+0000] {logging_mixin.py:190} INFO - 2020-08-12 10:55:00
[2025-04-24T16:03:14.266+0000] {logging_mixin.py:190} INFO - 2020-11-12 09:35:00
[2025-04-24T16:03:14.672+0000] {logging_mixin.py:190} INFO - 2020-05-30 09:28:00
[2025-04-24T16:03:15.033+0000] {logging_mixin.py:190} INFO - 2020-11-24 11:43:00
[2025-04-24T16:03:15.397+0000] {logging_mixin.py:190} INFO - 2021-01-10 17:15:00
[2025-04-24T16:03:15.796+0000] {logging_mixin.py:190} INFO - 2020-12-14 11:36:00
[2025-04-24T16:03:16.203+0000] {logging_mixin.py:190} INFO - 2020-06-21 12:22:00
[2025-04-24T16:03:16.619+0000] {logging_mixin.py:190} INFO - 2020-05-27 11:37:00
[2025-04-24T16:03:16.945+0000] {logging_mixin.py:190} INFO - 2020-11-02 12:41:00
[2025-04-24T16:03:17.743+0000] {logging_mixin.py:190} INFO - 2020-05-16 17:47:00
[2025-04-24T16:03:18.566+0000] {logging_mixin.py:190} INFO - 2020-02-14 09:33:00
[2025-04-24T16:03:19.175+0000] {logging_mixin.py:190} INFO - 2020-11-25 09:47:00
[2025-04-24T16:03:19.589+0000] {logging_mixin.py:190} INFO - 2020-08-19 12:34:00
[2025-04-24T16:03:20.101+0000] {logging_mixin.py:190} INFO - 2020-03-10 09:03:00
[2025-04-24T16:03:20.522+0000] {logging_mixin.py:190} INFO - 2020-10-28 09:42:00
[2025-04-24T16:03:21.061+0000] {logging_mixin.py:190} INFO - 2020-06-21 18:04:00
[2025-04-24T16:03:21.692+0000] {logging_mixin.py:190} INFO - 2020-02-04 15:18:00
[2025-04-24T16:03:22.299+0000] {logging_mixin.py:190} INFO - 2020-04-06 19:00:00
[2025-04-24T16:03:22.839+0000] {logging_mixin.py:190} INFO - 2020-08-16 14:02:00
[2025-04-24T16:03:24.109+0000] {logging_mixin.py:190} INFO - 2020-12-14 19:58:00
[2025-04-24T16:03:27.572+0000] {logging_mixin.py:190} INFO - 2020-08-08 19:01:00
[2025-04-24T16:03:37.078+0000] {logging_mixin.py:190} INFO - 2021-01-21 13:07:00
[2025-04-24T16:03:43.427+0000] {logging_mixin.py:190} INFO - 2020-10-11 20:29:00
[2025-04-24T16:03:44.068+0000] {logging_mixin.py:190} INFO - 2020-07-07 13:01:00
[2025-04-24T16:03:44.576+0000] {logging_mixin.py:190} INFO - 2020-07-23 17:07:00
[2025-04-24T16:03:45.026+0000] {logging_mixin.py:190} INFO - 2020-11-09 20:01:00
[2025-04-24T16:03:45.369+0000] {logging_mixin.py:190} INFO - 2020-07-20 18:09:00
[2025-04-24T16:03:45.879+0000] {logging_mixin.py:190} INFO - 2020-03-23 16:33:00
[2025-04-24T16:03:46.198+0000] {logging_mixin.py:190} INFO - 2020-05-29 20:28:00
[2025-04-24T16:03:47.013+0000] {logging_mixin.py:190} INFO - 2020-12-08 18:13:00
[2025-04-24T16:03:47.522+0000] {logging_mixin.py:190} INFO - 2020-03-24 14:33:00
[2025-04-24T16:03:47.887+0000] {job.py:229} INFO - Heartbeat recovered after 20.68 seconds
[2025-04-24T16:03:48.028+0000] {logging_mixin.py:190} INFO - 2020-04-11 18:43:00
[2025-04-24T16:03:48.751+0000] {logging_mixin.py:190} INFO - 2020-10-17 14:06:00
[2025-04-24T16:03:49.152+0000] {logging_mixin.py:190} INFO - 2020-11-15 09:33:00
[2025-04-24T16:03:49.571+0000] {logging_mixin.py:190} INFO - 2020-08-02 17:36:00
[2025-04-24T16:03:50.078+0000] {logging_mixin.py:190} INFO - 2020-03-28 09:38:00
[2025-04-24T16:03:50.493+0000] {logging_mixin.py:190} INFO - 2021-01-21 12:45:00
[2025-04-24T16:03:50.997+0000] {logging_mixin.py:190} INFO - 2020-09-05 20:52:00
[2025-04-24T16:03:51.412+0000] {logging_mixin.py:190} INFO - 2020-10-20 17:19:00
[2025-04-24T16:03:51.825+0000] {logging_mixin.py:190} INFO - 2020-06-29 10:34:00
[2025-04-24T16:03:52.338+0000] {logging_mixin.py:190} INFO - 2020-07-06 16:22:00
[2025-04-24T16:03:52.848+0000] {logging_mixin.py:190} INFO - 2020-01-01 17:02:00
[2025-04-24T16:03:53.276+0000] {logging_mixin.py:190} INFO - 2020-02-27 18:21:00
[2025-04-24T16:03:53.619+0000] {logging_mixin.py:190} INFO - 2020-04-09 15:59:00
[2025-04-24T16:03:54.713+0000] {logging_mixin.py:190} INFO - 2020-03-03 17:14:00
[2025-04-24T16:03:55.117+0000] {logging_mixin.py:190} INFO - 2020-03-07 11:40:00
[2025-04-24T16:03:55.447+0000] {logging_mixin.py:190} INFO - 2020-03-18 14:33:00
[2025-04-24T16:03:56.376+0000] {logging_mixin.py:190} INFO - 2020-01-03 17:22:00
[2025-04-24T16:03:56.760+0000] {logging_mixin.py:190} INFO - 2020-05-10 10:27:00
[2025-04-24T16:03:57.117+0000] {logging_mixin.py:190} INFO - 2020-04-13 10:03:00
[2025-04-24T16:03:57.584+0000] {logging_mixin.py:190} INFO - 2020-01-15 19:07:00
[2025-04-24T16:03:58.601+0000] {logging_mixin.py:190} INFO - 2020-01-22 18:37:00
[2025-04-24T16:03:59.014+0000] {logging_mixin.py:190} INFO - 2020-07-25 13:10:00
[2025-04-24T16:03:59.835+0000] {logging_mixin.py:190} INFO - 2020-12-29 16:58:00
[2025-04-24T16:04:00.259+0000] {logging_mixin.py:190} INFO - 2020-11-19 15:01:00
[2025-04-24T16:04:00.654+0000] {logging_mixin.py:190} INFO - 2020-01-21 10:54:00
[2025-04-24T16:04:01.057+0000] {logging_mixin.py:190} INFO - 2020-06-24 10:07:00
[2025-04-24T16:04:01.576+0000] {logging_mixin.py:190} INFO - 2020-09-05 13:30:00
[2025-04-24T16:04:01.993+0000] {logging_mixin.py:190} INFO - 2020-11-10 15:07:00
[2025-04-24T16:04:02.497+0000] {logging_mixin.py:190} INFO - 2020-05-16 14:15:00
[2025-04-24T16:04:02.906+0000] {logging_mixin.py:190} INFO - 2020-11-13 10:39:00
[2025-04-24T16:04:03.311+0000] {logging_mixin.py:190} INFO - 2020-03-21 18:41:00
[2025-04-24T16:04:03.722+0000] {logging_mixin.py:190} INFO - 2020-01-04 10:35:00
[2025-04-24T16:04:04.130+0000] {logging_mixin.py:190} INFO - 2020-10-01 15:53:00
[2025-04-24T16:04:04.545+0000] {logging_mixin.py:190} INFO - 2020-11-16 19:13:00
[2025-04-24T16:04:04.956+0000] {logging_mixin.py:190} INFO - 2021-01-19 11:54:00
[2025-04-24T16:04:05.368+0000] {logging_mixin.py:190} INFO - 2020-02-21 09:16:00
[2025-04-24T16:04:05.773+0000] {logging_mixin.py:190} INFO - 2020-08-10 09:36:00
[2025-04-24T16:04:06.111+0000] {logging_mixin.py:190} INFO - 2020-02-04 17:38:00
[2025-04-24T16:04:06.613+0000] {logging_mixin.py:190} INFO - 2020-08-09 09:36:00
[2025-04-24T16:04:07.000+0000] {logging_mixin.py:190} INFO - 2020-04-01 13:46:00
[2025-04-24T16:04:07.420+0000] {logging_mixin.py:190} INFO - 2020-05-29 09:19:00
[2025-04-24T16:04:07.822+0000] {logging_mixin.py:190} INFO - 2020-03-14 15:35:00
[2025-04-24T16:04:08.234+0000] {logging_mixin.py:190} INFO - 2020-12-23 13:27:00
[2025-04-24T16:04:08.748+0000] {logging_mixin.py:190} INFO - 2021-01-05 19:17:00
[2025-04-24T16:04:09.073+0000] {logging_mixin.py:190} INFO - 2020-07-14 18:35:00
[2025-04-24T16:04:09.408+0000] {logging_mixin.py:190} INFO - 2020-12-19 13:51:00
[2025-04-24T16:04:09.872+0000] {logging_mixin.py:190} INFO - 2020-01-02 11:56:00
[2025-04-24T16:04:10.462+0000] {logging_mixin.py:190} INFO - 2020-12-01 15:35:00
[2025-04-24T16:04:10.792+0000] {logging_mixin.py:190} INFO - 2020-05-22 18:49:00
[2025-04-24T16:04:11.215+0000] {logging_mixin.py:190} INFO - 2020-06-19 19:11:00
[2025-04-24T16:04:11.615+0000] {logging_mixin.py:190} INFO - 2020-05-23 17:00:00
[2025-04-24T16:04:12.020+0000] {logging_mixin.py:190} INFO - 2021-01-07 19:55:00
[2025-04-24T16:04:12.438+0000] {logging_mixin.py:190} INFO - 2020-07-30 12:15:00
[2025-04-24T16:04:12.838+0000] {logging_mixin.py:190} INFO - 2020-10-30 09:45:00
[2025-04-24T16:04:13.308+0000] {logging_mixin.py:190} INFO - 2020-02-02 11:44:00
[2025-04-24T16:04:13.803+0000] {logging_mixin.py:190} INFO - 2020-10-19 18:35:00
[2025-04-24T16:04:14.294+0000] {logging_mixin.py:190} INFO - 2020-11-21 14:38:00
[2025-04-24T16:04:14.814+0000] {logging_mixin.py:190} INFO - 2020-03-14 12:26:00
[2025-04-24T16:04:15.197+0000] {logging_mixin.py:190} INFO - 2020-03-27 14:43:00
[2025-04-24T16:04:15.635+0000] {logging_mixin.py:190} INFO - 2020-10-01 11:53:00
[2025-04-24T16:04:16.484+0000] {logging_mixin.py:190} INFO - 2020-04-22 16:49:00
[2025-04-24T16:04:17.085+0000] {logging_mixin.py:190} INFO - 2020-12-21 12:12:00
[2025-04-24T16:04:18.603+0000] {logging_mixin.py:190} INFO - 2020-06-27 15:13:00
[2025-04-24T16:04:22.222+0000] {logging_mixin.py:190} INFO - 2020-04-26 19:11:00
[2025-04-24T16:04:35.692+0000] {job.py:229} INFO - Heartbeat recovered after 22.48 seconds
[2025-04-24T16:04:35.709+0000] {logging_mixin.py:190} INFO - 2020-01-06 09:32:00
[2025-04-24T16:04:36.270+0000] {logging_mixin.py:190} INFO - 2020-02-04 15:14:00
[2025-04-24T16:04:36.635+0000] {logging_mixin.py:190} INFO - 2020-07-13 19:13:00
[2025-04-24T16:04:36.996+0000] {logging_mixin.py:190} INFO - 2020-08-23 19:35:00
[2025-04-24T16:04:37.505+0000] {logging_mixin.py:190} INFO - 2020-08-17 20:13:00
[2025-04-24T16:04:37.907+0000] {logging_mixin.py:190} INFO - 2020-09-22 17:08:00
[2025-04-24T16:04:38.317+0000] {logging_mixin.py:190} INFO - 2021-01-13 09:02:00
[2025-04-24T16:04:38.727+0000] {logging_mixin.py:190} INFO - 2020-02-06 11:35:00
[2025-04-24T16:04:39.141+0000] {logging_mixin.py:190} INFO - 2020-02-27 09:47:00
[2025-04-24T16:04:39.547+0000] {logging_mixin.py:190} INFO - 2020-03-14 18:48:00
[2025-04-24T16:04:39.990+0000] {logging_mixin.py:190} INFO - 2021-01-08 10:18:00
[2025-04-24T16:04:40.372+0000] {logging_mixin.py:190} INFO - 2020-01-28 12:55:00
[2025-04-24T16:04:40.738+0000] {logging_mixin.py:190} INFO - 2020-07-15 20:52:00
[2025-04-24T16:04:41.081+0000] {logging_mixin.py:190} INFO - 2020-08-05 11:19:00
[2025-04-24T16:04:41.433+0000] {logging_mixin.py:190} INFO - 2020-01-27 19:15:00
[2025-04-24T16:04:41.789+0000] {logging_mixin.py:190} INFO - 2020-02-16 17:31:00
[2025-04-24T16:04:42.210+0000] {logging_mixin.py:190} INFO - 2020-10-07 16:52:00
[2025-04-24T16:04:42.575+0000] {logging_mixin.py:190} INFO - 2020-04-21 11:52:00
[2025-04-24T16:04:43.033+0000] {logging_mixin.py:190} INFO - 2020-09-14 19:31:00
[2025-04-24T16:04:43.442+0000] {logging_mixin.py:190} INFO - 2020-03-22 11:35:00
[2025-04-24T16:04:43.814+0000] {logging_mixin.py:190} INFO - 2020-12-09 15:03:00
[2025-04-24T16:04:44.264+0000] {logging_mixin.py:190} INFO - 2020-07-10 18:16:00
[2025-04-24T16:04:44.660+0000] {logging_mixin.py:190} INFO - 2020-09-17 10:21:00
[2025-04-24T16:04:45.077+0000] {logging_mixin.py:190} INFO - 2021-01-07 10:53:00
[2025-04-24T16:04:45.554+0000] {logging_mixin.py:190} INFO - 2020-08-27 16:26:00
[2025-04-24T16:04:45.999+0000] {logging_mixin.py:190} INFO - 2020-06-04 12:25:00
[2025-04-24T16:04:46.408+0000] {logging_mixin.py:190} INFO - 2020-05-10 17:05:00
[2025-04-24T16:04:46.818+0000] {logging_mixin.py:190} INFO - 2021-01-10 19:41:00
[2025-04-24T16:04:47.232+0000] {logging_mixin.py:190} INFO - 2020-11-15 16:44:00
[2025-04-24T16:04:47.643+0000] {logging_mixin.py:190} INFO - 2020-12-19 13:36:00
[2025-04-24T16:04:48.164+0000] {logging_mixin.py:190} INFO - 2020-06-11 09:43:00
[2025-04-24T16:04:48.574+0000] {logging_mixin.py:190} INFO - 2020-02-27 16:46:00
[2025-04-24T16:04:48.968+0000] {logging_mixin.py:190} INFO - 2020-04-16 20:44:00
[2025-04-24T16:04:49.380+0000] {logging_mixin.py:190} INFO - 2020-06-28 11:57:00
[2025-04-24T16:04:50.304+0000] {logging_mixin.py:190} INFO - 2020-10-07 09:57:00
[2025-04-24T16:04:50.713+0000] {logging_mixin.py:190} INFO - 2020-08-01 14:27:00
[2025-04-24T16:04:51.120+0000] {logging_mixin.py:190} INFO - 2020-08-20 19:33:00
[2025-04-24T16:04:51.526+0000] {logging_mixin.py:190} INFO - 2020-07-16 09:38:00
[2025-04-24T16:04:51.936+0000] {logging_mixin.py:190} INFO - 2020-10-04 09:53:00
[2025-04-24T16:04:52.350+0000] {logging_mixin.py:190} INFO - 2020-06-19 13:34:00
[2025-04-24T16:04:52.688+0000] {logging_mixin.py:190} INFO - 2020-07-06 12:38:00
[2025-04-24T16:04:53.036+0000] {logging_mixin.py:190} INFO - 2020-07-21 14:43:00
[2025-04-24T16:04:53.474+0000] {logging_mixin.py:190} INFO - 2020-10-25 17:28:00
[2025-04-24T16:04:53.883+0000] {logging_mixin.py:190} INFO - 2020-06-07 18:54:00
[2025-04-24T16:04:54.300+0000] {logging_mixin.py:190} INFO - 2020-08-31 17:46:00
[2025-04-24T16:04:54.702+0000] {logging_mixin.py:190} INFO - 2020-02-12 15:34:00
[2025-04-24T16:04:55.112+0000] {logging_mixin.py:190} INFO - 2020-09-20 14:33:00
[2025-04-24T16:04:55.522+0000] {logging_mixin.py:190} INFO - 2020-05-14 15:02:00
[2025-04-24T16:04:55.831+0000] {logging_mixin.py:190} INFO - 2020-08-05 10:17:00
[2025-04-24T16:04:56.244+0000] {logging_mixin.py:190} INFO - 2020-07-10 10:31:00
[2025-04-24T16:04:56.652+0000] {logging_mixin.py:190} INFO - 2020-11-04 10:39:00
[2025-04-24T16:04:57.056+0000] {logging_mixin.py:190} INFO - 2020-12-30 17:56:00
[2025-04-24T16:04:57.352+0000] {logging_mixin.py:190} INFO - 2020-08-30 12:36:00
[2025-04-24T16:04:57.886+0000] {logging_mixin.py:190} INFO - 2020-01-29 11:59:00
[2025-04-24T16:04:58.293+0000] {logging_mixin.py:190} INFO - 2020-12-26 17:24:00
[2025-04-24T16:04:58.700+0000] {logging_mixin.py:190} INFO - 2020-08-15 16:40:00
[2025-04-24T16:04:59.105+0000] {logging_mixin.py:190} INFO - 2020-10-02 10:54:00
[2025-04-24T16:04:59.519+0000] {logging_mixin.py:190} INFO - 2020-04-02 20:26:00
[2025-04-24T16:05:00.553+0000] {logging_mixin.py:190} INFO - 2020-01-03 17:09:00
[2025-04-24T16:05:00.969+0000] {logging_mixin.py:190} INFO - 2020-01-01 12:08:00
[2025-04-24T16:05:01.371+0000] {logging_mixin.py:190} INFO - 2020-07-23 15:57:00
[2025-04-24T16:05:01.707+0000] {logging_mixin.py:190} INFO - 2020-06-01 14:19:00
[2025-04-24T16:05:02.298+0000] {logging_mixin.py:190} INFO - 2020-09-19 11:07:00
[2025-04-24T16:05:02.649+0000] {logging_mixin.py:190} INFO - 2020-09-19 11:57:00
[2025-04-24T16:05:03.133+0000] {logging_mixin.py:190} INFO - 2020-10-20 15:43:00
[2025-04-24T16:05:03.679+0000] {logging_mixin.py:190} INFO - 2020-06-19 16:52:00
[2025-04-24T16:05:04.127+0000] {logging_mixin.py:190} INFO - 2020-12-11 18:04:00
[2025-04-24T16:05:04.634+0000] {logging_mixin.py:190} INFO - 2020-05-17 17:08:00
[2025-04-24T16:05:05.143+0000] {logging_mixin.py:190} INFO - 2021-01-26 14:09:00
[2025-04-24T16:05:05.907+0000] {logging_mixin.py:190} INFO - 2020-07-12 15:28:00
[2025-04-24T16:05:06.488+0000] {logging_mixin.py:190} INFO - 2020-08-20 19:37:00
[2025-04-24T16:05:07.242+0000] {logging_mixin.py:190} INFO - 2020-06-09 20:39:00
[2025-04-24T16:05:08.054+0000] {logging_mixin.py:190} INFO - 2020-02-01 20:21:00
[2025-04-24T16:05:08.643+0000] {logging_mixin.py:190} INFO - 2020-08-08 20:02:00
[2025-04-24T16:05:09.315+0000] {logging_mixin.py:190} INFO - 2020-05-17 11:20:00
[2025-04-24T16:05:11.056+0000] {logging_mixin.py:190} INFO - 2020-04-03 09:56:00
[2025-04-24T16:05:11.561+0000] {logging_mixin.py:190} INFO - 2020-01-10 09:41:00
[2025-04-24T16:05:11.990+0000] {logging_mixin.py:190} INFO - 2020-06-01 10:49:00
[2025-04-24T16:05:12.389+0000] {logging_mixin.py:190} INFO - 2020-06-03 20:23:00
[2025-04-24T16:05:12.768+0000] {logging_mixin.py:190} INFO - 2020-03-13 18:37:00
[2025-04-24T16:05:13.114+0000] {logging_mixin.py:190} INFO - 2020-02-04 13:53:00
[2025-04-24T16:05:13.446+0000] {logging_mixin.py:190} INFO - 2020-07-02 11:03:00
[2025-04-24T16:05:13.900+0000] {logging_mixin.py:190} INFO - 2020-08-25 15:30:00
[2025-04-24T16:05:14.303+0000] {logging_mixin.py:190} INFO - 2020-12-24 13:43:00
[2025-04-24T16:05:14.635+0000] {logging_mixin.py:190} INFO - 2020-12-31 15:40:00
[2025-04-24T16:05:15.035+0000] {logging_mixin.py:190} INFO - 2020-10-10 19:39:00
[2025-04-24T16:05:15.412+0000] {logging_mixin.py:190} INFO - 2020-06-02 20:57:00
[2025-04-24T16:05:15.845+0000] {logging_mixin.py:190} INFO - 2020-09-06 15:02:00
[2025-04-24T16:05:16.251+0000] {logging_mixin.py:190} INFO - 2020-04-21 16:27:00
[2025-04-24T16:05:16.572+0000] {logging_mixin.py:190} INFO - 2020-11-28 17:52:00
[2025-04-24T16:05:16.973+0000] {logging_mixin.py:190} INFO - 2020-09-05 18:53:00
[2025-04-24T16:05:17.316+0000] {logging_mixin.py:190} INFO - 2020-01-04 14:09:00
[2025-04-24T16:05:18.298+0000] {logging_mixin.py:190} INFO - 2021-01-24 20:44:00
[2025-04-24T16:05:18.610+0000] {logging_mixin.py:190} INFO - 2020-07-30 09:02:00
[2025-04-24T16:05:18.990+0000] {logging_mixin.py:190} INFO - 2020-04-19 17:38:00
[2025-04-24T16:05:19.313+0000] {logging_mixin.py:190} INFO - 2020-07-26 13:51:00
[2025-04-24T16:05:19.687+0000] {logging_mixin.py:190} INFO - 2020-06-17 18:20:00
[2025-04-24T16:05:19.991+0000] {logging_mixin.py:190} INFO - 2020-09-30 11:08:00
[2025-04-24T16:05:20.447+0000] {logging_mixin.py:190} INFO - 2020-01-13 11:36:00
[2025-04-24T16:05:20.863+0000] {logging_mixin.py:190} INFO - 2020-11-30 14:55:00
[2025-04-24T16:05:21.195+0000] {logging_mixin.py:190} INFO - 2020-05-24 15:59:00
[2025-04-24T16:05:21.574+0000] {logging_mixin.py:190} INFO - 2020-01-30 17:51:00
[2025-04-24T16:05:21.990+0000] {logging_mixin.py:190} INFO - 2020-11-18 11:56:00
[2025-04-24T16:05:22.400+0000] {logging_mixin.py:190} INFO - 2021-01-21 15:12:00
[2025-04-24T16:05:22.806+0000] {logging_mixin.py:190} INFO - 2020-05-24 17:07:00
[2025-04-24T16:05:23.218+0000] {logging_mixin.py:190} INFO - 2020-07-29 11:01:00
[2025-04-24T16:05:23.572+0000] {logging_mixin.py:190} INFO - 2020-12-01 20:20:00
[2025-04-24T16:05:23.935+0000] {logging_mixin.py:190} INFO - 2020-02-28 11:31:00
[2025-04-24T16:05:24.342+0000] {logging_mixin.py:190} INFO - 2020-12-17 18:19:00
[2025-04-24T16:05:24.754+0000] {logging_mixin.py:190} INFO - 2020-09-12 17:41:00
[2025-04-24T16:05:25.159+0000] {logging_mixin.py:190} INFO - 2020-12-17 15:35:00
[2025-04-24T16:05:25.575+0000] {logging_mixin.py:190} INFO - 2020-07-08 11:03:00
[2025-04-24T16:05:25.983+0000] {logging_mixin.py:190} INFO - 2020-08-29 18:43:00
[2025-04-24T16:05:26.335+0000] {logging_mixin.py:190} INFO - 2020-05-16 16:41:00
[2025-04-24T16:05:26.804+0000] {logging_mixin.py:190} INFO - 2020-06-22 15:53:00
[2025-04-24T16:05:27.209+0000] {logging_mixin.py:190} INFO - 2020-01-18 15:39:00
[2025-04-24T16:05:27.619+0000] {logging_mixin.py:190} INFO - 2020-06-06 14:05:00
[2025-04-24T16:05:28.044+0000] {logging_mixin.py:190} INFO - 2020-11-14 15:37:00
[2025-04-24T16:05:28.434+0000] {logging_mixin.py:190} INFO - 2020-03-21 19:11:00
[2025-04-24T16:05:28.846+0000] {logging_mixin.py:190} INFO - 2020-05-11 12:04:00
[2025-04-24T16:05:29.667+0000] {logging_mixin.py:190} INFO - 2020-10-01 19:58:00
[2025-04-24T16:05:30.078+0000] {logging_mixin.py:190} INFO - 2020-09-10 12:35:00
[2025-04-24T16:05:30.492+0000] {logging_mixin.py:190} INFO - 2020-03-23 12:49:00
[2025-04-24T16:06:05.988+0000] {logging_mixin.py:190} INFO - 2020-08-05 20:03:00
[2025-04-24T16:06:06.491+0000] {logging_mixin.py:190} INFO - 2020-02-10 10:38:00
[2025-04-24T16:06:06.960+0000] {logging_mixin.py:190} INFO - 2020-09-25 10:30:00
[2025-04-24T16:06:07.349+0000] {logging_mixin.py:190} INFO - 2020-12-19 11:38:00
[2025-04-24T16:06:07.780+0000] {logging_mixin.py:190} INFO - 2020-06-06 18:48:00
[2025-04-24T16:06:08.224+0000] {job.py:229} INFO - Heartbeat recovered after 40.18 seconds
[2025-04-24T16:06:08.291+0000] {logging_mixin.py:190} INFO - 2020-01-03 09:28:00
[2025-04-24T16:06:08.674+0000] {logging_mixin.py:190} INFO - 2020-05-08 19:28:00
[2025-04-24T16:06:09.126+0000] {logging_mixin.py:190} INFO - 2020-02-27 10:05:00
[2025-04-24T16:06:09.579+0000] {logging_mixin.py:190} INFO - 2021-01-01 20:31:00
[2025-04-24T16:06:09.906+0000] {logging_mixin.py:190} INFO - 2020-06-19 14:45:00
[2025-04-24T16:06:10.236+0000] {logging_mixin.py:190} INFO - 2020-02-12 17:02:00
[2025-04-24T16:06:10.720+0000] {logging_mixin.py:190} INFO - 2020-10-23 19:11:00
[2025-04-24T16:06:11.015+0000] {logging_mixin.py:190} INFO - 2020-09-28 14:40:00
[2025-04-24T16:06:11.354+0000] {logging_mixin.py:190} INFO - 2020-04-28 16:39:00
[2025-04-24T16:06:11.696+0000] {logging_mixin.py:190} INFO - 2020-02-28 20:37:00
[2025-04-24T16:06:12.074+0000] {logging_mixin.py:190} INFO - 2020-08-13 12:13:00
[2025-04-24T16:06:12.492+0000] {logging_mixin.py:190} INFO - 2020-10-17 15:07:00
[2025-04-24T16:06:12.890+0000] {logging_mixin.py:190} INFO - 2020-10-27 17:29:00
[2025-04-24T16:06:13.235+0000] {logging_mixin.py:190} INFO - 2020-03-24 15:04:00
[2025-04-24T16:06:13.659+0000] {logging_mixin.py:190} INFO - 2020-08-11 12:23:00
[2025-04-24T16:06:14.077+0000] {logging_mixin.py:190} INFO - 2020-01-04 16:10:00
[2025-04-24T16:06:14.412+0000] {logging_mixin.py:190} INFO - 2020-02-28 10:48:00
[2025-04-24T16:06:14.794+0000] {logging_mixin.py:190} INFO - 2020-06-30 10:22:00
[2025-04-24T16:06:15.246+0000] {logging_mixin.py:190} INFO - 2020-07-09 17:03:00
[2025-04-24T16:06:15.589+0000] {logging_mixin.py:190} INFO - 2020-10-31 15:28:00
[2025-04-24T16:06:16.026+0000] {logging_mixin.py:190} INFO - 2020-06-24 11:12:00
[2025-04-24T16:06:16.435+0000] {logging_mixin.py:190} INFO - 2020-06-09 20:36:00
[2025-04-24T16:06:16.861+0000] {logging_mixin.py:190} INFO - 2020-06-16 20:41:00
[2025-04-24T16:06:17.255+0000] {logging_mixin.py:190} INFO - 2020-02-02 19:29:00
[2025-04-24T16:06:17.674+0000] {logging_mixin.py:190} INFO - 2020-04-19 09:41:00
[2025-04-24T16:06:18.120+0000] {logging_mixin.py:190} INFO - 2020-03-15 11:32:00
[2025-04-24T16:06:18.496+0000] {logging_mixin.py:190} INFO - 2020-05-04 15:01:00
[2025-04-24T16:06:18.957+0000] {logging_mixin.py:190} INFO - 2021-01-15 10:47:00
[2025-04-24T16:06:19.527+0000] {logging_mixin.py:190} INFO - 2020-01-16 16:04:00
[2025-04-24T16:06:20.146+0000] {logging_mixin.py:190} INFO - 2020-08-31 13:06:00
[2025-04-24T16:06:21.571+0000] {logging_mixin.py:190} INFO - 2020-01-12 15:31:00
[2025-04-24T16:06:29.088+0000] {logging_mixin.py:190} INFO - 2020-09-19 15:21:00
[2025-04-24T16:06:29.115+0000] {job.py:229} INFO - Heartbeat recovered after 10.76 seconds
[2025-04-24T16:06:29.539+0000] {logging_mixin.py:190} INFO - 2020-11-21 09:22:00
[2025-04-24T16:06:29.948+0000] {logging_mixin.py:190} INFO - 2020-05-22 13:37:00
[2025-04-24T16:06:30.364+0000] {logging_mixin.py:190} INFO - 2020-07-17 18:42:00
[2025-04-24T16:06:30.768+0000] {logging_mixin.py:190} INFO - 2020-04-07 13:28:00
[2025-04-24T16:06:31.281+0000] {logging_mixin.py:190} INFO - 2020-09-11 10:49:00
[2025-04-24T16:06:31.696+0000] {logging_mixin.py:190} INFO - 2020-11-14 17:09:00
[2025-04-24T16:06:32.099+0000] {logging_mixin.py:190} INFO - 2020-02-16 10:19:00
[2025-04-24T16:06:32.513+0000] {logging_mixin.py:190} INFO - 2020-11-26 19:21:00
[2025-04-24T16:06:33.022+0000] {logging_mixin.py:190} INFO - 2020-07-03 12:06:00
[2025-04-24T16:06:33.435+0000] {logging_mixin.py:190} INFO - 2020-06-17 13:52:00
[2025-04-24T16:06:33.813+0000] {logging_mixin.py:190} INFO - 2020-11-24 20:58:00
[2025-04-24T16:06:34.157+0000] {logging_mixin.py:190} INFO - 2020-06-09 14:54:00
[2025-04-24T16:06:34.501+0000] {logging_mixin.py:190} INFO - 2021-01-26 20:28:00
[2025-04-24T16:06:34.866+0000] {logging_mixin.py:190} INFO - 2020-06-29 20:26:00
[2025-04-24T16:06:35.790+0000] {logging_mixin.py:190} INFO - 2020-08-08 20:17:00
[2025-04-24T16:06:36.196+0000] {logging_mixin.py:190} INFO - 2020-11-11 11:03:00
[2025-04-24T16:06:36.529+0000] {logging_mixin.py:190} INFO - 2020-11-05 18:28:00
[2025-04-24T16:06:36.876+0000] {logging_mixin.py:190} INFO - 2020-09-07 11:39:00
[2025-04-24T16:06:37.323+0000] {logging_mixin.py:190} INFO - 2020-06-20 09:58:00
[2025-04-24T16:06:37.627+0000] {logging_mixin.py:190} INFO - 2020-05-10 18:34:00
[2025-04-24T16:06:38.000+0000] {logging_mixin.py:190} INFO - 2020-05-04 11:13:00
[2025-04-24T16:06:38.346+0000] {logging_mixin.py:190} INFO - 2021-01-18 09:26:00
[2025-04-24T16:06:38.662+0000] {logging_mixin.py:190} INFO - 2020-12-15 15:12:00
[2025-04-24T16:06:39.067+0000] {logging_mixin.py:190} INFO - 2020-08-06 14:30:00
[2025-04-24T16:06:39.783+0000] {logging_mixin.py:190} INFO - 2020-12-18 17:16:00
[2025-04-24T16:06:40.109+0000] {logging_mixin.py:190} INFO - 2020-03-24 17:45:00
[2025-04-24T16:06:40.467+0000] {logging_mixin.py:190} INFO - 2020-12-26 19:43:00
[2025-04-24T16:06:40.801+0000] {logging_mixin.py:190} INFO - 2020-01-31 12:33:00
[2025-04-24T16:06:41.213+0000] {logging_mixin.py:190} INFO - 2020-11-23 15:12:00
[2025-04-24T16:06:41.626+0000] {logging_mixin.py:190} INFO - 2020-09-04 09:49:00
[2025-04-24T16:06:41.933+0000] {logging_mixin.py:190} INFO - 2020-04-24 15:41:00
[2025-04-24T16:06:42.345+0000] {logging_mixin.py:190} INFO - 2020-04-27 09:18:00
[2025-04-24T16:06:42.751+0000] {logging_mixin.py:190} INFO - 2020-04-03 17:41:00
[2025-04-24T16:06:43.370+0000] {logging_mixin.py:190} INFO - 2020-05-31 17:16:00
[2025-04-24T16:06:43.778+0000] {logging_mixin.py:190} INFO - 2020-10-19 12:05:00
[2025-04-24T16:06:44.133+0000] {logging_mixin.py:190} INFO - 2020-05-08 09:08:00
[2025-04-24T16:06:44.510+0000] {logging_mixin.py:190} INFO - 2020-01-02 20:04:00
[2025-04-24T16:06:44.903+0000] {logging_mixin.py:190} INFO - 2020-03-31 10:22:00
[2025-04-24T16:06:45.308+0000] {logging_mixin.py:190} INFO - 2020-08-09 09:08:00
[2025-04-24T16:06:45.729+0000] {logging_mixin.py:190} INFO - 2020-06-28 20:39:00
[2025-04-24T16:06:46.132+0000] {logging_mixin.py:190} INFO - 2020-08-11 15:58:00
[2025-04-24T16:06:46.541+0000] {logging_mixin.py:190} INFO - 2020-08-12 19:53:00
[2025-04-24T16:06:46.891+0000] {logging_mixin.py:190} INFO - 2020-05-08 14:13:00
[2025-04-24T16:06:47.258+0000] {logging_mixin.py:190} INFO - 2020-01-24 14:03:00
[2025-04-24T16:06:47.672+0000] {logging_mixin.py:190} INFO - 2020-05-01 10:38:00
[2025-04-24T16:06:48.083+0000] {logging_mixin.py:190} INFO - 2021-01-03 15:23:00
[2025-04-24T16:06:48.484+0000] {logging_mixin.py:190} INFO - 2020-12-07 20:27:00
[2025-04-24T16:06:48.894+0000] {logging_mixin.py:190} INFO - 2020-01-08 09:24:00
[2025-04-24T16:06:49.404+0000] {logging_mixin.py:190} INFO - 2020-11-28 10:23:00
[2025-04-24T16:06:49.815+0000] {logging_mixin.py:190} INFO - 2020-12-13 09:03:00
[2025-04-24T16:06:50.223+0000] {logging_mixin.py:190} INFO - 2020-08-04 18:20:00
[2025-04-24T16:06:50.638+0000] {logging_mixin.py:190} INFO - 2020-12-29 09:03:00
[2025-04-24T16:06:51.042+0000] {logging_mixin.py:190} INFO - 2020-09-23 13:01:00
[2025-04-24T16:06:51.453+0000] {logging_mixin.py:190} INFO - 2020-09-17 20:15:00
[2025-04-24T16:06:51.867+0000] {logging_mixin.py:190} INFO - 2020-08-07 18:03:00
[2025-04-24T16:06:52.273+0000] {logging_mixin.py:190} INFO - 2020-11-28 17:38:00
[2025-04-24T16:06:53.091+0000] {logging_mixin.py:190} INFO - 2020-10-29 13:02:00
[2025-04-24T16:06:53.502+0000] {logging_mixin.py:190} INFO - 2020-12-21 09:01:00
[2025-04-24T16:06:53.918+0000] {logging_mixin.py:190} INFO - 2020-07-17 09:06:00
[2025-04-24T16:06:54.319+0000] {logging_mixin.py:190} INFO - 2020-04-18 12:18:00
[2025-04-24T16:06:54.734+0000] {logging_mixin.py:190} INFO - 2020-05-20 18:37:00
[2025-04-24T16:06:55.136+0000] {logging_mixin.py:190} INFO - 2020-11-07 16:34:00
[2025-04-24T16:06:55.469+0000] {logging_mixin.py:190} INFO - 2020-02-29 12:43:00
[2025-04-24T16:06:55.823+0000] {logging_mixin.py:190} INFO - 2020-02-09 14:31:00
[2025-04-24T16:06:56.331+0000] {logging_mixin.py:190} INFO - 2020-02-22 14:13:00
[2025-04-24T16:06:56.786+0000] {logging_mixin.py:190} INFO - 2020-01-30 14:08:00
[2025-04-24T16:06:57.172+0000] {logging_mixin.py:190} INFO - 2020-03-14 09:45:00
[2025-04-24T16:06:57.600+0000] {logging_mixin.py:190} INFO - 2020-01-06 20:09:00
[2025-04-24T16:06:58.010+0000] {logging_mixin.py:190} INFO - 2020-08-24 17:40:00
[2025-04-24T16:06:58.622+0000] {logging_mixin.py:190} INFO - 2021-01-04 10:27:00
[2025-04-24T16:06:59.032+0000] {logging_mixin.py:190} INFO - 2020-09-27 10:57:00
[2025-04-24T16:06:59.393+0000] {logging_mixin.py:190} INFO - 2020-06-14 18:27:00
[2025-04-24T16:07:00.000+0000] {logging_mixin.py:190} INFO - 2020-04-20 13:51:00
[2025-04-24T16:07:00.294+0000] {logging_mixin.py:190} INFO - 2020-06-16 15:37:00
[2025-04-24T16:07:00.624+0000] {logging_mixin.py:190} INFO - 2020-05-11 13:17:00
[2025-04-24T16:07:00.972+0000] {logging_mixin.py:190} INFO - 2020-07-19 09:39:00
[2025-04-24T16:07:01.284+0000] {logging_mixin.py:190} INFO - 2020-05-31 15:31:00
[2025-04-24T16:07:01.621+0000] {logging_mixin.py:190} INFO - 2020-01-07 10:55:00
[2025-04-24T16:07:02.004+0000] {logging_mixin.py:190} INFO - 2021-01-22 17:41:00
[2025-04-24T16:07:02.357+0000] {logging_mixin.py:190} INFO - 2020-09-28 15:33:00
[2025-04-24T16:07:02.688+0000] {logging_mixin.py:190} INFO - 2020-09-11 15:21:00
[2025-04-24T16:07:03.261+0000] {logging_mixin.py:190} INFO - 2020-11-21 20:46:00
[2025-04-24T16:07:03.564+0000] {logging_mixin.py:190} INFO - 2020-05-22 13:08:00
[2025-04-24T16:07:03.944+0000] {logging_mixin.py:190} INFO - 2020-05-07 16:47:00
[2025-04-24T16:07:04.328+0000] {logging_mixin.py:190} INFO - 2020-05-28 12:30:00
[2025-04-24T16:07:04.642+0000] {logging_mixin.py:190} INFO - 2020-01-01 20:01:00
[2025-04-24T16:07:04.980+0000] {logging_mixin.py:190} INFO - 2020-03-19 10:43:00
[2025-04-24T16:07:05.382+0000] {logging_mixin.py:190} INFO - 2020-05-30 19:48:00
[2025-04-24T16:07:05.720+0000] {logging_mixin.py:190} INFO - 2020-05-29 17:25:00
[2025-04-24T16:07:06.071+0000] {logging_mixin.py:190} INFO - 2020-12-27 14:13:00
[2025-04-24T16:07:06.471+0000] {logging_mixin.py:190} INFO - 2020-02-16 12:53:00
[2025-04-24T16:07:06.767+0000] {logging_mixin.py:190} INFO - 2020-12-27 13:00:00
[2025-04-24T16:07:07.128+0000] {logging_mixin.py:190} INFO - 2020-01-24 19:44:00
[2025-04-24T16:07:07.493+0000] {logging_mixin.py:190} INFO - 2020-02-02 16:43:00
[2025-04-24T16:07:07.813+0000] {logging_mixin.py:190} INFO - 2021-01-11 20:19:00
[2025-04-24T16:07:08.171+0000] {logging_mixin.py:190} INFO - 2020-08-26 09:25:00
[2025-04-24T16:07:08.536+0000] {logging_mixin.py:190} INFO - 2020-02-25 12:10:00
[2025-04-24T16:07:08.907+0000] {logging_mixin.py:190} INFO - 2020-04-03 09:53:00
[2025-04-24T16:07:09.231+0000] {logging_mixin.py:190} INFO - 2020-10-03 18:03:00
[2025-04-24T16:07:09.580+0000] {logging_mixin.py:190} INFO - 2021-01-19 19:04:00
[2025-04-24T16:07:09.930+0000] {logging_mixin.py:190} INFO - 2020-05-06 12:36:00
[2025-04-24T16:07:10.267+0000] {logging_mixin.py:190} INFO - 2021-01-11 14:45:00
[2025-04-24T16:07:10.670+0000] {logging_mixin.py:190} INFO - 2020-03-15 11:56:00
[2025-04-24T16:07:10.990+0000] {logging_mixin.py:190} INFO - 2020-08-03 12:32:00
[2025-04-24T16:07:11.335+0000] {logging_mixin.py:190} INFO - 2020-12-12 18:34:00
[2025-04-24T16:07:11.662+0000] {logging_mixin.py:190} INFO - 2020-08-03 13:23:00
[2025-04-24T16:07:12.009+0000] {logging_mixin.py:190} INFO - 2020-01-09 16:17:00
[2025-04-24T16:07:12.372+0000] {logging_mixin.py:190} INFO - 2020-09-17 14:20:00
[2025-04-24T16:07:12.713+0000] {logging_mixin.py:190} INFO - 2020-10-20 11:36:00
[2025-04-24T16:07:13.059+0000] {logging_mixin.py:190} INFO - 2020-12-10 15:00:00
[2025-04-24T16:07:13.481+0000] {logging_mixin.py:190} INFO - 2020-02-21 16:02:00
[2025-04-24T16:07:13.799+0000] {logging_mixin.py:190} INFO - 2020-02-19 20:35:00
[2025-04-24T16:07:14.137+0000] {logging_mixin.py:190} INFO - 2021-01-31 13:27:00
[2025-04-24T16:07:14.541+0000] {logging_mixin.py:190} INFO - 2020-02-13 18:21:00
[2025-04-24T16:07:15.070+0000] {logging_mixin.py:190} INFO - 2020-01-30 11:27:00
[2025-04-24T16:07:15.434+0000] {logging_mixin.py:190} INFO - 2020-02-23 10:14:00
[2025-04-24T16:07:15.781+0000] {logging_mixin.py:190} INFO - 2020-02-21 13:08:00
[2025-04-24T16:07:16.116+0000] {logging_mixin.py:190} INFO - 2020-05-07 17:54:00
[2025-04-24T16:07:16.521+0000] {logging_mixin.py:190} INFO - 2020-05-20 10:30:00
[2025-04-24T16:07:16.857+0000] {logging_mixin.py:190} INFO - 2020-10-12 17:10:00
[2025-04-24T16:07:17.219+0000] {logging_mixin.py:190} INFO - 2020-07-09 13:39:00
[2025-04-24T16:07:17.591+0000] {logging_mixin.py:190} INFO - 2020-07-24 10:20:00
[2025-04-24T16:07:17.971+0000] {logging_mixin.py:190} INFO - 2020-03-17 19:33:00
[2025-04-24T16:07:18.322+0000] {logging_mixin.py:190} INFO - 2020-10-13 13:21:00
[2025-04-24T16:07:18.718+0000] {logging_mixin.py:190} INFO - 2020-03-18 09:41:00
[2025-04-24T16:07:19.055+0000] {logging_mixin.py:190} INFO - 2020-11-26 17:18:00
[2025-04-24T16:07:20.000+0000] {logging_mixin.py:190} INFO - 2020-09-22 15:18:00
[2025-04-24T16:07:20.344+0000] {logging_mixin.py:190} INFO - 2020-12-10 18:59:00
[2025-04-24T16:07:20.684+0000] {logging_mixin.py:190} INFO - 2020-01-15 19:33:00
[2025-04-24T16:07:21.092+0000] {logging_mixin.py:190} INFO - 2020-05-07 13:54:00
[2025-04-24T16:07:21.430+0000] {logging_mixin.py:190} INFO - 2020-08-03 13:02:00
[2025-04-24T16:07:21.762+0000] {logging_mixin.py:190} INFO - 2020-08-28 15:11:00
[2025-04-24T16:07:22.137+0000] {logging_mixin.py:190} INFO - 2020-09-12 11:57:00
[2025-04-24T16:07:22.493+0000] {logging_mixin.py:190} INFO - 2020-10-29 17:12:00
[2025-04-24T16:07:22.859+0000] {logging_mixin.py:190} INFO - 2021-01-30 11:27:00
[2025-04-24T16:07:23.192+0000] {logging_mixin.py:190} INFO - 2021-01-25 11:08:00
[2025-04-24T16:07:23.531+0000] {logging_mixin.py:190} INFO - 2020-08-05 16:25:00
[2025-04-24T16:07:23.926+0000] {logging_mixin.py:190} INFO - 2020-06-02 19:39:00
[2025-04-24T16:07:24.296+0000] {logging_mixin.py:190} INFO - 2020-02-07 15:17:00
[2025-04-24T16:07:24.636+0000] {logging_mixin.py:190} INFO - 2020-11-22 15:16:00
[2025-04-24T16:07:25.041+0000] {logging_mixin.py:190} INFO - 2020-11-18 19:58:00
[2025-04-24T16:07:25.403+0000] {logging_mixin.py:190} INFO - 2020-12-10 11:07:00
[2025-04-24T16:07:25.799+0000] {logging_mixin.py:190} INFO - 2020-11-03 12:54:00
[2025-04-24T16:07:26.189+0000] {logging_mixin.py:190} INFO - 2020-12-30 11:54:00
[2025-04-24T16:07:26.532+0000] {logging_mixin.py:190} INFO - 2020-06-04 16:51:00
[2025-04-24T16:07:26.897+0000] {logging_mixin.py:190} INFO - 2020-12-01 14:53:00
[2025-04-24T16:07:27.282+0000] {logging_mixin.py:190} INFO - 2020-10-05 17:16:00
[2025-04-24T16:07:27.620+0000] {logging_mixin.py:190} INFO - 2021-01-16 16:44:00
[2025-04-24T16:07:27.969+0000] {logging_mixin.py:190} INFO - 2020-04-27 09:34:00
[2025-04-24T16:07:28.330+0000] {logging_mixin.py:190} INFO - 2020-06-07 15:45:00
[2025-04-24T16:07:28.651+0000] {logging_mixin.py:190} INFO - 2020-10-26 20:58:00
[2025-04-24T16:07:28.964+0000] {logging_mixin.py:190} INFO - 2020-08-30 11:46:00
[2025-04-24T16:07:29.298+0000] {logging_mixin.py:190} INFO - 2020-07-11 10:06:00
[2025-04-24T16:07:29.683+0000] {logging_mixin.py:190} INFO - 2020-01-06 20:07:00
[2025-04-24T16:07:29.973+0000] {logging_mixin.py:190} INFO - 2021-01-03 09:36:00
[2025-04-24T16:07:30.364+0000] {logging_mixin.py:190} INFO - 2020-12-15 17:15:00
[2025-04-24T16:07:30.703+0000] {logging_mixin.py:190} INFO - 2020-12-13 17:37:00
[2025-04-24T16:07:31.041+0000] {logging_mixin.py:190} INFO - 2020-09-07 09:07:00
[2025-04-24T16:07:31.398+0000] {logging_mixin.py:190} INFO - 2020-12-15 11:43:00
[2025-04-24T16:07:31.762+0000] {logging_mixin.py:190} INFO - 2020-05-06 12:54:00
[2025-04-24T16:07:32.148+0000] {logging_mixin.py:190} INFO - 2020-01-30 18:20:00
[2025-04-24T16:07:32.477+0000] {logging_mixin.py:190} INFO - 2020-09-10 14:07:00
[2025-04-24T16:07:32.830+0000] {logging_mixin.py:190} INFO - 2020-11-23 13:00:00
[2025-04-24T16:07:33.190+0000] {logging_mixin.py:190} INFO - 2021-01-14 20:54:00
[2025-04-24T16:07:33.634+0000] {logging_mixin.py:190} INFO - 2020-04-01 13:18:00
[2025-04-24T16:07:34.004+0000] {logging_mixin.py:190} INFO - 2020-09-20 11:14:00
[2025-04-24T16:07:34.334+0000] {logging_mixin.py:190} INFO - 2021-01-29 09:30:00
[2025-04-24T16:07:34.720+0000] {logging_mixin.py:190} INFO - 2021-01-23 19:28:00
[2025-04-24T16:07:35.062+0000] {logging_mixin.py:190} INFO - 2020-05-02 16:52:00
[2025-04-24T16:07:35.394+0000] {logging_mixin.py:190} INFO - 2020-02-21 19:20:00
[2025-04-24T16:07:35.737+0000] {logging_mixin.py:190} INFO - 2021-01-07 11:44:00
[2025-04-24T16:07:36.075+0000] {logging_mixin.py:190} INFO - 2020-10-23 11:43:00
[2025-04-24T16:07:36.415+0000] {logging_mixin.py:190} INFO - 2020-07-05 17:38:00
[2025-04-24T16:07:36.773+0000] {logging_mixin.py:190} INFO - 2020-03-31 20:03:00
[2025-04-24T16:07:37.110+0000] {logging_mixin.py:190} INFO - 2020-10-29 15:39:00
[2025-04-24T16:07:37.456+0000] {logging_mixin.py:190} INFO - 2020-02-28 19:02:00
[2025-04-24T16:07:37.758+0000] {logging_mixin.py:190} INFO - 2020-11-13 17:40:00
[2025-04-24T16:07:38.084+0000] {logging_mixin.py:190} INFO - 2020-02-16 10:36:00
[2025-04-24T16:07:38.439+0000] {logging_mixin.py:190} INFO - 2020-10-26 13:45:00
[2025-04-24T16:07:38.836+0000] {logging_mixin.py:190} INFO - 2020-09-27 13:47:00
[2025-04-24T16:07:39.183+0000] {logging_mixin.py:190} INFO - 2020-02-02 13:00:00
[2025-04-24T16:07:39.581+0000] {logging_mixin.py:190} INFO - 2020-03-28 09:40:00
[2025-04-24T16:07:39.995+0000] {logging_mixin.py:190} INFO - 2021-01-25 09:24:00
[2025-04-24T16:07:40.503+0000] {logging_mixin.py:190} INFO - 2020-08-04 13:54:00
[2025-04-24T16:07:40.918+0000] {logging_mixin.py:190} INFO - 2020-03-03 16:55:00
[2025-04-24T16:07:41.271+0000] {logging_mixin.py:190} INFO - 2020-02-15 10:09:00
[2025-04-24T16:07:41.592+0000] {logging_mixin.py:190} INFO - 2020-03-11 09:10:00
[2025-04-24T16:07:41.995+0000] {logging_mixin.py:190} INFO - 2021-01-10 19:04:00
[2025-04-24T16:07:42.382+0000] {logging_mixin.py:190} INFO - 2020-01-03 11:17:00
[2025-04-24T16:07:42.860+0000] {logging_mixin.py:190} INFO - 2020-06-18 20:25:00
[2025-04-24T16:07:43.275+0000] {logging_mixin.py:190} INFO - 2020-09-22 19:27:00
[2025-04-24T16:07:43.680+0000] {logging_mixin.py:190} INFO - 2020-08-31 16:28:00
[2025-04-24T16:07:44.094+0000] {logging_mixin.py:190} INFO - 2020-04-20 16:58:00
[2025-04-24T16:07:44.503+0000] {logging_mixin.py:190} INFO - 2020-02-14 14:21:00
[2025-04-24T16:07:45.524+0000] {logging_mixin.py:190} INFO - 2020-07-02 16:47:00
[2025-04-24T16:07:45.935+0000] {logging_mixin.py:190} INFO - 2020-06-12 13:46:00
[2025-04-24T16:07:46.345+0000] {logging_mixin.py:190} INFO - 2020-07-19 11:15:00
[2025-04-24T16:07:46.755+0000] {logging_mixin.py:190} INFO - 2020-01-16 10:14:00
[2025-04-24T16:07:47.087+0000] {logging_mixin.py:190} INFO - 2020-07-04 09:47:00
[2025-04-24T16:07:47.452+0000] {logging_mixin.py:190} INFO - 2020-04-24 14:30:00
[2025-04-24T16:07:47.877+0000] {logging_mixin.py:190} INFO - 2020-06-10 15:02:00
[2025-04-24T16:07:48.700+0000] {logging_mixin.py:190} INFO - 2020-07-01 14:12:00
[2025-04-24T16:07:49.068+0000] {logging_mixin.py:190} INFO - 2020-03-13 15:14:00
[2025-04-24T16:07:49.441+0000] {logging_mixin.py:190} INFO - 2020-03-31 17:39:00
[2025-04-24T16:07:49.821+0000] {logging_mixin.py:190} INFO - 2020-10-27 11:22:00
[2025-04-24T16:07:50.232+0000] {logging_mixin.py:190} INFO - 2020-07-24 15:56:00
[2025-04-24T16:07:50.645+0000] {logging_mixin.py:190} INFO - 2020-01-24 11:10:00
[2025-04-24T16:07:51.050+0000] {logging_mixin.py:190} INFO - 2020-06-10 12:28:00
[2025-04-24T16:07:51.465+0000] {logging_mixin.py:190} INFO - 2020-03-27 13:44:00
[2025-04-24T16:07:51.961+0000] {logging_mixin.py:190} INFO - 2021-01-04 09:25:00
[2025-04-24T16:07:52.386+0000] {logging_mixin.py:190} INFO - 2020-09-20 16:50:00
[2025-04-24T16:07:52.794+0000] {logging_mixin.py:190} INFO - 2020-03-12 17:11:00
[2025-04-24T16:07:53.206+0000] {logging_mixin.py:190} INFO - 2020-08-28 20:25:00
[2025-04-24T16:07:53.616+0000] {logging_mixin.py:190} INFO - 2020-05-16 17:27:00
[2025-04-24T16:07:54.021+0000] {logging_mixin.py:190} INFO - 2020-12-21 14:15:00
[2025-04-24T16:07:54.434+0000] {logging_mixin.py:190} INFO - 2020-08-02 13:23:00
[2025-04-24T16:07:54.943+0000] {logging_mixin.py:190} INFO - 2020-07-27 10:15:00
[2025-04-24T16:07:55.351+0000] {logging_mixin.py:190} INFO - 2020-04-08 19:17:00
[2025-04-24T16:07:55.724+0000] {logging_mixin.py:190} INFO - 2020-05-09 13:53:00
[2025-04-24T16:07:56.048+0000] {logging_mixin.py:190} INFO - 2020-01-18 18:48:00
[2025-04-24T16:07:56.427+0000] {logging_mixin.py:190} INFO - 2020-05-22 16:11:00
[2025-04-24T16:07:56.754+0000] {logging_mixin.py:190} INFO - 2020-12-19 10:20:00
[2025-04-24T16:07:57.200+0000] {logging_mixin.py:190} INFO - 2020-07-10 13:26:00
[2025-04-24T16:07:57.611+0000] {logging_mixin.py:190} INFO - 2020-07-11 11:19:00
[2025-04-24T16:07:58.015+0000] {logging_mixin.py:190} INFO - 2021-01-02 09:22:00
[2025-04-24T16:07:58.425+0000] {logging_mixin.py:190} INFO - 2020-01-26 18:08:00
[2025-04-24T16:07:58.842+0000] {logging_mixin.py:190} INFO - 2020-10-09 13:09:00
[2025-04-24T16:07:59.348+0000] {logging_mixin.py:190} INFO - 2020-01-31 17:47:00
[2025-04-24T16:07:59.766+0000] {logging_mixin.py:190} INFO - 2020-12-01 14:56:00
[2025-04-24T16:08:00.135+0000] {logging_mixin.py:190} INFO - 2020-11-05 15:40:00
[2025-04-24T16:08:00.510+0000] {logging_mixin.py:190} INFO - 2020-11-19 18:51:00
[2025-04-24T16:08:00.984+0000] {logging_mixin.py:190} INFO - 2020-01-19 16:59:00
[2025-04-24T16:08:01.398+0000] {logging_mixin.py:190} INFO - 2020-03-28 14:31:00
[2025-04-24T16:08:01.767+0000] {logging_mixin.py:190} INFO - 2020-07-05 14:46:00
[2025-04-24T16:08:02.319+0000] {logging_mixin.py:190} INFO - 2020-02-12 17:20:00
[2025-04-24T16:08:02.729+0000] {logging_mixin.py:190} INFO - 2020-12-14 15:25:00
[2025-04-24T16:08:03.241+0000] {logging_mixin.py:190} INFO - 2021-01-26 20:03:00
[2025-04-24T16:08:03.587+0000] {logging_mixin.py:190} INFO - 2020-02-02 09:42:00
[2025-04-24T16:08:03.957+0000] {logging_mixin.py:190} INFO - 2020-09-26 20:22:00
[2025-04-24T16:08:04.484+0000] {logging_mixin.py:190} INFO - 2020-02-01 15:27:00
[2025-04-24T16:08:04.850+0000] {logging_mixin.py:190} INFO - 2020-10-24 10:22:00
[2025-04-24T16:08:05.232+0000] {logging_mixin.py:190} INFO - 2020-08-29 10:14:00
[2025-04-24T16:08:05.589+0000] {logging_mixin.py:190} INFO - 2020-06-02 10:21:00
[2025-04-24T16:08:05.985+0000] {logging_mixin.py:190} INFO - 2020-03-03 09:34:00
[2025-04-24T16:08:06.318+0000] {logging_mixin.py:190} INFO - 2020-08-29 17:29:00
[2025-04-24T16:08:06.748+0000] {logging_mixin.py:190} INFO - 2020-10-13 12:49:00
[2025-04-24T16:08:09.389+0000] {logging_mixin.py:190} INFO - 2020-02-18 18:52:00
[2025-04-24T16:08:09.766+0000] {logging_mixin.py:190} INFO - 2020-11-15 09:59:00
[2025-04-24T16:08:10.107+0000] {logging_mixin.py:190} INFO - 2020-01-18 18:17:00
[2025-04-24T16:08:10.437+0000] {logging_mixin.py:190} INFO - 2020-03-28 20:20:00
[2025-04-24T16:08:10.775+0000] {logging_mixin.py:190} INFO - 2020-08-22 19:41:00
[2025-04-24T16:08:11.084+0000] {logging_mixin.py:190} INFO - 2020-08-31 10:11:00
[2025-04-24T16:08:11.452+0000] {logging_mixin.py:190} INFO - 2020-03-09 12:39:00
[2025-04-24T16:08:11.801+0000] {logging_mixin.py:190} INFO - 2020-10-27 17:10:00
[2025-04-24T16:08:12.253+0000] {logging_mixin.py:190} INFO - 2020-07-15 16:51:00
[2025-04-24T16:08:12.890+0000] {logging_mixin.py:190} INFO - 2021-01-20 20:42:00
[2025-04-24T16:08:13.207+0000] {logging_mixin.py:190} INFO - 2020-07-22 20:03:00
[2025-04-24T16:08:13.545+0000] {logging_mixin.py:190} INFO - 2020-03-07 09:37:00
[2025-04-24T16:08:13.968+0000] {logging_mixin.py:190} INFO - 2020-10-31 09:06:00
[2025-04-24T16:08:14.291+0000] {logging_mixin.py:190} INFO - 2020-01-28 12:04:00
[2025-04-24T16:08:14.661+0000] {logging_mixin.py:190} INFO - 2020-04-21 17:27:00
[2025-04-24T16:08:15.026+0000] {logging_mixin.py:190} INFO - 2020-10-10 20:08:00
[2025-04-24T16:08:15.465+0000] {logging_mixin.py:190} INFO - 2020-05-21 18:17:00
[2025-04-24T16:08:15.777+0000] {logging_mixin.py:190} INFO - 2020-02-05 10:45:00
[2025-04-24T16:08:16.203+0000] {logging_mixin.py:190} INFO - 2020-10-19 14:54:00
[2025-04-24T16:08:16.822+0000] {logging_mixin.py:190} INFO - 2020-06-19 12:29:00
[2025-04-24T16:08:17.179+0000] {logging_mixin.py:190} INFO - 2020-11-15 10:45:00
[2025-04-24T16:08:17.572+0000] {logging_mixin.py:190} INFO - 2021-01-21 19:54:00
[2025-04-24T16:08:17.917+0000] {logging_mixin.py:190} INFO - 2020-02-07 13:20:00
[2025-04-24T16:08:18.558+0000] {logging_mixin.py:190} INFO - 2020-05-30 14:33:00
[2025-04-24T16:08:18.929+0000] {logging_mixin.py:190} INFO - 2020-10-30 13:44:00
[2025-04-24T16:08:19.274+0000] {logging_mixin.py:190} INFO - 2020-05-23 15:27:00
[2025-04-24T16:08:19.650+0000] {logging_mixin.py:190} INFO - 2020-06-11 12:19:00
[2025-04-24T16:08:20.072+0000] {logging_mixin.py:190} INFO - 2020-04-12 10:34:00
[2025-04-24T16:08:20.386+0000] {logging_mixin.py:190} INFO - 2020-08-15 10:49:00
[2025-04-24T16:08:20.796+0000] {logging_mixin.py:190} INFO - 2020-08-06 19:26:00
[2025-04-24T16:08:21.192+0000] {logging_mixin.py:190} INFO - 2020-03-06 12:53:00
[2025-04-24T16:08:21.536+0000] {logging_mixin.py:190} INFO - 2020-01-07 09:10:00
[2025-04-24T16:08:21.992+0000] {logging_mixin.py:190} INFO - 2020-02-28 19:00:00
[2025-04-24T16:08:22.493+0000] {logging_mixin.py:190} INFO - 2020-10-23 18:53:00
[2025-04-24T16:08:23.005+0000] {logging_mixin.py:190} INFO - 2020-06-25 11:33:00
[2025-04-24T16:08:23.414+0000] {logging_mixin.py:190} INFO - 2020-08-28 14:37:00
[2025-04-24T16:08:23.812+0000] {logging_mixin.py:190} INFO - 2020-03-27 18:33:00
[2025-04-24T16:08:24.185+0000] {logging_mixin.py:190} INFO - 2020-03-24 15:29:00
[2025-04-24T16:08:24.617+0000] {logging_mixin.py:190} INFO - 2020-06-03 14:13:00
[2025-04-24T16:08:25.047+0000] {logging_mixin.py:190} INFO - 2020-02-14 17:35:00
[2025-04-24T16:08:25.414+0000] {logging_mixin.py:190} INFO - 2020-04-20 16:47:00
[2025-04-24T16:08:25.868+0000] {logging_mixin.py:190} INFO - 2020-07-11 12:01:00
[2025-04-24T16:08:26.343+0000] {logging_mixin.py:190} INFO - 2020-11-02 13:09:00
[2025-04-24T16:08:26.682+0000] {logging_mixin.py:190} INFO - 2020-04-29 09:03:00
[2025-04-24T16:08:27.087+0000] {logging_mixin.py:190} INFO - 2020-04-07 10:33:00
[2025-04-24T16:08:27.463+0000] {logging_mixin.py:190} INFO - 2021-01-23 11:57:00
[2025-04-24T16:08:27.858+0000] {logging_mixin.py:190} INFO - 2020-01-26 18:55:00
[2025-04-24T16:08:28.183+0000] {logging_mixin.py:190} INFO - 2020-04-18 16:29:00
[2025-04-24T16:08:28.556+0000] {logging_mixin.py:190} INFO - 2020-08-17 19:06:00
[2025-04-24T16:08:28.906+0000] {logging_mixin.py:190} INFO - 2020-03-12 10:29:00
[2025-04-24T16:08:29.221+0000] {logging_mixin.py:190} INFO - 2020-09-05 12:36:00
[2025-04-24T16:08:29.560+0000] {logging_mixin.py:190} INFO - 2020-11-15 16:47:00
[2025-04-24T16:08:29.966+0000] {logging_mixin.py:190} INFO - 2020-09-20 14:09:00
[2025-04-24T16:08:30.367+0000] {logging_mixin.py:190} INFO - 2020-04-02 14:22:00
[2025-04-24T16:08:30.729+0000] {logging_mixin.py:190} INFO - 2020-12-29 18:09:00
[2025-04-24T16:08:31.198+0000] {logging_mixin.py:190} INFO - 2021-01-21 19:07:00
[2025-04-24T16:08:31.606+0000] {logging_mixin.py:190} INFO - 2020-05-26 17:17:00
[2025-04-24T16:08:32.013+0000] {logging_mixin.py:190} INFO - 2020-04-01 19:58:00
[2025-04-24T16:08:32.352+0000] {logging_mixin.py:190} INFO - 2020-04-28 11:14:00
[2025-04-24T16:08:32.691+0000] {logging_mixin.py:190} INFO - 2020-02-08 15:33:00
[2025-04-24T16:08:33.140+0000] {logging_mixin.py:190} INFO - 2020-06-08 12:23:00
[2025-04-24T16:08:33.484+0000] {logging_mixin.py:190} INFO - 2020-09-30 19:16:00
[2025-04-24T16:08:33.958+0000] {logging_mixin.py:190} INFO - 2020-04-20 10:19:00
[2025-04-24T16:08:34.359+0000] {logging_mixin.py:190} INFO - 2020-07-23 12:44:00
[2025-04-24T16:08:34.806+0000] {logging_mixin.py:190} INFO - 2020-03-19 20:53:00
[2025-04-24T16:08:35.185+0000] {logging_mixin.py:190} INFO - 2020-10-12 15:34:00
[2025-04-24T16:08:35.560+0000] {logging_mixin.py:190} INFO - 2020-07-29 13:05:00
[2025-04-24T16:08:35.904+0000] {logging_mixin.py:190} INFO - 2020-08-14 16:18:00
[2025-04-24T16:08:36.228+0000] {logging_mixin.py:190} INFO - 2020-02-09 12:10:00
[2025-04-24T16:08:36.547+0000] {logging_mixin.py:190} INFO - 2021-01-15 12:01:00
[2025-04-24T16:08:36.984+0000] {logging_mixin.py:190} INFO - 2020-07-22 17:38:00
[2025-04-24T16:08:37.323+0000] {logging_mixin.py:190} INFO - 2020-10-06 15:04:00
[2025-04-24T16:08:37.712+0000] {logging_mixin.py:190} INFO - 2020-01-29 16:37:00
[2025-04-24T16:08:38.078+0000] {logging_mixin.py:190} INFO - 2020-09-05 19:17:00
[2025-04-24T16:08:38.421+0000] {logging_mixin.py:190} INFO - 2020-08-04 09:14:00
[2025-04-24T16:08:38.802+0000] {logging_mixin.py:190} INFO - 2020-11-22 18:56:00
[2025-04-24T16:08:39.167+0000] {logging_mixin.py:190} INFO - 2020-07-15 18:24:00
[2025-04-24T16:08:39.560+0000] {logging_mixin.py:190} INFO - 2020-03-29 17:30:00
[2025-04-24T16:08:39.911+0000] {logging_mixin.py:190} INFO - 2020-07-06 09:23:00
[2025-04-24T16:08:40.251+0000] {logging_mixin.py:190} INFO - 2020-02-15 16:55:00
[2025-04-24T16:08:40.630+0000] {logging_mixin.py:190} INFO - 2020-02-19 18:29:00
[2025-04-24T16:08:40.971+0000] {logging_mixin.py:190} INFO - 2020-06-12 10:31:00
[2025-04-24T16:08:41.386+0000] {logging_mixin.py:190} INFO - 2020-11-02 14:08:00
[2025-04-24T16:08:41.737+0000] {logging_mixin.py:190} INFO - 2020-11-29 12:58:00
[2025-04-24T16:08:42.073+0000] {logging_mixin.py:190} INFO - 2020-07-30 11:08:00
[2025-04-24T16:08:42.413+0000] {logging_mixin.py:190} INFO - 2020-08-19 18:16:00
[2025-04-24T16:08:42.722+0000] {logging_mixin.py:190} INFO - 2020-05-16 20:07:00
[2025-04-24T16:08:43.080+0000] {logging_mixin.py:190} INFO - 2020-10-25 15:13:00
[2025-04-24T16:08:43.422+0000] {logging_mixin.py:190} INFO - 2020-03-20 16:38:00
[2025-04-24T16:08:43.768+0000] {logging_mixin.py:190} INFO - 2020-02-04 15:16:00
[2025-04-24T16:08:44.111+0000] {logging_mixin.py:190} INFO - 2020-09-09 14:14:00
[2025-04-24T16:08:44.449+0000] {logging_mixin.py:190} INFO - 2020-07-18 20:21:00
[2025-04-24T16:08:44.808+0000] {logging_mixin.py:190} INFO - 2020-05-14 16:28:00
[2025-04-24T16:08:45.169+0000] {logging_mixin.py:190} INFO - 2020-09-10 17:01:00
[2025-04-24T16:08:46.148+0000] {logging_mixin.py:190} INFO - 2020-10-09 15:17:00
[2025-04-24T16:08:46.974+0000] {logging_mixin.py:190} INFO - 2020-03-10 09:28:00
[2025-04-24T16:08:47.306+0000] {logging_mixin.py:190} INFO - 2020-07-03 10:33:00
[2025-04-24T16:08:47.626+0000] {logging_mixin.py:190} INFO - 2020-04-07 19:14:00
[2025-04-24T16:08:47.992+0000] {logging_mixin.py:190} INFO - 2020-04-20 10:41:00
[2025-04-24T16:08:48.325+0000] {logging_mixin.py:190} INFO - 2021-01-30 16:41:00
[2025-04-24T16:08:48.628+0000] {logging_mixin.py:190} INFO - 2020-02-27 18:01:00
[2025-04-24T16:08:49.016+0000] {logging_mixin.py:190} INFO - 2020-01-25 18:55:00
[2025-04-24T16:08:49.354+0000] {logging_mixin.py:190} INFO - 2020-02-07 12:12:00
[2025-04-24T16:08:49.733+0000] {logging_mixin.py:190} INFO - 2020-04-29 18:29:00
[2025-04-24T16:08:50.145+0000] {logging_mixin.py:190} INFO - 2020-08-12 14:30:00
[2025-04-24T16:08:50.525+0000] {logging_mixin.py:190} INFO - 2020-04-06 11:45:00
[2025-04-24T16:08:50.831+0000] {logging_mixin.py:190} INFO - 2020-08-10 16:55:00
[2025-04-24T16:08:51.262+0000] {logging_mixin.py:190} INFO - 2020-05-01 14:12:00
[2025-04-24T16:08:51.614+0000] {logging_mixin.py:190} INFO - 2020-02-14 14:42:00
[2025-04-24T16:08:51.972+0000] {logging_mixin.py:190} INFO - 2020-05-06 17:01:00
[2025-04-24T16:08:52.331+0000] {logging_mixin.py:190} INFO - 2020-01-24 19:13:00
[2025-04-24T16:08:52.649+0000] {logging_mixin.py:190} INFO - 2021-01-03 19:53:00
[2025-04-24T16:08:53.020+0000] {logging_mixin.py:190} INFO - 2020-01-01 14:21:00
[2025-04-24T16:08:53.346+0000] {logging_mixin.py:190} INFO - 2020-06-05 17:34:00
[2025-04-24T16:08:53.683+0000] {logging_mixin.py:190} INFO - 2020-11-24 19:38:00
[2025-04-24T16:08:54.044+0000] {logging_mixin.py:190} INFO - 2020-08-05 09:05:00
[2025-04-24T16:08:54.425+0000] {logging_mixin.py:190} INFO - 2020-05-05 13:40:00
[2025-04-24T16:08:54.759+0000] {logging_mixin.py:190} INFO - 2020-09-27 16:57:00
[2025-04-24T16:08:55.193+0000] {logging_mixin.py:190} INFO - 2020-05-14 13:18:00
[2025-04-24T16:08:55.513+0000] {logging_mixin.py:190} INFO - 2020-09-17 19:52:00
[2025-04-24T16:08:55.978+0000] {logging_mixin.py:190} INFO - 2020-10-21 15:55:00
[2025-04-24T16:08:56.338+0000] {logging_mixin.py:190} INFO - 2020-08-22 10:16:00
[2025-04-24T16:08:56.696+0000] {logging_mixin.py:190} INFO - 2020-11-10 11:33:00
[2025-04-24T16:08:57.104+0000] {logging_mixin.py:190} INFO - 2020-08-20 20:28:00
[2025-04-24T16:08:57.475+0000] {logging_mixin.py:190} INFO - 2021-01-11 18:52:00
[2025-04-24T16:08:57.925+0000] {logging_mixin.py:190} INFO - 2020-06-08 14:11:00
[2025-04-24T16:08:58.334+0000] {logging_mixin.py:190} INFO - 2020-02-13 11:26:00
[2025-04-24T16:08:58.745+0000] {logging_mixin.py:190} INFO - 2020-11-01 10:53:00
[2025-04-24T16:08:59.154+0000] {logging_mixin.py:190} INFO - 2020-06-07 11:19:00
[2025-04-24T16:08:59.558+0000] {logging_mixin.py:190} INFO - 2020-07-04 15:04:00
[2025-04-24T16:08:59.968+0000] {logging_mixin.py:190} INFO - 2021-01-10 15:08:00
[2025-04-24T16:09:00.376+0000] {logging_mixin.py:190} INFO - 2020-07-31 10:38:00
[2025-04-24T16:09:00.787+0000] {logging_mixin.py:190} INFO - 2020-02-24 12:25:00
[2025-04-24T16:09:01.137+0000] {logging_mixin.py:190} INFO - 2020-09-14 11:46:00
[2025-04-24T16:09:01.495+0000] {logging_mixin.py:190} INFO - 2020-07-07 13:34:00
[2025-04-24T16:09:01.918+0000] {logging_mixin.py:190} INFO - 2020-12-29 18:10:00
[2025-04-24T16:09:02.282+0000] {logging_mixin.py:190} INFO - 2020-06-11 15:33:00
[2025-04-24T16:09:02.617+0000] {logging_mixin.py:190} INFO - 2020-08-03 11:51:00
[2025-04-24T16:09:03.143+0000] {logging_mixin.py:190} INFO - 2020-03-06 19:04:00
[2025-04-24T16:09:03.552+0000] {logging_mixin.py:190} INFO - 2020-08-28 18:54:00
[2025-04-24T16:09:03.912+0000] {logging_mixin.py:190} INFO - 2020-11-25 14:34:00
[2025-04-24T16:09:04.376+0000] {logging_mixin.py:190} INFO - 2020-04-02 12:34:00
[2025-04-24T16:09:04.735+0000] {logging_mixin.py:190} INFO - 2020-02-08 12:52:00
[2025-04-24T16:09:05.194+0000] {logging_mixin.py:190} INFO - 2020-10-07 16:03:00
[2025-04-24T16:09:05.811+0000] {logging_mixin.py:190} INFO - 2020-11-05 14:45:00
[2025-04-24T16:09:06.327+0000] {logging_mixin.py:190} INFO - 2020-01-13 10:26:00
[2025-04-24T16:09:06.698+0000] {logging_mixin.py:190} INFO - 2020-03-03 14:29:00
[2025-04-24T16:09:07.090+0000] {logging_mixin.py:190} INFO - 2020-06-25 13:15:00
[2025-04-24T16:09:07.506+0000] {logging_mixin.py:190} INFO - 2020-11-11 15:22:00
[2025-04-24T16:09:07.939+0000] {logging_mixin.py:190} INFO - 2020-01-06 17:20:00
[2025-04-24T16:09:08.307+0000] {logging_mixin.py:190} INFO - 2020-06-13 10:02:00
[2025-04-24T16:09:08.670+0000] {logging_mixin.py:190} INFO - 2020-02-27 09:25:00
[2025-04-24T16:09:09.028+0000] {logging_mixin.py:190} INFO - 2020-03-03 18:30:00
[2025-04-24T16:09:09.441+0000] {logging_mixin.py:190} INFO - 2020-02-27 15:23:00
[2025-04-24T16:09:09.899+0000] {logging_mixin.py:190} INFO - 2020-10-09 09:20:00
[2025-04-24T16:09:10.317+0000] {logging_mixin.py:190} INFO - 2020-12-26 10:07:00
[2025-04-24T16:09:10.723+0000] {logging_mixin.py:190} INFO - 2020-01-12 15:39:00
[2025-04-24T16:09:11.128+0000] {logging_mixin.py:190} INFO - 2020-12-01 15:10:00
[2025-04-24T16:09:11.538+0000] {logging_mixin.py:190} INFO - 2020-10-19 13:53:00
[2025-04-24T16:09:11.953+0000] {logging_mixin.py:190} INFO - 2021-01-08 13:36:00
[2025-04-24T16:09:12.311+0000] {logging_mixin.py:190} INFO - 2020-05-12 13:54:00
[2025-04-24T16:09:12.772+0000] {logging_mixin.py:190} INFO - 2020-08-28 16:45:00
[2025-04-24T16:09:13.137+0000] {logging_mixin.py:190} INFO - 2020-06-30 15:32:00
[2025-04-24T16:09:13.497+0000] {logging_mixin.py:190} INFO - 2021-01-29 11:23:00
[2025-04-24T16:09:14.000+0000] {logging_mixin.py:190} INFO - 2020-06-04 10:42:00
[2025-04-24T16:09:14.515+0000] {logging_mixin.py:190} INFO - 2020-02-18 15:40:00
[2025-04-24T16:09:14.924+0000] {logging_mixin.py:190} INFO - 2020-10-05 10:32:00
[2025-04-24T16:09:15.329+0000] {logging_mixin.py:190} INFO - 2021-01-16 11:51:00
[2025-04-24T16:09:15.738+0000] {logging_mixin.py:190} INFO - 2020-11-10 20:13:00
[2025-04-24T16:09:16.151+0000] {logging_mixin.py:190} INFO - 2020-03-26 10:55:00
[2025-04-24T16:09:16.558+0000] {logging_mixin.py:190} INFO - 2020-08-20 16:41:00
[2025-04-24T16:09:16.970+0000] {logging_mixin.py:190} INFO - 2020-09-05 09:29:00
[2025-04-24T16:09:17.308+0000] {logging_mixin.py:190} INFO - 2020-04-15 09:30:00
[2025-04-24T16:09:17.685+0000] {logging_mixin.py:190} INFO - 2020-01-25 13:37:00
[2025-04-24T16:09:18.078+0000] {logging_mixin.py:190} INFO - 2020-05-20 10:01:00
[2025-04-24T16:09:18.506+0000] {logging_mixin.py:190} INFO - 2020-02-11 16:07:00
[2025-04-24T16:09:18.913+0000] {logging_mixin.py:190} INFO - 2020-08-29 13:57:00
[2025-04-24T16:09:19.323+0000] {logging_mixin.py:190} INFO - 2020-12-14 09:31:00
[2025-04-24T16:09:19.731+0000] {logging_mixin.py:190} INFO - 2020-07-16 13:13:00
[2025-04-24T16:09:20.245+0000] {logging_mixin.py:190} INFO - 2020-04-09 10:32:00
[2025-04-24T16:09:20.756+0000] {logging_mixin.py:190} INFO - 2021-01-20 09:33:00
[2025-04-24T16:09:21.163+0000] {logging_mixin.py:190} INFO - 2020-04-08 12:42:00
[2025-04-24T16:09:21.679+0000] {logging_mixin.py:190} INFO - 2021-01-16 16:23:00
[2025-04-24T16:09:22.091+0000] {logging_mixin.py:190} INFO - 2020-01-21 19:28:00
[2025-04-24T16:09:22.505+0000] {logging_mixin.py:190} INFO - 2020-12-16 19:12:00
[2025-04-24T16:09:22.856+0000] {logging_mixin.py:190} INFO - 2020-04-04 11:21:00
[2025-04-24T16:09:23.180+0000] {logging_mixin.py:190} INFO - 2021-01-07 15:24:00
[2025-04-24T16:09:23.539+0000] {logging_mixin.py:190} INFO - 2020-05-18 15:29:00
[2025-04-24T16:09:23.933+0000] {logging_mixin.py:190} INFO - 2020-07-19 15:26:00
[2025-04-24T16:09:24.286+0000] {logging_mixin.py:190} INFO - 2020-06-08 20:24:00
[2025-04-24T16:09:24.630+0000] {logging_mixin.py:190} INFO - 2020-08-04 10:22:00
[2025-04-24T16:09:25.060+0000] {logging_mixin.py:190} INFO - 2020-08-21 09:59:00
[2025-04-24T16:09:25.467+0000] {logging_mixin.py:190} INFO - 2020-06-05 11:34:00
[2025-04-24T16:09:25.880+0000] {logging_mixin.py:190} INFO - 2020-06-14 20:24:00
[2025-04-24T16:09:26.290+0000] {logging_mixin.py:190} INFO - 2020-02-05 11:18:00
[2025-04-24T16:09:26.695+0000] {logging_mixin.py:190} INFO - 2020-04-15 15:02:00
[2025-04-24T16:09:27.109+0000] {logging_mixin.py:190} INFO - 2020-07-16 12:07:00
[2025-04-24T16:09:27.520+0000] {logging_mixin.py:190} INFO - 2020-06-08 14:27:00
[2025-04-24T16:09:27.928+0000] {logging_mixin.py:190} INFO - 2020-02-15 16:19:00
[2025-04-24T16:09:28.305+0000] {logging_mixin.py:190} INFO - 2020-06-01 19:41:00
[2025-04-24T16:09:28.644+0000] {logging_mixin.py:190} INFO - 2020-05-24 09:26:00
[2025-04-24T16:09:29.362+0000] {logging_mixin.py:190} INFO - 2020-06-05 11:03:00
[2025-04-24T16:09:29.767+0000] {logging_mixin.py:190} INFO - 2020-01-13 10:28:00
[2025-04-24T16:09:30.176+0000] {logging_mixin.py:190} INFO - 2020-09-26 20:52:00
[2025-04-24T16:09:30.584+0000] {logging_mixin.py:190} INFO - 2021-01-14 11:18:00
[2025-04-24T16:09:31.000+0000] {logging_mixin.py:190} INFO - 2020-06-07 14:13:00
[2025-04-24T16:09:31.410+0000] {logging_mixin.py:190} INFO - 2020-11-20 09:27:00
[2025-04-24T16:09:31.919+0000] {logging_mixin.py:190} INFO - 2020-07-07 14:46:00
[2025-04-24T16:09:32.330+0000] {logging_mixin.py:190} INFO - 2020-09-21 17:46:00
[2025-04-24T16:09:32.735+0000] {logging_mixin.py:190} INFO - 2020-08-29 18:58:00
[2025-04-24T16:09:33.146+0000] {logging_mixin.py:190} INFO - 2020-07-05 17:31:00
[2025-04-24T16:09:33.660+0000] {logging_mixin.py:190} INFO - 2020-10-20 19:07:00
[2025-04-24T16:09:34.071+0000] {logging_mixin.py:190} INFO - 2020-12-20 14:24:00
[2025-04-24T16:09:34.592+0000] {logging_mixin.py:190} INFO - 2020-01-04 10:20:00
[2025-04-24T16:09:34.991+0000] {logging_mixin.py:190} INFO - 2020-12-15 15:25:00
[2025-04-24T16:09:35.416+0000] {logging_mixin.py:190} INFO - 2020-08-06 18:37:00
[2025-04-24T16:09:35.809+0000] {logging_mixin.py:190} INFO - 2020-01-20 12:49:00
[2025-04-24T16:09:36.222+0000] {logging_mixin.py:190} INFO - 2020-04-07 11:03:00
[2025-04-24T16:09:36.691+0000] {logging_mixin.py:190} INFO - 2020-09-03 18:39:00
[2025-04-24T16:09:37.140+0000] {logging_mixin.py:190} INFO - 2020-08-30 10:49:00
[2025-04-24T16:09:37.556+0000] {logging_mixin.py:190} INFO - 2020-11-23 15:58:00
[2025-04-24T16:09:37.957+0000] {logging_mixin.py:190} INFO - 2021-01-15 19:52:00
[2025-04-24T16:09:38.314+0000] {logging_mixin.py:190} INFO - 2020-05-25 20:35:00
[2025-04-24T16:09:38.681+0000] {logging_mixin.py:190} INFO - 2021-01-04 19:57:00
[2025-04-24T16:09:39.140+0000] {logging_mixin.py:190} INFO - 2020-03-20 15:24:00
[2025-04-24T16:09:39.490+0000] {logging_mixin.py:190} INFO - 2021-01-15 16:35:00
[2025-04-24T16:09:39.905+0000] {logging_mixin.py:190} INFO - 2020-08-29 12:23:00
[2025-04-24T16:09:40.270+0000] {logging_mixin.py:190} INFO - 2020-08-03 10:16:00
[2025-04-24T16:09:40.646+0000] {logging_mixin.py:190} INFO - 2020-09-26 15:50:00
[2025-04-24T16:09:41.029+0000] {logging_mixin.py:190} INFO - 2020-01-20 18:06:00
[2025-04-24T16:09:41.440+0000] {logging_mixin.py:190} INFO - 2020-07-01 10:45:00
[2025-04-24T16:09:41.848+0000] {logging_mixin.py:190} INFO - 2020-06-07 15:19:00
[2025-04-24T16:09:42.179+0000] {logging_mixin.py:190} INFO - 2020-10-04 11:57:00
[2025-04-24T16:09:42.504+0000] {logging_mixin.py:190} INFO - 2020-01-24 12:45:00
[2025-04-24T16:09:42.976+0000] {logging_mixin.py:190} INFO - 2020-07-02 14:13:00
[2025-04-24T16:09:43.385+0000] {logging_mixin.py:190} INFO - 2020-04-02 19:51:00
[2025-04-24T16:09:43.799+0000] {logging_mixin.py:190} INFO - 2020-03-15 13:39:00
[2025-04-24T16:09:44.168+0000] {logging_mixin.py:190} INFO - 2020-08-06 09:39:00
[2025-04-24T16:09:44.618+0000] {logging_mixin.py:190} INFO - 2020-01-17 13:17:00
[2025-04-24T16:09:45.031+0000] {logging_mixin.py:190} INFO - 2020-10-15 09:09:00
[2025-04-24T16:09:45.394+0000] {logging_mixin.py:190} INFO - 2020-11-25 13:44:00
[2025-04-24T16:09:45.842+0000] {logging_mixin.py:190} INFO - 2020-08-21 17:27:00
[2025-04-24T16:09:46.177+0000] {logging_mixin.py:190} INFO - 2020-10-23 19:47:00
[2025-04-24T16:09:46.477+0000] {logging_mixin.py:190} INFO - 2020-01-30 11:05:00
[2025-04-24T16:09:46.868+0000] {logging_mixin.py:190} INFO - 2021-01-23 12:53:00
[2025-04-24T16:09:47.225+0000] {logging_mixin.py:190} INFO - 2021-01-31 19:01:00
[2025-04-24T16:09:47.577+0000] {logging_mixin.py:190} INFO - 2020-02-07 09:58:00
[2025-04-24T16:09:47.905+0000] {logging_mixin.py:190} INFO - 2020-12-10 13:43:00
[2025-04-24T16:09:48.244+0000] {logging_mixin.py:190} INFO - 2020-12-26 12:25:00
[2025-04-24T16:09:48.558+0000] {logging_mixin.py:190} INFO - 2020-11-20 16:45:00
[2025-04-24T16:09:48.886+0000] {logging_mixin.py:190} INFO - 2020-08-22 12:15:00
[2025-04-24T16:09:49.220+0000] {logging_mixin.py:190} INFO - 2020-09-27 16:23:00
[2025-04-24T16:09:49.551+0000] {logging_mixin.py:190} INFO - 2020-12-20 13:43:00
[2025-04-24T16:09:50.081+0000] {logging_mixin.py:190} INFO - 2020-06-26 13:57:00
[2025-04-24T16:09:50.435+0000] {logging_mixin.py:190} INFO - 2020-10-30 14:38:00
[2025-04-24T16:09:50.770+0000] {logging_mixin.py:190} INFO - 2020-09-10 19:01:00
[2025-04-24T16:09:51.100+0000] {logging_mixin.py:190} INFO - 2020-02-10 17:44:00
[2025-04-24T16:09:51.441+0000] {logging_mixin.py:190} INFO - 2020-09-30 14:49:00
[2025-04-24T16:09:51.800+0000] {logging_mixin.py:190} INFO - 2020-10-25 12:12:00
[2025-04-24T16:09:52.185+0000] {logging_mixin.py:190} INFO - 2020-08-12 17:32:00
[2025-04-24T16:09:52.503+0000] {logging_mixin.py:190} INFO - 2020-07-21 13:04:00
[2025-04-24T16:09:52.827+0000] {logging_mixin.py:190} INFO - 2020-07-21 17:46:00
[2025-04-24T16:09:53.226+0000] {logging_mixin.py:190} INFO - 2021-01-09 19:12:00
[2025-04-24T16:09:53.593+0000] {logging_mixin.py:190} INFO - 2020-03-27 19:42:00
[2025-04-24T16:09:53.939+0000] {logging_mixin.py:190} INFO - 2020-12-26 14:04:00
[2025-04-24T16:09:54.274+0000] {logging_mixin.py:190} INFO - 2020-10-30 19:07:00
[2025-04-24T16:09:54.580+0000] {logging_mixin.py:190} INFO - 2020-12-21 17:22:00
[2025-04-24T16:09:54.936+0000] {logging_mixin.py:190} INFO - 2020-10-13 13:12:00
[2025-04-24T16:09:55.333+0000] {logging_mixin.py:190} INFO - 2020-05-03 12:28:00
[2025-04-24T16:09:55.704+0000] {logging_mixin.py:190} INFO - 2020-09-17 17:32:00
[2025-04-24T16:09:56.034+0000] {logging_mixin.py:190} INFO - 2020-09-10 19:15:00
[2025-04-24T16:09:56.386+0000] {logging_mixin.py:190} INFO - 2020-05-08 11:53:00
[2025-04-24T16:09:56.732+0000] {logging_mixin.py:190} INFO - 2020-10-06 13:57:00
[2025-04-24T16:09:57.075+0000] {logging_mixin.py:190} INFO - 2020-12-27 18:18:00
[2025-04-24T16:09:57.421+0000] {logging_mixin.py:190} INFO - 2020-11-19 17:49:00
[2025-04-24T16:09:57.756+0000] {logging_mixin.py:190} INFO - 2020-07-09 17:32:00
[2025-04-24T16:09:58.097+0000] {logging_mixin.py:190} INFO - 2020-09-20 14:34:00
[2025-04-24T16:09:58.431+0000] {logging_mixin.py:190} INFO - 2020-02-26 17:49:00
[2025-04-24T16:09:58.780+0000] {logging_mixin.py:190} INFO - 2020-08-26 18:41:00
[2025-04-24T16:09:59.117+0000] {logging_mixin.py:190} INFO - 2020-11-10 20:24:00
[2025-04-24T16:09:59.498+0000] {logging_mixin.py:190} INFO - 2020-02-03 14:16:00
[2025-04-24T16:09:59.821+0000] {logging_mixin.py:190} INFO - 2020-06-15 13:04:00
[2025-04-24T16:10:00.146+0000] {logging_mixin.py:190} INFO - 2020-06-29 13:39:00
[2025-04-24T16:10:00.496+0000] {logging_mixin.py:190} INFO - 2020-11-06 13:58:00
[2025-04-24T16:10:00.843+0000] {logging_mixin.py:190} INFO - 2020-03-19 18:31:00
[2025-04-24T16:10:01.207+0000] {logging_mixin.py:190} INFO - 2020-07-22 10:37:00
[2025-04-24T16:10:01.591+0000] {logging_mixin.py:190} INFO - 2020-02-02 10:35:00
[2025-04-24T16:10:01.990+0000] {logging_mixin.py:190} INFO - 2020-02-20 11:12:00
[2025-04-24T16:10:02.347+0000] {logging_mixin.py:190} INFO - 2020-02-03 15:14:00
[2025-04-24T16:10:02.688+0000] {logging_mixin.py:190} INFO - 2020-02-01 20:34:00
[2025-04-24T16:10:03.111+0000] {logging_mixin.py:190} INFO - 2020-12-31 19:13:00
[2025-04-24T16:10:03.446+0000] {logging_mixin.py:190} INFO - 2020-08-27 17:42:00
[2025-04-24T16:10:03.825+0000] {logging_mixin.py:190} INFO - 2020-07-10 13:01:00
[2025-04-24T16:10:04.199+0000] {logging_mixin.py:190} INFO - 2020-09-27 12:39:00
[2025-04-24T16:10:04.524+0000] {logging_mixin.py:190} INFO - 2020-10-04 12:33:00
[2025-04-24T16:10:04.886+0000] {logging_mixin.py:190} INFO - 2020-07-23 13:00:00
[2025-04-24T16:10:05.218+0000] {logging_mixin.py:190} INFO - 2020-05-20 20:28:00
[2025-04-24T16:10:05.536+0000] {logging_mixin.py:190} INFO - 2020-12-22 15:04:00
[2025-04-24T16:10:05.907+0000] {logging_mixin.py:190} INFO - 2020-11-27 20:06:00
[2025-04-24T16:10:06.275+0000] {logging_mixin.py:190} INFO - 2020-09-18 11:35:00
[2025-04-24T16:10:06.577+0000] {logging_mixin.py:190} INFO - 2020-08-04 10:29:00
[2025-04-24T16:10:07.226+0000] {logging_mixin.py:190} INFO - 2020-08-04 20:05:00
[2025-04-24T16:10:07.565+0000] {logging_mixin.py:190} INFO - 2021-01-05 16:06:00
[2025-04-24T16:10:07.866+0000] {logging_mixin.py:190} INFO - 2020-06-27 17:55:00
[2025-04-24T16:10:08.202+0000] {logging_mixin.py:190} INFO - 2020-10-13 14:06:00
[2025-04-24T16:10:09.003+0000] {logging_mixin.py:190} INFO - 2020-01-03 20:57:00
[2025-04-24T16:10:09.318+0000] {logging_mixin.py:190} INFO - 2020-06-05 14:28:00
[2025-04-24T16:10:09.641+0000] {logging_mixin.py:190} INFO - 2020-09-16 11:45:00
[2025-04-24T16:10:10.032+0000] {logging_mixin.py:190} INFO - 2020-07-19 17:20:00
[2025-04-24T16:10:10.430+0000] {logging_mixin.py:190} INFO - 2020-10-07 17:00:00
[2025-04-24T16:10:10.770+0000] {logging_mixin.py:190} INFO - 2020-04-22 20:42:00
[2025-04-24T16:10:11.180+0000] {logging_mixin.py:190} INFO - 2020-09-24 09:56:00
[2025-04-24T16:10:11.485+0000] {logging_mixin.py:190} INFO - 2020-06-04 16:08:00
[2025-04-24T16:10:12.095+0000] {logging_mixin.py:190} INFO - 2020-04-10 11:04:00
[2025-04-24T16:10:12.450+0000] {logging_mixin.py:190} INFO - 2020-05-24 12:39:00
[2025-04-24T16:10:12.931+0000] {logging_mixin.py:190} INFO - 2020-01-12 18:47:00
[2025-04-24T16:10:13.315+0000] {logging_mixin.py:190} INFO - 2020-12-02 19:59:00
[2025-04-24T16:10:13.670+0000] {logging_mixin.py:190} INFO - 2020-11-11 13:25:00
[2025-04-24T16:10:14.104+0000] {logging_mixin.py:190} INFO - 2020-03-24 20:06:00
[2025-04-24T16:10:14.535+0000] {cursor.py:1156} INFO - Number of results in first chunk: 1
[2025-04-24T16:10:14.536+0000] {connection.py:788} INFO - closed
[2025-04-24T16:10:14.591+0000] {connection.py:794} INFO - No async queries seem to be running, deleting session
[2025-04-24T16:10:14.667+0000] {logging_mixin.py:190} INFO - Data inserted successfully.
[2025-04-24T16:10:14.669+0000] {python.py:240} INFO - Done. Returned value was: None
[2025-04-24T16:10:14.708+0000] {taskinstance.py:340} INFO - ::group::Post task execution logs
[2025-04-24T16:10:14.709+0000] {taskinstance.py:352} INFO - Marking task as SUCCESS. dag_id=***_lab, task_id=load_data_to_snowflake, run_id=manual__2025-04-24T16:01:10.235553+00:00, execution_date=20250424T160110, start_date=20250424T160136, end_date=20250424T161014
[2025-04-24T16:10:14.763+0000] {local_task_job_runner.py:266} INFO - Task exited with return code 0
[2025-04-24T16:10:14.786+0000] {taskinstance.py:3900} INFO - 0 downstream tasks scheduled from follow-on schedule check
[2025-04-24T16:10:14.787+0000] {local_task_job_runner.py:245} INFO - ::endgroup::
