[2025-04-24T14:47:35.288+0000] {local_task_job_runner.py:123} INFO - ::group::Pre task execution logs
[2025-04-24T14:47:35.296+0000] {taskinstance.py:2612} INFO - Dependencies all met for dep_context=non-requeueable deps ti=<TaskInstance: airflow_lab.create_table manual__2025-04-24T14:47:33.913776+00:00 [queued]>
[2025-04-24T14:47:35.299+0000] {taskinstance.py:2612} INFO - Dependencies all met for dep_context=requeueable deps ti=<TaskInstance: airflow_lab.create_table manual__2025-04-24T14:47:33.913776+00:00 [queued]>
[2025-04-24T14:47:35.299+0000] {taskinstance.py:2865} INFO - Starting attempt 1 of 1
[2025-04-24T14:47:35.306+0000] {taskinstance.py:2888} INFO - Executing <Task(_PythonDecoratedOperator): create_table> on 2025-04-24 14:47:33.913776+00:00
[2025-04-24T14:47:35.310+0000] {warnings.py:112} WARNING - /home/***/.local/lib/python3.12/site-packages/***/task/task_runner/standard_task_runner.py:70: DeprecationWarning: This process (pid=171) is multi-threaded, use of fork() may lead to deadlocks in the child.
  pid = os.fork()

[2025-04-24T14:47:35.311+0000] {standard_task_runner.py:72} INFO - Started process 173 to run task
[2025-04-24T14:47:35.311+0000] {standard_task_runner.py:104} INFO - Running: ['***', 'tasks', 'run', '***_lab', 'create_table', 'manual__2025-04-24T14:47:33.913776+00:00', '--job-id', '9', '--raw', '--subdir', 'DAGS_FOLDER/elt.py', '--cfg-path', '/tmp/tmprsvlg2tm']
[2025-04-24T14:47:35.312+0000] {standard_task_runner.py:105} INFO - Job 9: Subtask create_table
[2025-04-24T14:47:35.336+0000] {task_command.py:467} INFO - Running <TaskInstance: airflow_lab.create_table manual__2025-04-24T14:47:33.913776+00:00 [running]> on host 7ce975cba66d
[2025-04-24T14:47:35.378+0000] {taskinstance.py:3131} INFO - Exporting env vars: AIRFLOW_CTX_DAG_OWNER='***' AIRFLOW_CTX_DAG_ID='***_lab' AIRFLOW_CTX_TASK_ID='create_table' AIRFLOW_CTX_EXECUTION_DATE='2025-04-24T14:47:33.913776+00:00' AIRFLOW_CTX_TRY_NUMBER='1' AIRFLOW_CTX_DAG_RUN_ID='manual__2025-04-24T14:47:33.913776+00:00'
[2025-04-24T14:47:35.379+0000] {taskinstance.py:731} INFO - ::endgroup::
[2025-04-24T14:47:35.381+0000] {logging_mixin.py:190} INFO - Creating table: TB_SYMPTOMS_GGSHEET
[2025-04-24T14:47:35.386+0000] {base.py:84} INFO - Retrieving connection 'snowflake_default'
[2025-04-24T14:47:35.387+0000] {connection.py:413} INFO - Snowflake Connector for Python Version: 3.12.2, Python Version: 3.12.6, Platform: Linux-6.10.14-linuxkit-aarch64-with-glibc2.36
[2025-04-24T14:47:35.388+0000] {connection.py:1196} INFO - Connecting to GLOBAL Snowflake domain
[2025-04-24T14:47:35.388+0000] {connection.py:1277} INFO - This connection is in OCSP Fail Open Mode. TLS Certificates would be checked for validity and revocation status. Any other Certificate Revocation related exceptions or OCSP Responder failures would be disregarded in favor of connectivity.
[2025-04-24T14:47:36.014+0000] {logging_mixin.py:190} INFO - Connected to Snowflake: <snowflake.connector.connection.SnowflakeConnection object at 0xffff891dfef0>
[2025-04-24T14:47:36.192+0000] {cursor.py:1156} INFO - Number of results in first chunk: 1
[2025-04-24T14:47:36.275+0000] {cursor.py:1156} INFO - Number of results in first chunk: 1
[2025-04-24T14:47:36.275+0000] {connection.py:788} INFO - closed
[2025-04-24T14:47:36.339+0000] {connection.py:794} INFO - No async queries seem to be running, deleting session
[2025-04-24T14:47:36.408+0000] {python.py:240} INFO - Done. Returned value was: None
[2025-04-24T14:47:36.423+0000] {taskinstance.py:340} INFO - ::group::Post task execution logs
[2025-04-24T14:47:36.424+0000] {taskinstance.py:352} INFO - Marking task as SUCCESS. dag_id=***_lab, task_id=create_table, run_id=manual__2025-04-24T14:47:33.913776+00:00, execution_date=20250424T144733, start_date=20250424T144735, end_date=20250424T144736
[2025-04-24T14:47:36.454+0000] {local_task_job_runner.py:266} INFO - Task exited with return code 0
[2025-04-24T14:47:36.481+0000] {taskinstance.py:3900} INFO - 1 downstream tasks scheduled from follow-on schedule check
[2025-04-24T14:47:36.482+0000] {local_task_job_runner.py:245} INFO - ::endgroup::
