[2025-04-24T15:33:16.416+0000] {local_task_job_runner.py:123} INFO - ::group::Pre task execution logs
[2025-04-24T15:33:16.423+0000] {taskinstance.py:2612} INFO - Dependencies all met for dep_context=non-requeueable deps ti=<TaskInstance: airflow_lab.filter_new_data manual__2025-04-24T15:33:07.703681+00:00 [queued]>
[2025-04-24T15:33:16.427+0000] {taskinstance.py:2612} INFO - Dependencies all met for dep_context=requeueable deps ti=<TaskInstance: airflow_lab.filter_new_data manual__2025-04-24T15:33:07.703681+00:00 [queued]>
[2025-04-24T15:33:16.427+0000] {taskinstance.py:2865} INFO - Starting attempt 1 of 1
[2025-04-24T15:33:16.432+0000] {taskinstance.py:2888} INFO - Executing <Task(_PythonDecoratedOperator): filter_new_data> on 2025-04-24 15:33:07.703681+00:00
[2025-04-24T15:33:16.435+0000] {warnings.py:112} WARNING - /home/***/.local/lib/python3.12/site-packages/***/task/task_runner/standard_task_runner.py:70: DeprecationWarning: This process (pid=1273) is multi-threaded, use of fork() may lead to deadlocks in the child.
  pid = os.fork()

[2025-04-24T15:33:16.436+0000] {standard_task_runner.py:72} INFO - Started process 1275 to run task
[2025-04-24T15:33:16.437+0000] {standard_task_runner.py:104} INFO - Running: ['***', 'tasks', 'run', '***_lab', 'filter_new_data', 'manual__2025-04-24T15:33:07.703681+00:00', '--job-id', '85', '--raw', '--subdir', 'DAGS_FOLDER/elt.py', '--cfg-path', '/tmp/tmptavznxa0']
[2025-04-24T15:33:16.439+0000] {standard_task_runner.py:105} INFO - Job 85: Subtask filter_new_data
[2025-04-24T15:33:16.460+0000] {task_command.py:467} INFO - Running <TaskInstance: airflow_lab.filter_new_data manual__2025-04-24T15:33:07.703681+00:00 [running]> on host 7ce975cba66d
[2025-04-24T15:33:16.549+0000] {taskinstance.py:3131} INFO - Exporting env vars: AIRFLOW_CTX_DAG_OWNER='***' AIRFLOW_CTX_DAG_ID='***_lab' AIRFLOW_CTX_TASK_ID='filter_new_data' AIRFLOW_CTX_EXECUTION_DATE='2025-04-24T15:33:07.703681+00:00' AIRFLOW_CTX_TRY_NUMBER='1' AIRFLOW_CTX_DAG_RUN_ID='manual__2025-04-24T15:33:07.703681+00:00'
[2025-04-24T15:33:16.550+0000] {taskinstance.py:731} INFO - ::endgroup::
[2025-04-24T15:33:16.551+0000] {logging_mixin.py:190} INFO - No latest date found. Returning all API data.
[2025-04-24T15:33:16.551+0000] {python.py:240} INFO - Done. Returned value was:               ID          Full_Name  Gender  ...  Q11  Q12  Q13
0             ID          Full_Name  Gender  ...  Q11  Q12  Q13
1     8048761033   Garrett Thornton  Female  ...    1    0    1
2      793846900  Dr. Brian Mcgrath  Female  ...    1    1    1
3     5619727459    Nicholas Sawyer  Female  ...    1    1    1
4     4337104062         Shawn Leon    Male  ...    1    0    1
...          ...                ...     ...  ...  ...  ...  ...
996   8502616307      Cheryl Jacobs    Male  ...    1    1    0
997   3468480814      Susan Sanders  Female  ...    0    0    1
998   1317594584         Lori Payne    Male  ...    0    0    0
999   4933185840      Danielle Boyd    Male  ...    1    1    1
1000  7056586694      Joshua Murphy    Male  ...    0    1    1

[1001 rows x 17 columns]
[2025-04-24T15:33:16.579+0000] {taskinstance.py:340} INFO - ::group::Post task execution logs
[2025-04-24T15:33:16.580+0000] {taskinstance.py:352} INFO - Marking task as SUCCESS. dag_id=***_lab, task_id=filter_new_data, run_id=manual__2025-04-24T15:33:07.703681+00:00, execution_date=20250424T153307, start_date=20250424T153316, end_date=20250424T153316
[2025-04-24T15:33:16.625+0000] {local_task_job_runner.py:266} INFO - Task exited with return code 0
[2025-04-24T15:33:16.636+0000] {taskinstance.py:3900} INFO - 1 downstream tasks scheduled from follow-on schedule check
[2025-04-24T15:33:16.637+0000] {local_task_job_runner.py:245} INFO - ::endgroup::
