[2025-04-25T00:31:16.995+0000] {local_task_job_runner.py:123} INFO - ::group::Pre task execution logs
[2025-04-25T00:31:17.003+0000] {taskinstance.py:2612} INFO - Dependencies all met for dep_context=non-requeueable deps ti=<TaskInstance: airflow_lab.filter_new_data manual__2025-04-25T00:31:08.446066+00:00 [queued]>
[2025-04-25T00:31:17.006+0000] {taskinstance.py:2612} INFO - Dependencies all met for dep_context=requeueable deps ti=<TaskInstance: airflow_lab.filter_new_data manual__2025-04-25T00:31:08.446066+00:00 [queued]>
[2025-04-25T00:31:17.006+0000] {taskinstance.py:2865} INFO - Starting attempt 1 of 1
[2025-04-25T00:31:17.011+0000] {taskinstance.py:2888} INFO - Executing <Task(_PythonDecoratedOperator): filter_new_data> on 2025-04-25 00:31:08.446066+00:00
[2025-04-25T00:31:17.015+0000] {warnings.py:112} WARNING - /home/***/.local/lib/python3.12/site-packages/***/task/task_runner/standard_task_runner.py:70: DeprecationWarning: This process (pid=478) is multi-threaded, use of fork() may lead to deadlocks in the child.
  pid = os.fork()

[2025-04-25T00:31:17.016+0000] {standard_task_runner.py:72} INFO - Started process 480 to run task
[2025-04-25T00:31:17.016+0000] {standard_task_runner.py:104} INFO - Running: ['***', 'tasks', 'run', '***_lab', 'filter_new_data', 'manual__2025-04-25T00:31:08.446066+00:00', '--job-id', '179', '--raw', '--subdir', 'DAGS_FOLDER/elt.py', '--cfg-path', '/tmp/tmpmsy8bafo']
[2025-04-25T00:31:17.018+0000] {standard_task_runner.py:105} INFO - Job 179: Subtask filter_new_data
[2025-04-25T00:31:17.038+0000] {task_command.py:467} INFO - Running <TaskInstance: airflow_lab.filter_new_data manual__2025-04-25T00:31:08.446066+00:00 [running]> on host 3b98ce16fd30
[2025-04-25T00:31:17.124+0000] {taskinstance.py:3131} INFO - Exporting env vars: AIRFLOW_CTX_DAG_OWNER='***' AIRFLOW_CTX_DAG_ID='***_lab' AIRFLOW_CTX_TASK_ID='filter_new_data' AIRFLOW_CTX_EXECUTION_DATE='2025-04-25T00:31:08.446066+00:00' AIRFLOW_CTX_TRY_NUMBER='1' AIRFLOW_CTX_DAG_RUN_ID='manual__2025-04-25T00:31:08.446066+00:00'
[2025-04-25T00:31:17.124+0000] {taskinstance.py:731} INFO - ::endgroup::
[2025-04-25T00:31:17.129+0000] {logging_mixin.py:190} INFO - New rows to insert: 0
[2025-04-25T00:31:17.129+0000] {python.py:240} INFO - Done. Returned value was: None
[2025-04-25T00:31:17.133+0000] {taskinstance.py:340} INFO - ::group::Post task execution logs
[2025-04-25T00:31:17.133+0000] {taskinstance.py:352} INFO - Marking task as SUCCESS. dag_id=***_lab, task_id=filter_new_data, run_id=manual__2025-04-25T00:31:08.446066+00:00, execution_date=20250425T003108, start_date=20250425T003117, end_date=20250425T003117
[2025-04-25T00:31:17.161+0000] {local_task_job_runner.py:266} INFO - Task exited with return code 0
[2025-04-25T00:31:17.173+0000] {taskinstance.py:3900} INFO - 1 downstream tasks scheduled from follow-on schedule check
[2025-04-25T00:31:17.174+0000] {local_task_job_runner.py:245} INFO - ::endgroup::
