[2025-04-24T14:52:15.721+0000] {local_task_job_runner.py:123} INFO - ::group::Pre task execution logs
[2025-04-24T14:52:15.732+0000] {taskinstance.py:2612} INFO - Dependencies all met for dep_context=non-requeueable deps ti=<TaskInstance: airflow_lab.load_api manual__2025-04-24T14:52:09.885986+00:00 [queued]>
[2025-04-24T14:52:15.736+0000] {taskinstance.py:2612} INFO - Dependencies all met for dep_context=requeueable deps ti=<TaskInstance: airflow_lab.load_api manual__2025-04-24T14:52:09.885986+00:00 [queued]>
[2025-04-24T14:52:15.736+0000] {taskinstance.py:2865} INFO - Starting attempt 1 of 1
[2025-04-24T14:52:15.742+0000] {taskinstance.py:2888} INFO - Executing <Task(_PythonDecoratedOperator): load_api> on 2025-04-24 14:52:09.885986+00:00
[2025-04-24T14:52:15.745+0000] {warnings.py:112} WARNING - /home/***/.local/lib/python3.12/site-packages/***/task/task_runner/standard_task_runner.py:70: DeprecationWarning: This process (pid=298) is multi-threaded, use of fork() may lead to deadlocks in the child.
  pid = os.fork()

[2025-04-24T14:52:15.746+0000] {standard_task_runner.py:72} INFO - Started process 300 to run task
[2025-04-24T14:52:15.747+0000] {standard_task_runner.py:104} INFO - Running: ['***', 'tasks', 'run', '***_lab', 'load_api', 'manual__2025-04-24T14:52:09.885986+00:00', '--job-id', '25', '--raw', '--subdir', 'DAGS_FOLDER/elt.py', '--cfg-path', '/tmp/tmp_vgbb9o2']
[2025-04-24T14:52:15.747+0000] {standard_task_runner.py:105} INFO - Job 25: Subtask load_api
[2025-04-24T14:52:15.770+0000] {task_command.py:467} INFO - Running <TaskInstance: airflow_lab.load_api manual__2025-04-24T14:52:09.885986+00:00 [running]> on host 7ce975cba66d
[2025-04-24T14:52:15.806+0000] {taskinstance.py:3131} INFO - Exporting env vars: AIRFLOW_CTX_DAG_OWNER='***' AIRFLOW_CTX_DAG_ID='***_lab' AIRFLOW_CTX_TASK_ID='load_api' AIRFLOW_CTX_EXECUTION_DATE='2025-04-24T14:52:09.885986+00:00' AIRFLOW_CTX_TRY_NUMBER='1' AIRFLOW_CTX_DAG_RUN_ID='manual__2025-04-24T14:52:09.885986+00:00'
[2025-04-24T14:52:15.808+0000] {taskinstance.py:731} INFO - ::endgroup::
[2025-04-24T14:52:15.809+0000] {logging_mixin.py:190} INFO - Loading data from API
[2025-04-24T14:52:15.809+0000] {logging_mixin.py:190} INFO - API Key: None
[2025-04-24T14:52:15.809+0000] {logging_mixin.py:190} INFO - https://sheets.googleapis.com/v4/spreadsheets/None/values/None?key=None
[2025-04-24T14:52:16.232+0000] {logging_mixin.py:190} INFO - Failed to load data: 400
[2025-04-24T14:52:16.232+0000] {python.py:240} INFO - Done. Returned value was: None
[2025-04-24T14:52:16.240+0000] {taskinstance.py:340} INFO - ::group::Post task execution logs
[2025-04-24T14:52:16.241+0000] {taskinstance.py:352} INFO - Marking task as SUCCESS. dag_id=***_lab, task_id=load_api, run_id=manual__2025-04-24T14:52:09.885986+00:00, execution_date=20250424T145209, start_date=20250424T145215, end_date=20250424T145216
[2025-04-24T14:52:16.268+0000] {local_task_job_runner.py:266} INFO - Task exited with return code 0
[2025-04-24T14:52:16.285+0000] {taskinstance.py:3900} INFO - 1 downstream tasks scheduled from follow-on schedule check
[2025-04-24T14:52:16.286+0000] {local_task_job_runner.py:245} INFO - ::endgroup::
