[2025-04-24T15:58:31.754+0000] {local_task_job_runner.py:123} INFO - ::group::Pre task execution logs
[2025-04-24T15:58:31.762+0000] {taskinstance.py:2612} INFO - Dependencies all met for dep_context=non-requeueable deps ti=<TaskInstance: airflow_lab.load_data_to_snowflake manual__2025-04-24T15:58:22.886227+00:00 [queued]>
[2025-04-24T15:58:31.765+0000] {taskinstance.py:2612} INFO - Dependencies all met for dep_context=requeueable deps ti=<TaskInstance: airflow_lab.load_data_to_snowflake manual__2025-04-24T15:58:22.886227+00:00 [queued]>
[2025-04-24T15:58:31.765+0000] {taskinstance.py:2865} INFO - Starting attempt 1 of 1
[2025-04-24T15:58:31.770+0000] {taskinstance.py:2888} INFO - Executing <Task(_PythonDecoratedOperator): load_data_to_snowflake> on 2025-04-24 15:58:22.886227+00:00
[2025-04-24T15:58:31.774+0000] {warnings.py:112} WARNING - /home/***/.local/lib/python3.12/site-packages/***/task/task_runner/standard_task_runner.py:70: DeprecationWarning: This process (pid=2177) is multi-threaded, use of fork() may lead to deadlocks in the child.
  pid = os.fork()

[2025-04-24T15:58:31.775+0000] {standard_task_runner.py:72} INFO - Started process 2179 to run task
[2025-04-24T15:58:31.775+0000] {standard_task_runner.py:104} INFO - Running: ['***', 'tasks', 'run', '***_lab', 'load_data_to_snowflake', 'manual__2025-04-24T15:58:22.886227+00:00', '--job-id', '155', '--raw', '--subdir', 'DAGS_FOLDER/elt.py', '--cfg-path', '/tmp/tmpcoaul1hn']
[2025-04-24T15:58:31.777+0000] {standard_task_runner.py:105} INFO - Job 155: Subtask load_data_to_snowflake
[2025-04-24T15:58:31.798+0000] {task_command.py:467} INFO - Running <TaskInstance: airflow_lab.load_data_to_snowflake manual__2025-04-24T15:58:22.886227+00:00 [running]> on host 7ce975cba66d
[2025-04-24T15:58:31.871+0000] {taskinstance.py:3131} INFO - Exporting env vars: AIRFLOW_CTX_DAG_OWNER='***' AIRFLOW_CTX_DAG_ID='***_lab' AIRFLOW_CTX_TASK_ID='load_data_to_snowflake' AIRFLOW_CTX_EXECUTION_DATE='2025-04-24T15:58:22.886227+00:00' AIRFLOW_CTX_TRY_NUMBER='1' AIRFLOW_CTX_DAG_RUN_ID='manual__2025-04-24T15:58:22.886227+00:00'
[2025-04-24T15:58:31.871+0000] {taskinstance.py:731} INFO - ::endgroup::
[2025-04-24T15:58:31.877+0000] {base.py:84} INFO - Retrieving connection 'snowflake_default'
[2025-04-24T15:58:31.879+0000] {connection.py:413} INFO - Snowflake Connector for Python Version: 3.12.2, Python Version: 3.12.6, Platform: Linux-6.10.14-linuxkit-aarch64-with-glibc2.36
[2025-04-24T15:58:31.879+0000] {connection.py:1196} INFO - Connecting to GLOBAL Snowflake domain
[2025-04-24T15:58:31.879+0000] {connection.py:1277} INFO - This connection is in OCSP Fail Open Mode. TLS Certificates would be checked for validity and revocation status. Any other Certificate Revocation related exceptions or OCSP Responder failures would be disregarded in favor of connectivity.
[2025-04-24T15:58:32.249+0000] {logging_mixin.py:190} INFO - New data columns: ['ID', 'Full_Name', 'Gender', 'Date_Time', 'Q01', 'Q02', 'Q03', 'Q04', 'Q05', 'Q06', 'Q07', 'Q08', 'Q09', 'Q10', 'Q11', 'Q12', 'Q13']
[2025-04-24T15:58:32.259+0000] {logging_mixin.py:190} INFO - 2020-12-10 16:51:00
[2025-04-24T15:58:32.754+0000] {logging_mixin.py:190} INFO - 2020-11-16 09:35:00
[2025-04-24T15:58:33.164+0000] {logging_mixin.py:190} INFO - 2020-01-18 20:38:00
[2025-04-24T15:58:33.573+0000] {logging_mixin.py:190} INFO - 2020-02-04 15:09:00
[2025-04-24T15:58:33.978+0000] {logging_mixin.py:190} INFO - 2020-07-09 17:51:00
[2025-04-24T15:58:34.391+0000] {logging_mixin.py:190} INFO - 2020-10-16 16:10:00
[2025-04-24T15:58:34.802+0000] {logging_mixin.py:190} INFO - 2020-09-06 15:21:00
[2025-04-24T15:58:35.160+0000] {logging_mixin.py:190} INFO - 2021-01-31 11:42:00
[2025-04-24T15:58:35.510+0000] {logging_mixin.py:190} INFO - 2020-10-14 14:32:00
[2025-04-24T15:58:35.852+0000] {logging_mixin.py:190} INFO - 2020-03-13 11:26:00
[2025-04-24T15:58:36.159+0000] {logging_mixin.py:190} INFO - 2020-06-24 15:37:00
[2025-04-24T15:58:36.542+0000] {logging_mixin.py:190} INFO - 2020-01-04 13:58:00
[2025-04-24T15:58:36.949+0000] {logging_mixin.py:190} INFO - 2020-04-14 18:00:00
[2025-04-24T15:58:37.363+0000] {logging_mixin.py:190} INFO - 2020-01-21 16:57:00
[2025-04-24T15:58:37.772+0000] {logging_mixin.py:190} INFO - 2021-01-04 18:58:00
[2025-04-24T15:58:38.085+0000] {logging_mixin.py:190} INFO - 2020-03-27 13:49:00
[2025-04-24T15:58:38.384+0000] {logging_mixin.py:190} INFO - 2020-03-19 10:09:00
[2025-04-24T15:58:38.798+0000] {logging_mixin.py:190} INFO - 2020-07-10 16:18:00
[2025-04-24T15:58:39.210+0000] {logging_mixin.py:190} INFO - 2020-02-13 14:48:00
[2025-04-24T15:58:39.615+0000] {logging_mixin.py:190} INFO - 2020-11-11 18:38:00
[2025-04-24T15:58:40.022+0000] {logging_mixin.py:190} INFO - 2021-01-24 11:30:00
[2025-04-24T15:58:40.430+0000] {logging_mixin.py:190} INFO - 2020-03-06 11:06:00
[2025-04-24T15:58:40.840+0000] {logging_mixin.py:190} INFO - 2020-01-09 18:07:00
[2025-04-24T15:58:41.166+0000] {logging_mixin.py:190} INFO - 2020-08-16 18:41:00
[2025-04-24T15:58:41.555+0000] {logging_mixin.py:190} INFO - 2020-12-23 18:35:00
[2025-04-24T15:58:41.968+0000] {logging_mixin.py:190} INFO - 2020-11-28 11:24:00
[2025-04-24T15:58:42.384+0000] {logging_mixin.py:190} INFO - 2020-12-13 12:10:00
[2025-04-24T15:58:42.790+0000] {logging_mixin.py:190} INFO - 2020-10-12 13:24:00
[2025-04-24T15:58:43.195+0000] {logging_mixin.py:190} INFO - 2020-10-02 11:32:00
[2025-04-24T15:58:43.608+0000] {logging_mixin.py:190} INFO - 2021-01-20 11:07:00
[2025-04-24T15:58:43.933+0000] {logging_mixin.py:190} INFO - 2020-08-22 14:30:00
[2025-04-24T15:58:44.254+0000] {logging_mixin.py:190} INFO - 2020-07-07 09:00:00
[2025-04-24T15:58:44.628+0000] {logging_mixin.py:190} INFO - 2020-07-10 13:07:00
[2025-04-24T15:58:45.029+0000] {logging_mixin.py:190} INFO - 2020-11-29 18:03:00
[2025-04-24T15:58:45.356+0000] {logging_mixin.py:190} INFO - 2020-12-19 12:10:00
[2025-04-24T15:58:45.759+0000] {logging_mixin.py:190} INFO - 2020-05-02 20:25:00
[2025-04-24T15:58:46.166+0000] {logging_mixin.py:190} INFO - 2020-10-03 14:04:00
[2025-04-24T15:58:46.570+0000] {logging_mixin.py:190} INFO - 2020-04-24 17:06:00
[2025-04-24T15:58:46.982+0000] {logging_mixin.py:190} INFO - 2020-06-30 14:16:00
[2025-04-24T15:58:47.398+0000] {logging_mixin.py:190} INFO - 2020-02-24 15:24:00
[2025-04-24T15:58:47.807+0000] {logging_mixin.py:190} INFO - 2020-08-15 12:48:00
[2025-04-24T15:58:48.214+0000] {logging_mixin.py:190} INFO - 2020-07-14 14:33:00
[2025-04-24T15:58:48.628+0000] {logging_mixin.py:190} INFO - 2020-10-30 12:56:00
[2025-04-24T15:58:48.962+0000] {logging_mixin.py:190} INFO - 2020-05-22 09:39:00
[2025-04-24T15:58:49.285+0000] {logging_mixin.py:190} INFO - 2020-11-02 19:27:00
[2025-04-24T15:58:49.650+0000] {logging_mixin.py:190} INFO - 2020-02-24 09:32:00
[2025-04-24T15:58:50.157+0000] {logging_mixin.py:190} INFO - 2020-11-17 12:01:00
[2025-04-24T15:58:50.574+0000] {logging_mixin.py:190} INFO - 2020-02-08 14:02:00
[2025-04-24T15:58:50.994+0000] {logging_mixin.py:190} INFO - 2020-05-14 13:55:00
[2025-04-24T15:58:51.321+0000] {logging_mixin.py:190} INFO - 2020-03-18 16:34:00
[2025-04-24T15:58:51.823+0000] {logging_mixin.py:190} INFO - 2020-07-05 09:16:00
[2025-04-24T15:58:52.231+0000] {logging_mixin.py:190} INFO - 2020-09-08 14:49:00
[2025-04-24T15:58:52.632+0000] {logging_mixin.py:190} INFO - 2020-01-07 20:31:00
[2025-04-24T15:58:53.026+0000] {logging_mixin.py:190} INFO - 2020-01-03 12:53:00
[2025-04-24T15:58:53.446+0000] {logging_mixin.py:190} INFO - 2020-03-29 18:33:00
[2025-04-24T15:58:53.869+0000] {logging_mixin.py:190} INFO - 2020-01-08 15:36:00
[2025-04-24T15:58:54.265+0000] {logging_mixin.py:190} INFO - 2020-01-27 19:25:00
[2025-04-24T15:58:54.788+0000] {logging_mixin.py:190} INFO - 2020-10-31 13:43:00
[2025-04-24T15:58:55.218+0000] {logging_mixin.py:190} INFO - 2020-12-16 12:54:00
[2025-04-24T15:58:55.638+0000] {logging_mixin.py:190} INFO - 2020-10-16 14:48:00
[2025-04-24T15:58:56.026+0000] {logging_mixin.py:190} INFO - 2020-02-13 14:50:00
[2025-04-24T15:58:56.523+0000] {logging_mixin.py:190} INFO - 2020-04-22 20:49:00
[2025-04-24T15:58:56.942+0000] {logging_mixin.py:190} INFO - 2020-01-17 19:50:00
[2025-04-24T15:58:57.364+0000] {logging_mixin.py:190} INFO - 2020-09-22 17:04:00
[2025-04-24T15:58:57.909+0000] {logging_mixin.py:190} INFO - 2020-02-11 13:28:00
[2025-04-24T15:58:58.397+0000] {logging_mixin.py:190} INFO - 2020-05-31 19:58:00
[2025-04-24T15:58:58.918+0000] {logging_mixin.py:190} INFO - 2020-12-03 10:10:00
[2025-04-24T15:58:59.422+0000] {logging_mixin.py:190} INFO - 2020-05-07 10:56:00
[2025-04-24T15:59:00.124+0000] {logging_mixin.py:190} INFO - 2020-12-10 12:00:00
[2025-04-24T15:59:01.383+0000] {logging_mixin.py:190} INFO - 2020-11-03 14:23:00
[2025-04-24T15:59:03.209+0000] {logging_mixin.py:190} INFO - 2020-07-22 13:38:00
[2025-04-24T15:59:10.607+0000] {logging_mixin.py:190} INFO - 2020-09-18 13:06:00
[2025-04-24T15:59:22.576+0000] {job.py:229} INFO - Heartbeat recovered after 25.09 seconds
[2025-04-24T15:59:23.016+0000] {logging_mixin.py:190} INFO - 2021-01-18 19:13:00
[2025-04-24T15:59:23.428+0000] {logging_mixin.py:190} INFO - 2020-12-28 11:47:00
[2025-04-24T15:59:23.761+0000] {logging_mixin.py:190} INFO - 2020-11-22 17:13:00
[2025-04-24T15:59:24.176+0000] {logging_mixin.py:190} INFO - 2020-01-19 14:20:00
[2025-04-24T15:59:24.594+0000] {logging_mixin.py:190} INFO - 2020-09-18 20:37:00
[2025-04-24T15:59:25.009+0000] {logging_mixin.py:190} INFO - 2020-11-24 17:58:00
[2025-04-24T15:59:25.390+0000] {logging_mixin.py:190} INFO - 2020-12-19 19:03:00
[2025-04-24T15:59:25.792+0000] {logging_mixin.py:190} INFO - 2020-09-29 17:27:00
[2025-04-24T15:59:26.198+0000] {logging_mixin.py:190} INFO - 2020-10-26 09:54:00
[2025-04-24T15:59:26.618+0000] {logging_mixin.py:190} INFO - 2020-05-15 19:06:00
[2025-04-24T15:59:27.029+0000] {logging_mixin.py:190} INFO - 2020-10-07 17:58:00
[2025-04-24T15:59:27.438+0000] {logging_mixin.py:190} INFO - 2020-12-20 17:30:00
[2025-04-24T15:59:27.841+0000] {logging_mixin.py:190} INFO - 2020-07-31 09:12:00
[2025-04-24T15:59:28.256+0000] {logging_mixin.py:190} INFO - 2021-01-14 12:57:00
[2025-04-24T15:59:28.660+0000] {logging_mixin.py:190} INFO - 2020-04-17 11:55:00
[2025-04-24T15:59:28.947+0000] {logging_mixin.py:190} INFO - 2020-04-13 09:49:00
[2025-04-24T15:59:29.312+0000] {logging_mixin.py:190} INFO - 2021-01-20 14:39:00
[2025-04-24T15:59:29.798+0000] {logging_mixin.py:190} INFO - 2020-10-31 20:35:00
[2025-04-24T15:59:30.204+0000] {logging_mixin.py:190} INFO - 2020-01-16 18:14:00
[2025-04-24T15:59:30.610+0000] {logging_mixin.py:190} INFO - 2020-02-10 09:57:00
[2025-04-24T15:59:31.016+0000] {logging_mixin.py:190} INFO - 2020-04-10 12:31:00
[2025-04-24T15:59:31.427+0000] {logging_mixin.py:190} INFO - 2020-12-27 20:59:00
[2025-04-24T15:59:31.744+0000] {logging_mixin.py:190} INFO - 2020-11-17 11:28:00
[2025-04-24T15:59:32.147+0000] {logging_mixin.py:190} INFO - 2020-10-07 13:41:00
[2025-04-24T15:59:32.559+0000] {logging_mixin.py:190} INFO - 2020-03-02 17:22:00
[2025-04-24T15:59:32.960+0000] {logging_mixin.py:190} INFO - 2020-04-06 14:55:00
[2025-04-24T15:59:33.289+0000] {logging_mixin.py:190} INFO - 2020-01-06 14:27:00
[2025-04-24T15:59:33.785+0000] {logging_mixin.py:190} INFO - 2020-06-19 16:05:00
[2025-04-24T15:59:34.117+0000] {logging_mixin.py:190} INFO - 2020-06-12 14:03:00
[2025-04-24T15:59:34.605+0000] {logging_mixin.py:190} INFO - 2020-08-29 10:47:00
[2025-04-24T15:59:35.118+0000] {logging_mixin.py:190} INFO - 2020-06-21 10:30:00
[2025-04-24T15:59:35.525+0000] {logging_mixin.py:190} INFO - 2020-11-05 10:09:00
[2025-04-24T15:59:35.882+0000] {logging_mixin.py:190} INFO - 2020-01-29 13:23:00
[2025-04-24T15:59:36.243+0000] {logging_mixin.py:190} INFO - 2020-02-22 15:29:00
[2025-04-24T15:59:36.654+0000] {logging_mixin.py:190} INFO - 2020-01-07 14:55:00
[2025-04-24T15:59:36.972+0000] {logging_mixin.py:190} INFO - 2021-01-12 16:08:00
[2025-04-24T15:59:37.467+0000] {logging_mixin.py:190} INFO - 2020-06-10 17:55:00
[2025-04-24T15:59:37.875+0000] {logging_mixin.py:190} INFO - 2020-10-22 20:20:00
[2025-04-24T15:59:38.285+0000] {logging_mixin.py:190} INFO - 2020-03-29 16:20:00
[2025-04-24T15:59:38.699+0000] {logging_mixin.py:190} INFO - 2020-10-19 19:00:00
[2025-04-24T15:59:39.111+0000] {logging_mixin.py:190} INFO - 2020-06-24 14:27:00
[2025-04-24T15:59:39.519+0000] {logging_mixin.py:190} INFO - 2020-12-07 12:03:00
[2025-04-24T15:59:40.027+0000] {logging_mixin.py:190} INFO - 2020-06-12 09:35:00
[2025-04-24T15:59:40.347+0000] {logging_mixin.py:190} INFO - 2021-01-28 17:52:00
[2025-04-24T15:59:40.717+0000] {logging_mixin.py:190} INFO - 2020-09-10 12:43:00
[2025-04-24T15:59:41.154+0000] {logging_mixin.py:190} INFO - 2020-12-16 09:27:00
[2025-04-24T15:59:41.568+0000] {logging_mixin.py:190} INFO - 2020-10-24 12:06:00
[2025-04-24T15:59:41.888+0000] {logging_mixin.py:190} INFO - 2020-10-03 12:21:00
[2025-04-24T15:59:42.280+0000] {logging_mixin.py:190} INFO - 2020-08-20 13:50:00
[2025-04-24T15:59:42.615+0000] {logging_mixin.py:190} INFO - 2020-06-26 09:26:00
[2025-04-24T15:59:42.996+0000] {logging_mixin.py:190} INFO - 2020-10-18 18:37:00
[2025-04-24T15:59:43.305+0000] {logging_mixin.py:190} INFO - 2020-12-12 16:46:00
[2025-04-24T15:59:43.720+0000] {logging_mixin.py:190} INFO - 2020-12-30 11:57:00
[2025-04-24T15:59:44.124+0000] {logging_mixin.py:190} INFO - 2020-08-29 18:34:00
[2025-04-24T15:59:44.539+0000] {logging_mixin.py:190} INFO - 2020-09-30 12:02:00
[2025-04-24T15:59:44.881+0000] {logging_mixin.py:190} INFO - 2020-09-27 12:14:00
[2025-04-24T15:59:45.215+0000] {logging_mixin.py:190} INFO - 2020-01-07 20:11:00
[2025-04-24T15:59:45.563+0000] {logging_mixin.py:190} INFO - 2020-07-11 15:11:00
[2025-04-24T15:59:45.971+0000] {logging_mixin.py:190} INFO - 2020-07-23 20:49:00
[2025-04-24T15:59:46.385+0000] {logging_mixin.py:190} INFO - 2020-05-09 16:34:00
[2025-04-24T15:59:46.724+0000] {logging_mixin.py:190} INFO - 2020-03-15 16:45:00
[2025-04-24T15:59:47.093+0000] {logging_mixin.py:190} INFO - 2020-03-29 15:17:00
[2025-04-24T15:59:47.507+0000] {logging_mixin.py:190} INFO - 2021-01-30 19:38:00
[2025-04-24T15:59:48.014+0000] {logging_mixin.py:190} INFO - 2020-04-18 17:23:00
[2025-04-24T15:59:48.327+0000] {logging_mixin.py:190} INFO - 2020-11-30 11:14:00
[2025-04-24T15:59:48.735+0000] {logging_mixin.py:190} INFO - 2020-09-25 09:41:00
[2025-04-24T15:59:49.060+0000] {logging_mixin.py:190} INFO - 2020-02-17 13:04:00
[2025-04-24T15:59:49.396+0000] {logging_mixin.py:190} INFO - 2020-08-05 18:01:00
[2025-04-24T15:59:49.758+0000] {logging_mixin.py:190} INFO - 2020-10-08 19:50:00
[2025-04-24T15:59:50.164+0000] {logging_mixin.py:190} INFO - 2020-05-23 14:48:00
[2025-04-24T15:59:50.583+0000] {logging_mixin.py:190} INFO - 2020-12-27 14:46:00
[2025-04-24T15:59:50.989+0000] {logging_mixin.py:190} INFO - 2020-09-19 10:59:00
[2025-04-24T15:59:51.399+0000] {logging_mixin.py:190} INFO - 2020-09-07 13:36:00
[2025-04-24T15:59:51.803+0000] {logging_mixin.py:190} INFO - 2020-02-26 11:30:00
[2025-04-24T15:59:52.192+0000] {logging_mixin.py:190} INFO - 2021-01-28 10:13:00
[2025-04-24T15:59:52.527+0000] {logging_mixin.py:190} INFO - 2020-02-08 18:43:00
[2025-04-24T15:59:52.936+0000] {logging_mixin.py:190} INFO - 2020-09-02 16:51:00
[2025-04-24T15:59:53.300+0000] {logging_mixin.py:190} INFO - 2020-12-12 18:53:00
[2025-04-24T15:59:53.877+0000] {logging_mixin.py:190} INFO - 2020-06-10 15:54:00
[2025-04-24T15:59:55.095+0000] {logging_mixin.py:190} INFO - 2021-01-02 16:00:00
[2025-04-24T15:59:59.414+0000] {logging_mixin.py:190} INFO - 2020-03-09 19:55:00
[2025-04-24T16:00:00.083+0000] {logging_mixin.py:190} INFO - 2020-12-20 10:39:00
[2025-04-24T16:00:00.633+0000] {logging_mixin.py:190} INFO - 2020-12-03 19:22:00
[2025-04-24T16:00:01.433+0000] {logging_mixin.py:190} INFO - 2020-03-10 12:30:00
[2025-04-24T16:00:07.348+0000] {logging_mixin.py:190} INFO - 2020-04-21 16:35:00
[2025-04-24T16:00:16.346+0000] {logging_mixin.py:190} INFO - 2020-04-11 10:34:00
[2025-04-24T16:00:18.352+0000] {job.py:229} INFO - Heartbeat recovered after 19.17 seconds
[2025-04-24T16:00:18.951+0000] {logging_mixin.py:190} INFO - 2021-01-29 15:02:00
[2025-04-24T16:00:20.291+0000] {logging_mixin.py:190} INFO - 2020-02-10 20:21:00
[2025-04-24T16:00:20.791+0000] {logging_mixin.py:190} INFO - 2020-06-05 17:34:00
[2025-04-24T16:00:21.246+0000] {logging_mixin.py:190} INFO - 2020-07-24 18:11:00
[2025-04-24T16:00:21.820+0000] {logging_mixin.py:190} INFO - 2020-10-10 17:30:00
[2025-04-24T16:00:22.348+0000] {logging_mixin.py:190} INFO - 2020-02-12 12:15:00
[2025-04-24T16:00:22.952+0000] {logging_mixin.py:190} INFO - 2020-11-10 16:05:00
[2025-04-24T16:00:23.557+0000] {logging_mixin.py:190} INFO - 2021-01-15 15:59:00
[2025-04-24T16:00:24.175+0000] {logging_mixin.py:190} INFO - 2020-09-25 14:37:00
[2025-04-24T16:00:24.894+0000] {logging_mixin.py:190} INFO - 2020-02-07 12:00:00
[2025-04-24T16:00:25.605+0000] {logging_mixin.py:190} INFO - 2020-08-06 16:20:00
[2025-04-24T16:00:26.534+0000] {logging_mixin.py:190} INFO - 2020-09-07 09:23:00
[2025-04-24T16:00:27.346+0000] {logging_mixin.py:190} INFO - 2020-12-08 13:46:00
[2025-04-24T16:00:28.065+0000] {logging_mixin.py:190} INFO - 2020-02-19 12:32:00
[2025-04-24T16:00:28.648+0000] {logging_mixin.py:190} INFO - 2021-01-05 11:56:00
[2025-04-24T16:00:29.599+0000] {logging_mixin.py:190} INFO - 2020-03-27 19:12:00
[2025-04-24T16:00:30.255+0000] {logging_mixin.py:190} INFO - 2021-01-05 12:03:00
[2025-04-24T16:00:30.827+0000] {logging_mixin.py:190} INFO - 2020-04-15 10:14:00
[2025-04-24T16:00:31.441+0000] {logging_mixin.py:190} INFO - 2020-01-12 11:02:00
[2025-04-24T16:00:32.168+0000] {logging_mixin.py:190} INFO - 2020-09-02 19:50:00
[2025-04-24T16:00:32.775+0000] {logging_mixin.py:190} INFO - 2020-04-11 09:35:00
[2025-04-24T16:00:33.392+0000] {logging_mixin.py:190} INFO - 2020-03-30 11:09:00
[2025-04-24T16:00:33.887+0000] {logging_mixin.py:190} INFO - 2020-08-12 10:55:00
[2025-04-24T16:00:34.366+0000] {logging_mixin.py:190} INFO - 2020-11-12 09:35:00
[2025-04-24T16:00:34.772+0000] {logging_mixin.py:190} INFO - 2020-05-30 09:28:00
[2025-04-24T16:00:35.182+0000] {logging_mixin.py:190} INFO - 2020-11-24 11:43:00
[2025-04-24T16:00:35.600+0000] {logging_mixin.py:190} INFO - 2021-01-10 17:15:00
[2025-04-24T16:00:35.960+0000] {logging_mixin.py:190} INFO - 2020-12-14 11:36:00
[2025-04-24T16:00:36.465+0000] {logging_mixin.py:190} INFO - 2020-06-21 12:22:00
[2025-04-24T16:00:36.976+0000] {logging_mixin.py:190} INFO - 2020-05-27 11:37:00
[2025-04-24T16:00:37.314+0000] {logging_mixin.py:190} INFO - 2020-11-02 12:41:00
[2025-04-24T16:00:37.904+0000] {logging_mixin.py:190} INFO - 2020-05-16 17:47:00
[2025-04-24T16:00:38.882+0000] {logging_mixin.py:190} INFO - 2020-02-14 09:33:00
[2025-04-24T16:00:39.261+0000] {logging_mixin.py:190} INFO - 2020-11-25 09:47:00
[2025-04-24T16:00:39.739+0000] {logging_mixin.py:190} INFO - 2020-08-19 12:34:00
[2025-04-24T16:00:40.082+0000] {logging_mixin.py:190} INFO - 2020-03-10 09:03:00
[2025-04-24T16:00:40.764+0000] {logging_mixin.py:190} INFO - 2020-10-28 09:42:00
[2025-04-24T16:00:41.149+0000] {logging_mixin.py:190} INFO - 2020-06-21 18:04:00
[2025-04-24T16:00:41.506+0000] {logging_mixin.py:190} INFO - 2020-02-04 15:18:00
[2025-04-24T16:00:42.506+0000] {logging_mixin.py:190} INFO - 2020-04-06 19:00:00
[2025-04-24T16:00:43.012+0000] {logging_mixin.py:190} INFO - 2020-08-16 14:02:00
[2025-04-24T16:00:43.503+0000] {logging_mixin.py:190} INFO - 2020-12-14 19:58:00
[2025-04-24T16:00:43.943+0000] {logging_mixin.py:190} INFO - 2020-08-08 19:01:00
[2025-04-24T16:00:44.350+0000] {logging_mixin.py:190} INFO - 2021-01-21 13:07:00
[2025-04-24T16:00:44.754+0000] {logging_mixin.py:190} INFO - 2020-10-11 20:29:00
[2025-04-24T16:00:45.272+0000] {logging_mixin.py:190} INFO - 2020-07-07 13:01:00
[2025-04-24T16:00:45.630+0000] {logging_mixin.py:190} INFO - 2020-07-23 17:07:00
[2025-04-24T16:00:45.999+0000] {logging_mixin.py:190} INFO - 2020-11-09 20:01:00
[2025-04-24T16:00:46.498+0000] {logging_mixin.py:190} INFO - 2020-07-20 18:09:00
[2025-04-24T16:00:46.907+0000] {logging_mixin.py:190} INFO - 2020-03-23 16:33:00
[2025-04-24T16:00:47.318+0000] {logging_mixin.py:190} INFO - 2020-05-29 20:28:00
[2025-04-24T16:00:47.724+0000] {logging_mixin.py:190} INFO - 2020-12-08 18:13:00
[2025-04-24T16:00:48.139+0000] {logging_mixin.py:190} INFO - 2020-03-24 14:33:00
[2025-04-24T16:00:48.542+0000] {logging_mixin.py:190} INFO - 2020-04-11 18:43:00
[2025-04-24T16:00:48.950+0000] {logging_mixin.py:190} INFO - 2020-10-17 14:06:00
[2025-04-24T16:00:49.365+0000] {logging_mixin.py:190} INFO - 2020-11-15 09:33:00
[2025-04-24T16:00:49.790+0000] {logging_mixin.py:190} INFO - 2020-08-02 17:36:00
[2025-04-24T16:00:50.190+0000] {logging_mixin.py:190} INFO - 2020-03-28 09:38:00
[2025-04-24T16:00:50.617+0000] {logging_mixin.py:190} INFO - 2021-01-21 12:45:00
[2025-04-24T16:00:51.053+0000] {logging_mixin.py:190} INFO - 2020-09-05 20:52:00
[2025-04-24T16:00:51.428+0000] {logging_mixin.py:190} INFO - 2020-10-20 17:19:00
[2025-04-24T16:00:52.024+0000] {logging_mixin.py:190} INFO - 2020-06-29 10:34:00
[2025-04-24T16:00:52.750+0000] {logging_mixin.py:190} INFO - 2020-07-06 16:22:00
[2025-04-24T16:00:53.158+0000] {logging_mixin.py:190} INFO - 2020-01-01 17:02:00
[2025-04-24T16:00:54.173+0000] {logging_mixin.py:190} INFO - 2020-02-27 18:21:00
[2025-04-24T16:00:55.368+0000] {logging_mixin.py:190} INFO - 2020-04-09 15:59:00
[2025-04-24T16:01:02.131+0000] {logging_mixin.py:190} INFO - 2020-03-03 17:14:00
[2025-04-24T16:01:02.139+0000] {job.py:229} INFO - Heartbeat recovered after 13.54 seconds
[2025-04-24T16:01:02.625+0000] {logging_mixin.py:190} INFO - 2020-03-07 11:40:00
[2025-04-24T16:01:03.139+0000] {logging_mixin.py:190} INFO - 2020-03-18 14:33:00
[2025-04-24T16:01:03.656+0000] {logging_mixin.py:190} INFO - 2020-01-03 17:22:00
[2025-04-24T16:01:04.063+0000] {logging_mixin.py:190} INFO - 2020-05-10 10:27:00
[2025-04-24T16:01:04.570+0000] {logging_mixin.py:190} INFO - 2020-04-13 10:03:00
[2025-04-24T16:01:05.146+0000] {logging_mixin.py:190} INFO - 2020-01-15 19:07:00
[2025-04-24T16:01:05.611+0000] {logging_mixin.py:190} INFO - 2020-01-22 18:37:00
[2025-04-24T16:01:06.057+0000] {logging_mixin.py:190} INFO - 2020-07-25 13:10:00
[2025-04-24T16:01:06.626+0000] {logging_mixin.py:190} INFO - 2020-12-29 16:58:00
[2025-04-24T16:01:07.135+0000] {logging_mixin.py:190} INFO - 2020-11-19 15:01:00
[2025-04-24T16:01:07.547+0000] {logging_mixin.py:190} INFO - 2020-01-21 10:54:00
[2025-04-24T16:01:08.092+0000] {logging_mixin.py:190} INFO - 2020-06-24 10:07:00
[2025-04-24T16:01:08.453+0000] {logging_mixin.py:190} INFO - 2020-09-05 13:30:00
[2025-04-24T16:01:08.857+0000] {logging_mixin.py:190} INFO - 2020-11-10 15:07:00
[2025-04-24T16:01:09.615+0000] {logging_mixin.py:190} INFO - 2020-05-16 14:15:00
[2025-04-24T16:01:10.101+0000] {logging_mixin.py:190} INFO - 2020-11-13 10:39:00
[2025-04-24T16:01:10.517+0000] {logging_mixin.py:190} INFO - 2020-03-21 18:41:00
[2025-04-24T16:01:10.837+0000] {logging_mixin.py:190} INFO - 2020-01-04 10:35:00
[2025-04-24T16:01:11.337+0000] {logging_mixin.py:190} INFO - 2020-10-01 15:53:00
[2025-04-24T16:01:12.083+0000] {logging_mixin.py:190} INFO - 2020-11-16 19:13:00
[2025-04-24T16:01:12.373+0000] {local_task_job_runner.py:346} WARNING - State of this instance has been externally set to failed. Terminating instance.
[2025-04-24T16:01:12.380+0000] {local_task_job_runner.py:245} INFO - ::endgroup::
[2025-04-24T16:01:12.386+0000] {process_utils.py:132} INFO - Sending 15 to group 2179. PIDs of all processes in the group: [2179]
[2025-04-24T16:01:12.388+0000] {process_utils.py:87} INFO - Sending the signal 15 to group 2179
[2025-04-24T16:01:12.389+0000] {taskinstance.py:3092} ERROR - Received SIGTERM. Terminating subprocesses.
[2025-04-24T16:01:12.445+0000] {taskinstance.py:340} INFO - ::group::Post task execution logs
[2025-04-24T16:01:12.486+0000] {process_utils.py:80} INFO - Process psutil.Process(pid=2179, status='terminated', exitcode=0, started='15:58:31') (2179) terminated with exit code 0
