[2025-04-24T15:31:39.818+0000] {local_task_job_runner.py:123} INFO - ::group::Pre task execution logs
[2025-04-24T15:31:39.827+0000] {taskinstance.py:2612} INFO - Dependencies all met for dep_context=non-requeueable deps ti=<TaskInstance: airflow_lab.check_latest_date manual__2025-04-24T15:31:19.134030+00:00 [queued]>
[2025-04-24T15:31:39.831+0000] {taskinstance.py:2612} INFO - Dependencies all met for dep_context=requeueable deps ti=<TaskInstance: airflow_lab.check_latest_date manual__2025-04-24T15:31:19.134030+00:00 [queued]>
[2025-04-24T15:31:39.832+0000] {taskinstance.py:2865} INFO - Starting attempt 1 of 1
[2025-04-24T15:31:39.837+0000] {taskinstance.py:2888} INFO - Executing <Task(_PythonDecoratedOperator): check_latest_date> on 2025-04-24 15:31:19.134030+00:00
[2025-04-24T15:31:39.841+0000] {warnings.py:112} WARNING - /home/***/.local/lib/python3.12/site-packages/***/task/task_runner/standard_task_runner.py:70: DeprecationWarning: This process (pid=1206) is multi-threaded, use of fork() may lead to deadlocks in the child.
  pid = os.fork()

[2025-04-24T15:31:39.842+0000] {standard_task_runner.py:72} INFO - Started process 1208 to run task
[2025-04-24T15:31:39.843+0000] {standard_task_runner.py:104} INFO - Running: ['***', 'tasks', 'run', '***_lab', 'check_latest_date', 'manual__2025-04-24T15:31:19.134030+00:00', '--job-id', '79', '--raw', '--subdir', 'DAGS_FOLDER/elt.py', '--cfg-path', '/tmp/tmpw90hi7t2']
[2025-04-24T15:31:39.844+0000] {standard_task_runner.py:105} INFO - Job 79: Subtask check_latest_date
[2025-04-24T15:31:39.869+0000] {task_command.py:467} INFO - Running <TaskInstance: airflow_lab.check_latest_date manual__2025-04-24T15:31:19.134030+00:00 [running]> on host 7ce975cba66d
[2025-04-24T15:31:39.910+0000] {taskinstance.py:3131} INFO - Exporting env vars: AIRFLOW_CTX_DAG_OWNER='***' AIRFLOW_CTX_DAG_ID='***_lab' AIRFLOW_CTX_TASK_ID='check_latest_date' AIRFLOW_CTX_EXECUTION_DATE='2025-04-24T15:31:19.134030+00:00' AIRFLOW_CTX_TRY_NUMBER='1' AIRFLOW_CTX_DAG_RUN_ID='manual__2025-04-24T15:31:19.134030+00:00'
[2025-04-24T15:31:39.911+0000] {taskinstance.py:731} INFO - ::endgroup::
[2025-04-24T15:31:39.913+0000] {logging_mixin.py:190} INFO - Checking latest date in Snowflake table: TB_SYMPTOMS_GGSHEET
[2025-04-24T15:31:39.918+0000] {base.py:84} INFO - Retrieving connection 'snowflake_default'
[2025-04-24T15:31:39.919+0000] {connection.py:413} INFO - Snowflake Connector for Python Version: 3.12.2, Python Version: 3.12.6, Platform: Linux-6.10.14-linuxkit-aarch64-with-glibc2.36
[2025-04-24T15:31:39.920+0000] {connection.py:1196} INFO - Connecting to GLOBAL Snowflake domain
[2025-04-24T15:31:39.920+0000] {connection.py:1277} INFO - This connection is in OCSP Fail Open Mode. TLS Certificates would be checked for validity and revocation status. Any other Certificate Revocation related exceptions or OCSP Responder failures would be disregarded in favor of connectivity.
[2025-04-24T15:31:40.482+0000] {cursor.py:1156} INFO - Number of results in first chunk: 1
[2025-04-24T15:31:40.482+0000] {python.py:240} INFO - Done. Returned value was: None
[2025-04-24T15:31:40.488+0000] {taskinstance.py:340} INFO - ::group::Post task execution logs
[2025-04-24T15:31:40.489+0000] {taskinstance.py:352} INFO - Marking task as SUCCESS. dag_id=***_lab, task_id=check_latest_date, run_id=manual__2025-04-24T15:31:19.134030+00:00, execution_date=20250424T153119, start_date=20250424T153139, end_date=20250424T153140
[2025-04-24T15:31:40.536+0000] {local_task_job_runner.py:266} INFO - Task exited with return code 0
[2025-04-24T15:31:40.552+0000] {taskinstance.py:3900} INFO - 1 downstream tasks scheduled from follow-on schedule check
[2025-04-24T15:31:40.553+0000] {local_task_job_runner.py:245} INFO - ::endgroup::
