[2025-04-24T16:44:11.610+0000] {local_task_job_runner.py:123} INFO - ::group::Pre task execution logs
[2025-04-24T16:44:11.619+0000] {taskinstance.py:2612} INFO - Dependencies all met for dep_context=non-requeueable deps ti=<TaskInstance: airflow_lab.load_data_to_snowflake manual__2025-04-24T16:44:01.287486+00:00 [queued]>
[2025-04-24T16:44:11.623+0000] {taskinstance.py:2612} INFO - Dependencies all met for dep_context=requeueable deps ti=<TaskInstance: airflow_lab.load_data_to_snowflake manual__2025-04-24T16:44:01.287486+00:00 [queued]>
[2025-04-24T16:44:11.623+0000] {taskinstance.py:2865} INFO - Starting attempt 1 of 1
[2025-04-24T16:44:11.628+0000] {taskinstance.py:2888} INFO - Executing <Task(_PythonDecoratedOperator): load_data_to_snowflake> on 2025-04-24 16:44:01.287486+00:00
[2025-04-24T16:44:11.632+0000] {warnings.py:112} WARNING - /home/***/.local/lib/python3.12/site-packages/***/task/task_runner/standard_task_runner.py:70: DeprecationWarning: This process (pid=92) is multi-threaded, use of fork() may lead to deadlocks in the child.
  pid = os.fork()

[2025-04-24T16:44:11.633+0000] {standard_task_runner.py:72} INFO - Started process 94 to run task
[2025-04-24T16:44:11.633+0000] {standard_task_runner.py:104} INFO - Running: ['***', 'tasks', 'run', '***_lab', 'load_data_to_snowflake', 'manual__2025-04-24T16:44:01.287486+00:00', '--job-id', '167', '--raw', '--subdir', 'DAGS_FOLDER/elt.py', '--cfg-path', '/tmp/tmppfnjh06w']
[2025-04-24T16:44:11.635+0000] {standard_task_runner.py:105} INFO - Job 167: Subtask load_data_to_snowflake
[2025-04-24T16:44:11.661+0000] {task_command.py:467} INFO - Running <TaskInstance: airflow_lab.load_data_to_snowflake manual__2025-04-24T16:44:01.287486+00:00 [running]> on host 3b98ce16fd30
[2025-04-24T16:44:11.742+0000] {taskinstance.py:3131} INFO - Exporting env vars: AIRFLOW_CTX_DAG_OWNER='***' AIRFLOW_CTX_DAG_ID='***_lab' AIRFLOW_CTX_TASK_ID='load_data_to_snowflake' AIRFLOW_CTX_EXECUTION_DATE='2025-04-24T16:44:01.287486+00:00' AIRFLOW_CTX_TRY_NUMBER='1' AIRFLOW_CTX_DAG_RUN_ID='manual__2025-04-24T16:44:01.287486+00:00'
[2025-04-24T16:44:11.743+0000] {taskinstance.py:731} INFO - ::endgroup::
[2025-04-24T16:44:11.750+0000] {base.py:84} INFO - Retrieving connection 'snowflake_default'
[2025-04-24T16:44:11.750+0000] {connection.py:413} INFO - Snowflake Connector for Python Version: 3.12.2, Python Version: 3.12.6, Platform: Linux-6.10.14-linuxkit-aarch64-with-glibc2.36
[2025-04-24T16:44:11.751+0000] {connection.py:1196} INFO - Connecting to GLOBAL Snowflake domain
[2025-04-24T16:44:11.751+0000] {connection.py:1277} INFO - This connection is in OCSP Fail Open Mode. TLS Certificates would be checked for validity and revocation status. Any other Certificate Revocation related exceptions or OCSP Responder failures would be disregarded in favor of connectivity.
[2025-04-24T16:44:12.132+0000] {logging_mixin.py:190} INFO - New data columns: ['ID', 'Full_Name', 'Gender', 'Date_Time', 'Q01', 'Q02', 'Q03', 'Q04', 'Q05', 'Q06', 'Q07', 'Q08', 'Q09', 'Q10', 'Q11', 'Q12', 'Q13']
[2025-04-24T16:44:12.141+0000] {logging_mixin.py:190} INFO - 2020-12-10 16:51:00
[2025-04-24T16:44:12.965+0000] {logging_mixin.py:190} INFO - 2020-11-16 09:35:00
[2025-04-24T16:44:13.681+0000] {logging_mixin.py:190} INFO - 2020-01-18 20:38:00
[2025-04-24T16:44:14.300+0000] {logging_mixin.py:190} INFO - 2020-02-04 15:09:00
[2025-04-24T16:44:14.910+0000] {logging_mixin.py:190} INFO - 2020-07-09 17:51:00
[2025-04-24T16:44:15.318+0000] {logging_mixin.py:190} INFO - 2020-10-16 16:10:00
[2025-04-24T16:44:15.729+0000] {logging_mixin.py:190} INFO - 2020-09-06 15:21:00
[2025-04-24T16:44:16.137+0000] {logging_mixin.py:190} INFO - 2021-01-31 11:42:00
[2025-04-24T16:44:16.651+0000] {logging_mixin.py:190} INFO - 2020-10-14 14:32:00
[2025-04-24T16:44:17.066+0000] {logging_mixin.py:190} INFO - 2020-03-13 11:26:00
[2025-04-24T16:44:17.471+0000] {logging_mixin.py:190} INFO - 2020-06-24 15:37:00
[2025-04-24T16:44:17.853+0000] {logging_mixin.py:190} INFO - 2020-01-04 13:58:00
[2025-04-24T16:44:18.294+0000] {logging_mixin.py:190} INFO - 2020-04-14 18:00:00
[2025-04-24T16:44:18.701+0000] {logging_mixin.py:190} INFO - 2020-01-21 16:57:00
[2025-04-24T16:44:19.108+0000] {logging_mixin.py:190} INFO - 2021-01-04 18:58:00
[2025-04-24T16:44:19.524+0000] {logging_mixin.py:190} INFO - 2020-03-27 13:49:00
[2025-04-24T16:44:19.861+0000] {logging_mixin.py:190} INFO - 2020-03-19 10:09:00
[2025-04-24T16:44:20.196+0000] {logging_mixin.py:190} INFO - 2020-07-10 16:18:00
[2025-04-24T16:44:20.647+0000] {logging_mixin.py:190} INFO - 2020-02-13 14:48:00
[2025-04-24T16:44:21.060+0000] {logging_mixin.py:190} INFO - 2020-11-11 18:38:00
[2025-04-24T16:44:21.461+0000] {logging_mixin.py:190} INFO - 2021-01-24 11:30:00
[2025-04-24T16:44:21.873+0000] {logging_mixin.py:190} INFO - 2020-03-06 11:06:00
[2025-04-24T16:44:22.281+0000] {logging_mixin.py:190} INFO - 2020-01-09 18:07:00
[2025-04-24T16:44:22.700+0000] {logging_mixin.py:190} INFO - 2020-08-16 18:41:00
[2025-04-24T16:44:23.101+0000] {logging_mixin.py:190} INFO - 2020-12-23 18:35:00
[2025-04-24T16:44:23.517+0000] {logging_mixin.py:190} INFO - 2020-11-28 11:24:00
[2025-04-24T16:44:23.862+0000] {logging_mixin.py:190} INFO - 2020-12-13 12:10:00
[2025-04-24T16:44:24.230+0000] {logging_mixin.py:190} INFO - 2020-10-12 13:24:00
[2025-04-24T16:44:24.636+0000] {logging_mixin.py:190} INFO - 2020-10-02 11:32:00
[2025-04-24T16:44:24.962+0000] {logging_mixin.py:190} INFO - 2021-01-20 11:07:00
[2025-04-24T16:44:25.360+0000] {logging_mixin.py:190} INFO - 2020-08-22 14:30:00
[2025-04-24T16:44:25.693+0000] {logging_mixin.py:190} INFO - 2020-07-07 09:00:00
[2025-04-24T16:44:26.031+0000] {logging_mixin.py:190} INFO - 2020-07-10 13:07:00
[2025-04-24T16:44:26.379+0000] {logging_mixin.py:190} INFO - 2020-11-29 18:03:00
[2025-04-24T16:44:26.788+0000] {logging_mixin.py:190} INFO - 2020-12-19 12:10:00
[2025-04-24T16:44:27.085+0000] {logging_mixin.py:190} INFO - 2020-05-02 20:25:00
[2025-04-24T16:44:27.510+0000] {logging_mixin.py:190} INFO - 2020-10-03 14:04:00
[2025-04-24T16:44:27.915+0000] {logging_mixin.py:190} INFO - 2020-04-24 17:06:00
[2025-04-24T16:44:28.263+0000] {logging_mixin.py:190} INFO - 2020-06-30 14:16:00
[2025-04-24T16:44:28.564+0000] {logging_mixin.py:190} INFO - 2020-02-24 15:24:00
[2025-04-24T16:44:28.937+0000] {logging_mixin.py:190} INFO - 2020-08-15 12:48:00
[2025-04-24T16:44:29.348+0000] {logging_mixin.py:190} INFO - 2020-07-14 14:33:00
[2025-04-24T16:44:29.761+0000] {logging_mixin.py:190} INFO - 2020-10-30 12:56:00
[2025-04-24T16:44:30.171+0000] {logging_mixin.py:190} INFO - 2020-05-22 09:39:00
[2025-04-24T16:44:30.585+0000] {logging_mixin.py:190} INFO - 2020-11-02 19:27:00
[2025-04-24T16:44:30.925+0000] {logging_mixin.py:190} INFO - 2020-02-24 09:32:00
[2025-04-24T16:44:31.254+0000] {logging_mixin.py:190} INFO - 2020-11-17 12:01:00
[2025-04-24T16:44:31.547+0000] {logging_mixin.py:190} INFO - 2020-02-08 14:02:00
[2025-04-24T16:44:31.865+0000] {logging_mixin.py:190} INFO - 2020-05-14 13:55:00
[2025-04-24T16:44:32.426+0000] {logging_mixin.py:190} INFO - 2020-03-18 16:34:00
[2025-04-24T16:44:32.834+0000] {logging_mixin.py:190} INFO - 2020-07-05 09:16:00
[2025-04-24T16:44:33.139+0000] {logging_mixin.py:190} INFO - 2020-09-08 14:49:00
[2025-04-24T16:44:33.478+0000] {logging_mixin.py:190} INFO - 2020-01-07 20:31:00
[2025-04-24T16:44:33.811+0000] {logging_mixin.py:190} INFO - 2020-01-03 12:53:00
[2025-04-24T16:44:34.264+0000] {logging_mixin.py:190} INFO - 2020-03-29 18:33:00
[2025-04-24T16:44:34.684+0000] {logging_mixin.py:190} INFO - 2020-01-08 15:36:00
[2025-04-24T16:44:35.081+0000] {logging_mixin.py:190} INFO - 2020-01-27 19:25:00
[2025-04-24T16:44:35.503+0000] {logging_mixin.py:190} INFO - 2020-10-31 13:43:00
[2025-04-24T16:44:35.873+0000] {logging_mixin.py:190} INFO - 2020-12-16 12:54:00
[2025-04-24T16:44:36.213+0000] {logging_mixin.py:190} INFO - 2020-10-16 14:48:00
[2025-04-24T16:44:36.622+0000] {logging_mixin.py:190} INFO - 2020-02-13 14:50:00
[2025-04-24T16:44:37.136+0000] {logging_mixin.py:190} INFO - 2020-04-22 20:49:00
[2025-04-24T16:44:37.539+0000] {logging_mixin.py:190} INFO - 2020-01-17 19:50:00
[2025-04-24T16:44:37.949+0000] {logging_mixin.py:190} INFO - 2020-09-22 17:04:00
[2025-04-24T16:44:38.359+0000] {logging_mixin.py:190} INFO - 2020-02-11 13:28:00
[2025-04-24T16:44:38.766+0000] {logging_mixin.py:190} INFO - 2020-05-31 19:58:00
[2025-04-24T16:44:39.187+0000] {logging_mixin.py:190} INFO - 2020-12-03 10:10:00
[2025-04-24T16:44:39.542+0000] {logging_mixin.py:190} INFO - 2020-05-07 10:56:00
[2025-04-24T16:44:39.899+0000] {logging_mixin.py:190} INFO - 2020-12-10 12:00:00
[2025-04-24T16:44:40.276+0000] {logging_mixin.py:190} INFO - 2020-11-03 14:23:00
[2025-04-24T16:44:40.656+0000] {logging_mixin.py:190} INFO - 2020-07-22 13:38:00
[2025-04-24T16:44:41.002+0000] {logging_mixin.py:190} INFO - 2020-09-18 13:06:00
[2025-04-24T16:44:41.432+0000] {logging_mixin.py:190} INFO - 2021-01-18 19:13:00
[2025-04-24T16:44:41.841+0000] {logging_mixin.py:190} INFO - 2020-12-28 11:47:00
[2025-04-24T16:44:42.253+0000] {logging_mixin.py:190} INFO - 2020-11-22 17:13:00
[2025-04-24T16:44:42.662+0000] {logging_mixin.py:190} INFO - 2020-01-19 14:20:00
[2025-04-24T16:44:43.068+0000] {logging_mixin.py:190} INFO - 2020-09-18 20:37:00
[2025-04-24T16:44:43.410+0000] {logging_mixin.py:190} INFO - 2020-11-24 17:58:00
[2025-04-24T16:44:43.785+0000] {logging_mixin.py:190} INFO - 2020-12-19 19:03:00
[2025-04-24T16:44:44.101+0000] {logging_mixin.py:190} INFO - 2020-09-29 17:27:00
[2025-04-24T16:44:44.503+0000] {logging_mixin.py:190} INFO - 2020-10-26 09:54:00
[2025-04-24T16:44:44.917+0000] {logging_mixin.py:190} INFO - 2020-05-15 19:06:00
[2025-04-24T16:44:45.321+0000] {logging_mixin.py:190} INFO - 2020-10-07 17:58:00
[2025-04-24T16:44:45.737+0000] {logging_mixin.py:190} INFO - 2020-12-20 17:30:00
[2025-04-24T16:44:46.147+0000] {logging_mixin.py:190} INFO - 2020-07-31 09:12:00
[2025-04-24T16:44:46.550+0000] {logging_mixin.py:190} INFO - 2021-01-14 12:57:00
[2025-04-24T16:44:46.960+0000] {logging_mixin.py:190} INFO - 2020-04-17 11:55:00
[2025-04-24T16:44:47.370+0000] {logging_mixin.py:190} INFO - 2020-04-13 09:49:00
[2025-04-24T16:44:47.781+0000] {logging_mixin.py:190} INFO - 2021-01-20 14:39:00
[2025-04-24T16:44:48.190+0000] {logging_mixin.py:190} INFO - 2020-10-31 20:35:00
[2025-04-24T16:44:48.594+0000] {logging_mixin.py:190} INFO - 2020-01-16 18:14:00
[2025-04-24T16:44:49.014+0000] {logging_mixin.py:190} INFO - 2020-02-10 09:57:00
[2025-04-24T16:44:49.340+0000] {logging_mixin.py:190} INFO - 2020-04-10 12:31:00
[2025-04-24T16:44:49.768+0000] {logging_mixin.py:190} INFO - 2020-12-27 20:59:00
[2025-04-24T16:44:50.140+0000] {logging_mixin.py:190} INFO - 2020-11-17 11:28:00
[2025-04-24T16:44:50.471+0000] {logging_mixin.py:190} INFO - 2020-10-07 13:41:00
[2025-04-24T16:44:50.845+0000] {logging_mixin.py:190} INFO - 2020-03-02 17:22:00
[2025-04-24T16:44:51.267+0000] {logging_mixin.py:190} INFO - 2020-04-06 14:55:00
[2025-04-24T16:44:51.673+0000] {logging_mixin.py:190} INFO - 2020-01-06 14:27:00
[2025-04-24T16:44:52.154+0000] {logging_mixin.py:190} INFO - 2020-06-19 16:05:00
[2025-04-24T16:44:52.594+0000] {logging_mixin.py:190} INFO - 2020-06-12 14:03:00
[2025-04-24T16:44:53.516+0000] {logging_mixin.py:190} INFO - 2020-08-29 10:47:00
[2025-04-24T16:44:53.926+0000] {logging_mixin.py:190} INFO - 2020-06-21 10:30:00
[2025-04-24T16:44:54.361+0000] {logging_mixin.py:190} INFO - 2020-11-05 10:09:00
[2025-04-24T16:44:54.847+0000] {logging_mixin.py:190} INFO - 2020-01-29 13:23:00
[2025-04-24T16:44:55.211+0000] {logging_mixin.py:190} INFO - 2020-02-22 15:29:00
[2025-04-24T16:44:55.671+0000] {logging_mixin.py:190} INFO - 2020-01-07 14:55:00
[2025-04-24T16:44:56.064+0000] {logging_mixin.py:190} INFO - 2021-01-12 16:08:00
[2025-04-24T16:44:56.489+0000] {logging_mixin.py:190} INFO - 2020-06-10 17:55:00
[2025-04-24T16:44:56.997+0000] {logging_mixin.py:190} INFO - 2020-10-22 20:20:00
[2025-04-24T16:44:57.348+0000] {logging_mixin.py:190} INFO - 2020-03-29 16:20:00
[2025-04-24T16:44:57.738+0000] {logging_mixin.py:190} INFO - 2020-10-19 19:00:00
[2025-04-24T16:44:58.224+0000] {logging_mixin.py:190} INFO - 2020-06-24 14:27:00
[2025-04-24T16:44:58.639+0000] {logging_mixin.py:190} INFO - 2020-12-07 12:03:00
[2025-04-24T16:44:59.050+0000] {logging_mixin.py:190} INFO - 2020-06-12 09:35:00
[2025-04-24T16:44:59.457+0000] {logging_mixin.py:190} INFO - 2021-01-28 17:52:00
[2025-04-24T16:44:59.865+0000] {logging_mixin.py:190} INFO - 2020-09-10 12:43:00
[2025-04-24T16:45:00.279+0000] {logging_mixin.py:190} INFO - 2020-12-16 09:27:00
[2025-04-24T16:45:00.683+0000] {logging_mixin.py:190} INFO - 2020-10-24 12:06:00
[2025-04-24T16:45:01.096+0000] {logging_mixin.py:190} INFO - 2020-10-03 12:21:00
[2025-04-24T16:45:01.504+0000] {logging_mixin.py:190} INFO - 2020-08-20 13:50:00
[2025-04-24T16:45:01.911+0000] {logging_mixin.py:190} INFO - 2020-06-26 09:26:00
[2025-04-24T16:45:02.383+0000] {logging_mixin.py:190} INFO - 2020-10-18 18:37:00
[2025-04-24T16:45:02.751+0000] {logging_mixin.py:190} INFO - 2020-12-12 16:46:00
[2025-04-24T16:45:03.247+0000] {logging_mixin.py:190} INFO - 2020-12-30 11:57:00
[2025-04-24T16:45:03.759+0000] {logging_mixin.py:190} INFO - 2020-08-29 18:34:00
[2025-04-24T16:45:04.272+0000] {logging_mixin.py:190} INFO - 2020-09-30 12:02:00
[2025-04-24T16:45:04.785+0000] {logging_mixin.py:190} INFO - 2020-09-27 12:14:00
[2025-04-24T16:45:05.151+0000] {logging_mixin.py:190} INFO - 2020-01-07 20:11:00
[2025-04-24T16:45:05.563+0000] {logging_mixin.py:190} INFO - 2020-07-11 15:11:00
[2025-04-24T16:45:06.012+0000] {logging_mixin.py:190} INFO - 2020-07-23 20:49:00
[2025-04-24T16:45:06.422+0000] {logging_mixin.py:190} INFO - 2020-05-09 16:34:00
[2025-04-24T16:45:06.933+0000] {logging_mixin.py:190} INFO - 2020-03-15 16:45:00
[2025-04-24T16:45:07.442+0000] {logging_mixin.py:190} INFO - 2020-03-29 15:17:00
[2025-04-24T16:45:07.857+0000] {logging_mixin.py:190} INFO - 2021-01-30 19:38:00
[2025-04-24T16:45:08.367+0000] {logging_mixin.py:190} INFO - 2020-04-18 17:23:00
[2025-04-24T16:45:09.391+0000] {logging_mixin.py:190} INFO - 2020-11-30 11:14:00
[2025-04-24T16:45:09.752+0000] {logging_mixin.py:190} INFO - 2020-09-25 09:41:00
[2025-04-24T16:45:10.209+0000] {logging_mixin.py:190} INFO - 2020-02-17 13:04:00
[2025-04-24T16:45:10.619+0000] {logging_mixin.py:190} INFO - 2020-08-05 18:01:00
[2025-04-24T16:45:11.028+0000] {logging_mixin.py:190} INFO - 2020-10-08 19:50:00
[2025-04-24T16:45:11.742+0000] {logging_mixin.py:190} INFO - 2020-05-23 14:48:00
[2025-04-24T16:45:12.154+0000] {logging_mixin.py:190} INFO - 2020-12-27 14:46:00
[2025-04-24T16:45:12.564+0000] {logging_mixin.py:190} INFO - 2020-09-19 10:59:00
[2025-04-24T16:45:12.959+0000] {logging_mixin.py:190} INFO - 2020-09-07 13:36:00
[2025-04-24T16:45:13.390+0000] {logging_mixin.py:190} INFO - 2020-02-26 11:30:00
[2025-04-24T16:45:13.900+0000] {logging_mixin.py:190} INFO - 2021-01-28 10:13:00
[2025-04-24T16:45:14.306+0000] {logging_mixin.py:190} INFO - 2020-02-08 18:43:00
[2025-04-24T16:45:14.710+0000] {logging_mixin.py:190} INFO - 2020-09-02 16:51:00
[2025-04-24T16:45:15.121+0000] {logging_mixin.py:190} INFO - 2020-12-12 18:53:00
[2025-04-24T16:45:15.530+0000] {logging_mixin.py:190} INFO - 2020-06-10 15:54:00
[2025-04-24T16:45:15.940+0000] {logging_mixin.py:190} INFO - 2021-01-02 16:00:00
[2025-04-24T16:45:16.348+0000] {logging_mixin.py:190} INFO - 2020-03-09 19:55:00
[2025-04-24T16:45:16.758+0000] {logging_mixin.py:190} INFO - 2020-12-20 10:39:00
[2025-04-24T16:45:17.277+0000] {logging_mixin.py:190} INFO - 2020-12-03 19:22:00
[2025-04-24T16:45:17.667+0000] {logging_mixin.py:190} INFO - 2020-03-10 12:30:00
[2025-04-24T16:45:17.997+0000] {logging_mixin.py:190} INFO - 2020-04-21 16:35:00
[2025-04-24T16:45:18.503+0000] {logging_mixin.py:190} INFO - 2020-04-11 10:34:00
[2025-04-24T16:45:19.399+0000] {logging_mixin.py:190} INFO - 2021-01-29 15:02:00
[2025-04-24T16:45:19.779+0000] {logging_mixin.py:190} INFO - 2020-02-10 20:21:00
[2025-04-24T16:45:20.189+0000] {logging_mixin.py:190} INFO - 2020-06-05 17:34:00
[2025-04-24T16:45:20.656+0000] {logging_mixin.py:190} INFO - 2020-07-24 18:11:00
[2025-04-24T16:45:21.164+0000] {logging_mixin.py:190} INFO - 2020-10-10 17:30:00
[2025-04-24T16:45:21.576+0000] {logging_mixin.py:190} INFO - 2020-02-12 12:15:00
[2025-04-24T16:45:21.982+0000] {logging_mixin.py:190} INFO - 2020-11-10 16:05:00
[2025-04-24T16:45:22.497+0000] {logging_mixin.py:190} INFO - 2021-01-15 15:59:00
[2025-04-24T16:45:22.902+0000] {logging_mixin.py:190} INFO - 2020-09-25 14:37:00
[2025-04-24T16:45:23.322+0000] {logging_mixin.py:190} INFO - 2020-02-07 12:00:00
[2025-04-24T16:45:23.826+0000] {logging_mixin.py:190} INFO - 2020-08-06 16:20:00
[2025-04-24T16:45:24.225+0000] {logging_mixin.py:190} INFO - 2020-09-07 09:23:00
[2025-04-24T16:45:24.861+0000] {logging_mixin.py:190} INFO - 2020-12-08 13:46:00
[2025-04-24T16:45:25.259+0000] {logging_mixin.py:190} INFO - 2020-02-19 12:32:00
[2025-04-24T16:45:25.672+0000] {logging_mixin.py:190} INFO - 2021-01-05 11:56:00
[2025-04-24T16:45:26.075+0000] {logging_mixin.py:190} INFO - 2020-03-27 19:12:00
[2025-04-24T16:45:26.489+0000] {logging_mixin.py:190} INFO - 2021-01-05 12:03:00
[2025-04-24T16:45:26.898+0000] {logging_mixin.py:190} INFO - 2020-04-15 10:14:00
[2025-04-24T16:45:27.312+0000] {logging_mixin.py:190} INFO - 2020-01-12 11:02:00
[2025-04-24T16:45:27.820+0000] {logging_mixin.py:190} INFO - 2020-09-02 19:50:00
[2025-04-24T16:45:28.229+0000] {logging_mixin.py:190} INFO - 2020-04-11 09:35:00
[2025-04-24T16:45:28.643+0000] {logging_mixin.py:190} INFO - 2020-03-30 11:09:00
[2025-04-24T16:45:29.051+0000] {logging_mixin.py:190} INFO - 2020-08-12 10:55:00
[2025-04-24T16:45:29.564+0000] {logging_mixin.py:190} INFO - 2020-11-12 09:35:00
[2025-04-24T16:45:29.971+0000] {logging_mixin.py:190} INFO - 2020-05-30 09:28:00
[2025-04-24T16:45:30.383+0000] {logging_mixin.py:190} INFO - 2020-11-24 11:43:00
[2025-04-24T16:45:30.721+0000] {logging_mixin.py:190} INFO - 2021-01-10 17:15:00
[2025-04-24T16:45:31.202+0000] {logging_mixin.py:190} INFO - 2020-12-14 11:36:00
[2025-04-24T16:45:32.018+0000] {logging_mixin.py:190} INFO - 2020-06-21 12:22:00
[2025-04-24T16:45:32.396+0000] {logging_mixin.py:190} INFO - 2020-05-27 11:37:00
[2025-04-24T16:45:32.775+0000] {logging_mixin.py:190} INFO - 2020-11-02 12:41:00
[2025-04-24T16:45:33.164+0000] {logging_mixin.py:190} INFO - 2020-05-16 17:47:00
[2025-04-24T16:45:33.578+0000] {logging_mixin.py:190} INFO - 2020-02-14 09:33:00
[2025-04-24T16:45:34.273+0000] {logging_mixin.py:190} INFO - 2020-11-25 09:47:00
[2025-04-24T16:45:34.684+0000] {logging_mixin.py:190} INFO - 2020-08-19 12:34:00
[2025-04-24T16:45:35.093+0000] {logging_mixin.py:190} INFO - 2020-03-10 09:03:00
[2025-04-24T16:45:35.503+0000] {logging_mixin.py:190} INFO - 2020-10-28 09:42:00
[2025-04-24T16:45:36.455+0000] {logging_mixin.py:190} INFO - 2020-06-21 18:04:00
[2025-04-24T16:45:37.140+0000] {logging_mixin.py:190} INFO - 2020-02-04 15:18:00
[2025-04-24T16:45:37.548+0000] {logging_mixin.py:190} INFO - 2020-04-06 19:00:00
[2025-04-24T16:45:38.059+0000] {logging_mixin.py:190} INFO - 2020-08-16 14:02:00
[2025-04-24T16:45:39.007+0000] {logging_mixin.py:190} INFO - 2020-12-14 19:58:00
[2025-04-24T16:45:39.493+0000] {logging_mixin.py:190} INFO - 2020-08-08 19:01:00
[2025-04-24T16:45:39.848+0000] {logging_mixin.py:190} INFO - 2021-01-21 13:07:00
[2025-04-24T16:45:40.315+0000] {logging_mixin.py:190} INFO - 2020-10-11 20:29:00
[2025-04-24T16:45:40.654+0000] {logging_mixin.py:190} INFO - 2020-07-07 13:01:00
[2025-04-24T16:45:41.125+0000] {logging_mixin.py:190} INFO - 2020-07-23 17:07:00
[2025-04-24T16:45:41.465+0000] {logging_mixin.py:190} INFO - 2020-11-09 20:01:00
[2025-04-24T16:45:41.949+0000] {logging_mixin.py:190} INFO - 2020-07-20 18:09:00
[2025-04-24T16:45:42.668+0000] {logging_mixin.py:190} INFO - 2020-03-23 16:33:00
[2025-04-24T16:45:43.999+0000] {logging_mixin.py:190} INFO - 2020-05-29 20:28:00
[2025-04-24T16:45:44.613+0000] {logging_mixin.py:190} INFO - 2020-12-08 18:13:00
[2025-04-24T16:45:45.022+0000] {logging_mixin.py:190} INFO - 2020-03-24 14:33:00
[2025-04-24T16:45:45.430+0000] {logging_mixin.py:190} INFO - 2020-04-11 18:43:00
[2025-04-24T16:45:45.947+0000] {logging_mixin.py:190} INFO - 2020-10-17 14:06:00
[2025-04-24T16:45:46.358+0000] {logging_mixin.py:190} INFO - 2020-11-15 09:33:00
[2025-04-24T16:45:46.866+0000] {logging_mixin.py:190} INFO - 2020-08-02 17:36:00
[2025-04-24T16:45:47.274+0000] {logging_mixin.py:190} INFO - 2020-03-28 09:38:00
[2025-04-24T16:45:47.682+0000] {logging_mixin.py:190} INFO - 2021-01-21 12:45:00
[2025-04-24T16:45:48.094+0000] {logging_mixin.py:190} INFO - 2020-09-05 20:52:00
[2025-04-24T16:45:48.504+0000] {logging_mixin.py:190} INFO - 2020-10-20 17:19:00
[2025-04-24T16:45:49.015+0000] {logging_mixin.py:190} INFO - 2020-06-29 10:34:00
[2025-04-24T16:45:49.534+0000] {logging_mixin.py:190} INFO - 2020-07-06 16:22:00
[2025-04-24T16:45:49.911+0000] {logging_mixin.py:190} INFO - 2020-01-01 17:02:00
[2025-04-24T16:45:50.820+0000] {logging_mixin.py:190} INFO - 2020-02-27 18:21:00
[2025-04-24T16:45:51.472+0000] {logging_mixin.py:190} INFO - 2020-04-09 15:59:00
[2025-04-24T16:45:51.882+0000] {logging_mixin.py:190} INFO - 2020-03-03 17:14:00
[2025-04-24T16:45:52.293+0000] {logging_mixin.py:190} INFO - 2020-03-07 11:40:00
[2025-04-24T16:45:52.708+0000] {logging_mixin.py:190} INFO - 2020-03-18 14:33:00
[2025-04-24T16:45:53.112+0000] {logging_mixin.py:190} INFO - 2020-01-03 17:22:00
[2025-04-24T16:45:53.525+0000] {logging_mixin.py:190} INFO - 2020-05-10 10:27:00
[2025-04-24T16:45:53.934+0000] {logging_mixin.py:190} INFO - 2020-04-13 10:03:00
[2025-04-24T16:45:54.345+0000] {logging_mixin.py:190} INFO - 2020-01-15 19:07:00
[2025-04-24T16:45:54.752+0000] {logging_mixin.py:190} INFO - 2020-01-22 18:37:00
[2025-04-24T16:45:55.131+0000] {logging_mixin.py:190} INFO - 2020-07-25 13:10:00
[2025-04-24T16:45:55.573+0000] {logging_mixin.py:190} INFO - 2020-12-29 16:58:00
[2025-04-24T16:45:55.903+0000] {logging_mixin.py:190} INFO - 2020-11-19 15:01:00
[2025-04-24T16:45:56.287+0000] {logging_mixin.py:190} INFO - 2020-01-21 10:54:00
[2025-04-24T16:45:56.700+0000] {logging_mixin.py:190} INFO - 2020-06-24 10:07:00
[2025-04-24T16:45:57.061+0000] {logging_mixin.py:190} INFO - 2020-09-05 13:30:00
[2025-04-24T16:45:57.388+0000] {logging_mixin.py:190} INFO - 2020-11-10 15:07:00
[2025-04-24T16:45:57.725+0000] {logging_mixin.py:190} INFO - 2020-05-16 14:15:00
[2025-04-24T16:45:58.133+0000] {logging_mixin.py:190} INFO - 2020-11-13 10:39:00
[2025-04-24T16:45:58.543+0000] {logging_mixin.py:190} INFO - 2020-03-21 18:41:00
[2025-04-24T16:45:58.951+0000] {logging_mixin.py:190} INFO - 2020-01-04 10:35:00
[2025-04-24T16:45:59.360+0000] {logging_mixin.py:190} INFO - 2020-10-01 15:53:00
[2025-04-24T16:45:59.771+0000] {logging_mixin.py:190} INFO - 2020-11-16 19:13:00
[2025-04-24T16:46:00.178+0000] {logging_mixin.py:190} INFO - 2021-01-19 11:54:00
[2025-04-24T16:46:00.591+0000] {logging_mixin.py:190} INFO - 2020-02-21 09:16:00
[2025-04-24T16:46:01.000+0000] {logging_mixin.py:190} INFO - 2020-08-10 09:36:00
[2025-04-24T16:46:01.410+0000] {logging_mixin.py:190} INFO - 2020-02-04 17:38:00
[2025-04-24T16:46:01.916+0000] {logging_mixin.py:190} INFO - 2020-08-09 09:36:00
[2025-04-24T16:46:02.327+0000] {logging_mixin.py:190} INFO - 2020-04-01 13:46:00
[2025-04-24T16:46:02.739+0000] {logging_mixin.py:190} INFO - 2020-05-29 09:19:00
[2025-04-24T16:46:03.151+0000] {logging_mixin.py:190} INFO - 2020-03-14 15:35:00
[2025-04-24T16:46:03.561+0000] {logging_mixin.py:190} INFO - 2020-12-23 13:27:00
[2025-04-24T16:46:03.967+0000] {logging_mixin.py:190} INFO - 2021-01-05 19:17:00
[2025-04-24T16:46:04.380+0000] {logging_mixin.py:190} INFO - 2020-07-14 18:35:00
[2025-04-24T16:46:04.789+0000] {logging_mixin.py:190} INFO - 2020-12-19 13:51:00
[2025-04-24T16:46:05.121+0000] {logging_mixin.py:190} INFO - 2020-01-02 11:56:00
[2025-04-24T16:46:05.500+0000] {logging_mixin.py:190} INFO - 2020-12-01 15:35:00
[2025-04-24T16:46:05.915+0000] {logging_mixin.py:190} INFO - 2020-05-22 18:49:00
[2025-04-24T16:46:06.326+0000] {logging_mixin.py:190} INFO - 2020-06-19 19:11:00
[2025-04-24T16:46:06.736+0000] {logging_mixin.py:190} INFO - 2020-05-23 17:00:00
[2025-04-24T16:46:07.144+0000] {logging_mixin.py:190} INFO - 2021-01-07 19:55:00
[2025-04-24T16:46:07.554+0000] {logging_mixin.py:190} INFO - 2020-07-30 12:15:00
[2025-04-24T16:46:07.959+0000] {logging_mixin.py:190} INFO - 2020-10-30 09:45:00
[2025-04-24T16:46:08.282+0000] {logging_mixin.py:190} INFO - 2020-02-02 11:44:00
[2025-04-24T16:46:08.681+0000] {logging_mixin.py:190} INFO - 2020-10-19 18:35:00
[2025-04-24T16:46:09.093+0000] {logging_mixin.py:190} INFO - 2020-11-21 14:38:00
[2025-04-24T16:46:09.498+0000] {logging_mixin.py:190} INFO - 2020-03-14 12:26:00
[2025-04-24T16:46:09.908+0000] {logging_mixin.py:190} INFO - 2020-03-27 14:43:00
[2025-04-24T16:46:10.281+0000] {logging_mixin.py:190} INFO - 2020-10-01 11:53:00
[2025-04-24T16:46:10.620+0000] {logging_mixin.py:190} INFO - 2020-04-22 16:49:00
[2025-04-24T16:46:10.977+0000] {logging_mixin.py:190} INFO - 2020-12-21 12:12:00
[2025-04-24T16:46:11.442+0000] {logging_mixin.py:190} INFO - 2020-06-27 15:13:00
[2025-04-24T16:46:11.764+0000] {logging_mixin.py:190} INFO - 2020-04-26 19:11:00
[2025-04-24T16:46:12.160+0000] {logging_mixin.py:190} INFO - 2020-01-06 09:32:00
[2025-04-24T16:46:12.571+0000] {logging_mixin.py:190} INFO - 2020-02-04 15:14:00
[2025-04-24T16:46:12.979+0000] {logging_mixin.py:190} INFO - 2020-07-13 19:13:00
[2025-04-24T16:46:13.436+0000] {logging_mixin.py:190} INFO - 2020-08-23 19:35:00
[2025-04-24T16:46:13.801+0000] {logging_mixin.py:190} INFO - 2020-08-17 20:13:00
[2025-04-24T16:46:14.119+0000] {logging_mixin.py:190} INFO - 2020-09-22 17:08:00
[2025-04-24T16:46:14.926+0000] {logging_mixin.py:190} INFO - 2021-01-13 09:02:00
[2025-04-24T16:46:15.333+0000] {logging_mixin.py:190} INFO - 2020-02-06 11:35:00
[2025-04-24T16:46:15.747+0000] {logging_mixin.py:190} INFO - 2020-02-27 09:47:00
[2025-04-24T16:46:16.153+0000] {logging_mixin.py:190} INFO - 2020-03-14 18:48:00
[2025-04-24T16:46:16.564+0000] {logging_mixin.py:190} INFO - 2021-01-08 10:18:00
[2025-04-24T16:46:16.923+0000] {logging_mixin.py:190} INFO - 2020-01-28 12:55:00
[2025-04-24T16:46:17.262+0000] {logging_mixin.py:190} INFO - 2020-07-15 20:52:00
[2025-04-24T16:46:17.622+0000] {logging_mixin.py:190} INFO - 2020-08-05 11:19:00
[2025-04-24T16:46:17.946+0000] {logging_mixin.py:190} INFO - 2020-01-27 19:15:00
[2025-04-24T16:46:18.317+0000] {logging_mixin.py:190} INFO - 2020-02-16 17:31:00
[2025-04-24T16:46:18.657+0000] {logging_mixin.py:190} INFO - 2020-10-07 16:52:00
[2025-04-24T16:46:18.986+0000] {logging_mixin.py:190} INFO - 2020-04-21 11:52:00
[2025-04-24T16:46:19.328+0000] {logging_mixin.py:190} INFO - 2020-09-14 19:31:00
[2025-04-24T16:46:19.681+0000] {logging_mixin.py:190} INFO - 2020-03-22 11:35:00
[2025-04-24T16:46:20.053+0000] {logging_mixin.py:190} INFO - 2020-12-09 15:03:00
[2025-04-24T16:46:20.451+0000] {logging_mixin.py:190} INFO - 2020-07-10 18:16:00
[2025-04-24T16:46:20.803+0000] {logging_mixin.py:190} INFO - 2020-09-17 10:21:00
[2025-04-24T16:46:21.133+0000] {logging_mixin.py:190} INFO - 2021-01-07 10:53:00
[2025-04-24T16:46:21.548+0000] {logging_mixin.py:190} INFO - 2020-08-27 16:26:00
[2025-04-24T16:46:21.961+0000] {logging_mixin.py:190} INFO - 2020-06-04 12:25:00
[2025-04-24T16:46:22.397+0000] {logging_mixin.py:190} INFO - 2020-05-10 17:05:00
[2025-04-24T16:46:22.807+0000] {logging_mixin.py:190} INFO - 2021-01-10 19:41:00
[2025-04-24T16:46:23.216+0000] {logging_mixin.py:190} INFO - 2020-11-15 16:44:00
[2025-04-24T16:46:23.558+0000] {logging_mixin.py:190} INFO - 2020-12-19 13:36:00
[2025-04-24T16:46:23.935+0000] {logging_mixin.py:190} INFO - 2020-06-11 09:43:00
[2025-04-24T16:46:24.344+0000] {logging_mixin.py:190} INFO - 2020-02-27 16:46:00
[2025-04-24T16:46:24.688+0000] {logging_mixin.py:190} INFO - 2020-04-16 20:44:00
[2025-04-24T16:46:25.040+0000] {logging_mixin.py:190} INFO - 2020-06-28 11:57:00
[2025-04-24T16:46:25.382+0000] {logging_mixin.py:190} INFO - 2020-10-07 09:57:00
[2025-04-24T16:46:25.731+0000] {logging_mixin.py:190} INFO - 2020-08-01 14:27:00
[2025-04-24T16:46:26.093+0000] {logging_mixin.py:190} INFO - 2020-08-20 19:33:00
[2025-04-24T16:46:26.495+0000] {logging_mixin.py:190} INFO - 2020-07-16 09:38:00
[2025-04-24T16:46:26.909+0000] {logging_mixin.py:190} INFO - 2020-10-04 09:53:00
[2025-04-24T16:46:27.321+0000] {logging_mixin.py:190} INFO - 2020-06-19 13:34:00
[2025-04-24T16:46:27.728+0000] {logging_mixin.py:190} INFO - 2020-07-06 12:38:00
[2025-04-24T16:46:28.133+0000] {logging_mixin.py:190} INFO - 2020-07-21 14:43:00
[2025-04-24T16:46:28.541+0000] {logging_mixin.py:190} INFO - 2020-10-25 17:28:00
[2025-04-24T16:46:29.059+0000] {logging_mixin.py:190} INFO - 2020-06-07 18:54:00
[2025-04-24T16:46:29.435+0000] {logging_mixin.py:190} INFO - 2020-08-31 17:46:00
[2025-04-24T16:46:29.776+0000] {logging_mixin.py:190} INFO - 2020-02-12 15:34:00
[2025-04-24T16:46:30.186+0000] {logging_mixin.py:190} INFO - 2020-09-20 14:33:00
[2025-04-24T16:46:30.592+0000] {logging_mixin.py:190} INFO - 2020-05-14 15:02:00
[2025-04-24T16:46:31.005+0000] {logging_mixin.py:190} INFO - 2020-08-05 10:17:00
[2025-04-24T16:46:31.410+0000] {logging_mixin.py:190} INFO - 2020-07-10 10:31:00
[2025-04-24T16:46:31.824+0000] {logging_mixin.py:190} INFO - 2020-11-04 10:39:00
[2025-04-24T16:46:32.233+0000] {logging_mixin.py:190} INFO - 2020-12-30 17:56:00
[2025-04-24T16:46:32.639+0000] {logging_mixin.py:190} INFO - 2020-08-30 12:36:00
[2025-04-24T16:46:33.056+0000] {logging_mixin.py:190} INFO - 2020-01-29 11:59:00
[2025-04-24T16:46:33.396+0000] {logging_mixin.py:190} INFO - 2020-12-26 17:24:00
[2025-04-24T16:46:33.767+0000] {logging_mixin.py:190} INFO - 2020-08-15 16:40:00
[2025-04-24T16:46:34.179+0000] {logging_mixin.py:190} INFO - 2020-10-02 10:54:00
[2025-04-24T16:46:34.565+0000] {logging_mixin.py:190} INFO - 2020-04-02 20:26:00
[2025-04-24T16:46:35.001+0000] {logging_mixin.py:190} INFO - 2020-01-03 17:09:00
[2025-04-24T16:46:35.407+0000] {logging_mixin.py:190} INFO - 2020-01-01 12:08:00
[2025-04-24T16:46:35.817+0000] {logging_mixin.py:190} INFO - 2020-07-23 15:57:00
[2025-04-24T16:46:36.224+0000] {logging_mixin.py:190} INFO - 2020-06-01 14:19:00
[2025-04-24T16:46:36.630+0000] {logging_mixin.py:190} INFO - 2020-09-19 11:07:00
[2025-04-24T16:46:36.994+0000] {logging_mixin.py:190} INFO - 2020-09-19 11:57:00
[2025-04-24T16:46:37.457+0000] {logging_mixin.py:190} INFO - 2020-10-20 15:43:00
[2025-04-24T16:46:37.865+0000] {logging_mixin.py:190} INFO - 2020-06-19 16:52:00
[2025-04-24T16:46:38.208+0000] {logging_mixin.py:190} INFO - 2020-12-11 18:04:00
[2025-04-24T16:46:38.576+0000] {logging_mixin.py:190} INFO - 2020-05-17 17:08:00
[2025-04-24T16:46:38.991+0000] {logging_mixin.py:190} INFO - 2021-01-26 14:09:00
[2025-04-24T16:46:39.403+0000] {logging_mixin.py:190} INFO - 2020-07-12 15:28:00
[2025-04-24T16:46:39.808+0000] {logging_mixin.py:190} INFO - 2020-08-20 19:37:00
[2025-04-24T16:46:40.145+0000] {logging_mixin.py:190} INFO - 2020-06-09 20:39:00
[2025-04-24T16:46:40.508+0000] {logging_mixin.py:190} INFO - 2020-02-01 20:21:00
[2025-04-24T16:46:40.820+0000] {logging_mixin.py:190} INFO - 2020-08-08 20:02:00
[2025-04-24T16:46:41.138+0000] {logging_mixin.py:190} INFO - 2020-05-17 11:20:00
[2025-04-24T16:46:41.489+0000] {logging_mixin.py:190} INFO - 2020-04-03 09:56:00
[2025-04-24T16:46:41.956+0000] {logging_mixin.py:190} INFO - 2020-01-10 09:41:00
[2025-04-24T16:46:42.371+0000] {logging_mixin.py:190} INFO - 2020-06-01 10:49:00
[2025-04-24T16:46:42.775+0000] {logging_mixin.py:190} INFO - 2020-06-03 20:23:00
[2025-04-24T16:46:43.191+0000] {logging_mixin.py:190} INFO - 2020-03-13 18:37:00
[2025-04-24T16:46:43.593+0000] {logging_mixin.py:190} INFO - 2020-02-04 13:53:00
[2025-04-24T16:46:44.005+0000] {logging_mixin.py:190} INFO - 2020-07-02 11:03:00
[2025-04-24T16:46:44.420+0000] {logging_mixin.py:190} INFO - 2020-08-25 15:30:00
[2025-04-24T16:46:44.929+0000] {logging_mixin.py:190} INFO - 2020-12-24 13:43:00
[2025-04-24T16:46:45.244+0000] {logging_mixin.py:190} INFO - 2020-12-31 15:40:00
[2025-04-24T16:46:45.575+0000] {logging_mixin.py:190} INFO - 2020-10-10 19:39:00
[2025-04-24T16:46:45.902+0000] {logging_mixin.py:190} INFO - 2020-06-02 20:57:00
[2025-04-24T16:46:46.265+0000] {logging_mixin.py:190} INFO - 2020-09-06 15:02:00
[2025-04-24T16:46:46.622+0000] {logging_mixin.py:190} INFO - 2020-04-21 16:27:00
[2025-04-24T16:46:47.081+0000] {logging_mixin.py:190} INFO - 2020-11-28 17:52:00
[2025-04-24T16:46:47.491+0000] {logging_mixin.py:190} INFO - 2020-09-05 18:53:00
[2025-04-24T16:46:47.997+0000] {logging_mixin.py:190} INFO - 2020-01-04 14:09:00
[2025-04-24T16:46:48.344+0000] {logging_mixin.py:190} INFO - 2021-01-24 20:44:00
[2025-04-24T16:46:48.659+0000] {logging_mixin.py:190} INFO - 2020-07-30 09:02:00
[2025-04-24T16:46:49.026+0000] {logging_mixin.py:190} INFO - 2020-04-19 17:38:00
[2025-04-24T16:46:49.397+0000] {logging_mixin.py:190} INFO - 2020-07-26 13:51:00
[2025-04-24T16:46:49.848+0000] {logging_mixin.py:190} INFO - 2020-06-17 18:20:00
[2025-04-24T16:46:50.180+0000] {logging_mixin.py:190} INFO - 2020-09-30 11:08:00
[2025-04-24T16:46:50.529+0000] {logging_mixin.py:190} INFO - 2020-01-13 11:36:00
[2025-04-24T16:46:50.900+0000] {logging_mixin.py:190} INFO - 2020-11-30 14:55:00
[2025-04-24T16:46:51.380+0000] {logging_mixin.py:190} INFO - 2020-05-24 15:59:00
[2025-04-24T16:46:51.785+0000] {logging_mixin.py:190} INFO - 2020-01-30 17:51:00
[2025-04-24T16:46:52.195+0000] {logging_mixin.py:190} INFO - 2020-11-18 11:56:00
[2025-04-24T16:46:52.496+0000] {logging_mixin.py:190} INFO - 2021-01-21 15:12:00
[2025-04-24T16:46:52.914+0000] {logging_mixin.py:190} INFO - 2020-05-24 17:07:00
[2025-04-24T16:46:53.325+0000] {logging_mixin.py:190} INFO - 2020-07-29 11:01:00
[2025-04-24T16:46:53.735+0000] {logging_mixin.py:190} INFO - 2020-12-01 20:20:00
[2025-04-24T16:46:54.141+0000] {logging_mixin.py:190} INFO - 2020-02-28 11:31:00
[2025-04-24T16:46:54.551+0000] {logging_mixin.py:190} INFO - 2020-12-17 18:19:00
[2025-04-24T16:46:55.026+0000] {logging_mixin.py:190} INFO - 2020-09-12 17:41:00
[2025-04-24T16:46:55.411+0000] {logging_mixin.py:190} INFO - 2020-12-17 15:35:00
[2025-04-24T16:46:55.768+0000] {logging_mixin.py:190} INFO - 2020-07-08 11:03:00
[2025-04-24T16:46:56.120+0000] {logging_mixin.py:190} INFO - 2020-08-29 18:43:00
[2025-04-24T16:46:56.504+0000] {logging_mixin.py:190} INFO - 2020-05-16 16:41:00
[2025-04-24T16:46:56.907+0000] {logging_mixin.py:190} INFO - 2020-06-22 15:53:00
[2025-04-24T16:46:57.321+0000] {logging_mixin.py:190} INFO - 2020-01-18 15:39:00
[2025-04-24T16:46:57.730+0000] {logging_mixin.py:190} INFO - 2020-06-06 14:05:00
[2025-04-24T16:46:58.154+0000] {logging_mixin.py:190} INFO - 2020-11-14 15:37:00
[2025-04-24T16:46:58.483+0000] {logging_mixin.py:190} INFO - 2020-03-21 19:11:00
[2025-04-24T16:46:58.852+0000] {logging_mixin.py:190} INFO - 2020-05-11 12:04:00
[2025-04-24T16:46:59.266+0000] {logging_mixin.py:190} INFO - 2020-10-01 19:58:00
[2025-04-24T16:46:59.675+0000] {logging_mixin.py:190} INFO - 2020-09-10 12:35:00
[2025-04-24T16:47:00.011+0000] {logging_mixin.py:190} INFO - 2020-03-23 12:49:00
[2025-04-24T16:47:00.350+0000] {logging_mixin.py:190} INFO - 2020-08-05 20:03:00
[2025-04-24T16:47:00.777+0000] {logging_mixin.py:190} INFO - 2020-02-10 10:38:00
[2025-04-24T16:47:01.104+0000] {logging_mixin.py:190} INFO - 2020-09-25 10:30:00
[2025-04-24T16:47:01.472+0000] {logging_mixin.py:190} INFO - 2020-12-19 11:38:00
[2025-04-24T16:47:01.823+0000] {logging_mixin.py:190} INFO - 2020-06-06 18:48:00
[2025-04-24T16:47:02.194+0000] {logging_mixin.py:190} INFO - 2020-01-03 09:28:00
[2025-04-24T16:47:02.560+0000] {logging_mixin.py:190} INFO - 2020-05-08 19:28:00
[2025-04-24T16:47:03.262+0000] {logging_mixin.py:190} INFO - 2020-02-27 10:05:00
[2025-04-24T16:47:03.674+0000] {logging_mixin.py:190} INFO - 2021-01-01 20:31:00
[2025-04-24T16:47:04.076+0000] {logging_mixin.py:190} INFO - 2020-06-19 14:45:00
[2025-04-24T16:47:04.413+0000] {logging_mixin.py:190} INFO - 2020-02-12 17:02:00
[2025-04-24T16:47:04.792+0000] {logging_mixin.py:190} INFO - 2020-10-23 19:11:00
[2025-04-24T16:47:05.175+0000] {logging_mixin.py:190} INFO - 2020-09-28 14:40:00
[2025-04-24T16:47:05.546+0000] {logging_mixin.py:190} INFO - 2020-04-28 16:39:00
[2025-04-24T16:47:06.025+0000] {logging_mixin.py:190} INFO - 2020-02-28 20:37:00
[2025-04-24T16:47:06.434+0000] {logging_mixin.py:190} INFO - 2020-08-13 12:13:00
[2025-04-24T16:47:06.815+0000] {logging_mixin.py:190} INFO - 2020-10-17 15:07:00
[2025-04-24T16:47:07.356+0000] {logging_mixin.py:190} INFO - 2020-10-27 17:29:00
[2025-04-24T16:47:07.768+0000] {logging_mixin.py:190} INFO - 2020-03-24 15:04:00
[2025-04-24T16:47:08.170+0000] {logging_mixin.py:190} INFO - 2020-08-11 12:23:00
[2025-04-24T16:47:08.579+0000] {logging_mixin.py:190} INFO - 2020-01-04 16:10:00
[2025-04-24T16:47:08.994+0000] {logging_mixin.py:190} INFO - 2020-02-28 10:48:00
[2025-04-24T16:47:09.374+0000] {logging_mixin.py:190} INFO - 2020-06-30 10:22:00
[2025-04-24T16:47:09.812+0000] {logging_mixin.py:190} INFO - 2020-07-09 17:03:00
[2025-04-24T16:47:10.178+0000] {logging_mixin.py:190} INFO - 2020-10-31 15:28:00
[2025-04-24T16:47:10.633+0000] {logging_mixin.py:190} INFO - 2020-06-24 11:12:00
[2025-04-24T16:47:11.039+0000] {logging_mixin.py:190} INFO - 2020-06-09 20:36:00
[2025-04-24T16:47:11.398+0000] {logging_mixin.py:190} INFO - 2020-06-16 20:41:00
[2025-04-24T16:47:11.866+0000] {logging_mixin.py:190} INFO - 2020-02-02 19:29:00
[2025-04-24T16:47:12.271+0000] {logging_mixin.py:190} INFO - 2020-04-19 09:41:00
[2025-04-24T16:47:12.676+0000] {logging_mixin.py:190} INFO - 2020-03-15 11:32:00
[2025-04-24T16:47:13.086+0000] {logging_mixin.py:190} INFO - 2020-05-04 15:01:00
[2025-04-24T16:47:13.500+0000] {logging_mixin.py:190} INFO - 2021-01-15 10:47:00
[2025-04-24T16:47:13.905+0000] {logging_mixin.py:190} INFO - 2020-01-16 16:04:00
[2025-04-24T16:47:14.298+0000] {logging_mixin.py:190} INFO - 2020-08-31 13:06:00
[2025-04-24T16:47:14.725+0000] {logging_mixin.py:190} INFO - 2020-01-12 15:31:00
[2025-04-24T16:47:15.237+0000] {logging_mixin.py:190} INFO - 2020-09-19 15:21:00
[2025-04-24T16:47:15.571+0000] {logging_mixin.py:190} INFO - 2020-11-21 09:22:00
[2025-04-24T16:47:16.056+0000] {logging_mixin.py:190} INFO - 2020-05-22 13:37:00
[2025-04-24T16:47:16.460+0000] {logging_mixin.py:190} INFO - 2020-07-17 18:42:00
[2025-04-24T16:47:16.838+0000] {logging_mixin.py:190} INFO - 2020-04-07 13:28:00
[2025-04-24T16:47:17.160+0000] {logging_mixin.py:190} INFO - 2020-09-11 10:49:00
[2025-04-24T16:47:17.478+0000] {logging_mixin.py:190} INFO - 2020-11-14 17:09:00
[2025-04-24T16:47:17.904+0000] {logging_mixin.py:190} INFO - 2020-02-16 10:19:00
[2025-04-24T16:47:18.416+0000] {logging_mixin.py:190} INFO - 2020-11-26 19:21:00
[2025-04-24T16:47:18.820+0000] {logging_mixin.py:190} INFO - 2020-07-03 12:06:00
[2025-04-24T16:47:19.182+0000] {logging_mixin.py:190} INFO - 2020-06-17 13:52:00
[2025-04-24T16:47:19.649+0000] {logging_mixin.py:190} INFO - 2020-11-24 20:58:00
[2025-04-24T16:47:19.975+0000] {logging_mixin.py:190} INFO - 2020-06-09 14:54:00
[2025-04-24T16:47:20.318+0000] {logging_mixin.py:190} INFO - 2021-01-26 20:28:00
[2025-04-24T16:47:20.772+0000] {logging_mixin.py:190} INFO - 2020-06-29 20:26:00
[2025-04-24T16:47:21.180+0000] {logging_mixin.py:190} INFO - 2020-08-08 20:17:00
[2025-04-24T16:47:21.590+0000] {logging_mixin.py:190} INFO - 2020-11-11 11:03:00
[2025-04-24T16:47:22.202+0000] {logging_mixin.py:190} INFO - 2020-11-05 18:28:00
[2025-04-24T16:47:22.715+0000] {logging_mixin.py:190} INFO - 2020-09-07 11:39:00
[2025-04-24T16:47:23.325+0000] {logging_mixin.py:190} INFO - 2020-06-20 09:58:00
[2025-04-24T16:47:23.734+0000] {logging_mixin.py:190} INFO - 2020-05-10 18:34:00
[2025-04-24T16:47:24.147+0000] {logging_mixin.py:190} INFO - 2020-05-04 11:13:00
[2025-04-24T16:47:24.554+0000] {logging_mixin.py:190} INFO - 2021-01-18 09:26:00
[2025-04-24T16:47:24.963+0000] {logging_mixin.py:190} INFO - 2020-12-15 15:12:00
[2025-04-24T16:47:25.365+0000] {logging_mixin.py:190} INFO - 2020-08-06 14:30:00
[2025-04-24T16:47:25.704+0000] {logging_mixin.py:190} INFO - 2020-12-18 17:16:00
[2025-04-24T16:47:26.083+0000] {logging_mixin.py:190} INFO - 2020-03-24 17:45:00
[2025-04-24T16:47:26.467+0000] {logging_mixin.py:190} INFO - 2020-12-26 19:43:00
[2025-04-24T16:47:26.909+0000] {logging_mixin.py:190} INFO - 2020-01-31 12:33:00
[2025-04-24T16:47:27.324+0000] {logging_mixin.py:190} INFO - 2020-11-23 15:12:00
[2025-04-24T16:47:27.735+0000] {logging_mixin.py:190} INFO - 2020-09-04 09:49:00
[2025-04-24T16:47:28.138+0000] {logging_mixin.py:190} INFO - 2020-04-24 15:41:00
[2025-04-24T16:47:28.555+0000] {logging_mixin.py:190} INFO - 2020-04-27 09:18:00
[2025-04-24T16:47:28.960+0000] {logging_mixin.py:190} INFO - 2020-04-03 17:41:00
[2025-04-24T16:47:29.371+0000] {logging_mixin.py:190} INFO - 2020-05-31 17:16:00
[2025-04-24T16:47:29.782+0000] {logging_mixin.py:190} INFO - 2020-10-19 12:05:00
[2025-04-24T16:47:30.188+0000] {logging_mixin.py:190} INFO - 2020-05-08 09:08:00
[2025-04-24T16:47:30.577+0000] {logging_mixin.py:190} INFO - 2020-01-02 20:04:00
[2025-04-24T16:47:30.957+0000] {logging_mixin.py:190} INFO - 2020-03-31 10:22:00
[2025-04-24T16:47:31.305+0000] {logging_mixin.py:190} INFO - 2020-08-09 09:08:00
[2025-04-24T16:47:31.666+0000] {logging_mixin.py:190} INFO - 2020-06-28 20:39:00
[2025-04-24T16:47:32.031+0000] {logging_mixin.py:190} INFO - 2020-08-11 15:58:00
[2025-04-24T16:47:32.439+0000] {logging_mixin.py:190} INFO - 2020-08-12 19:53:00
[2025-04-24T16:47:32.853+0000] {logging_mixin.py:190} INFO - 2020-05-08 14:13:00
[2025-04-24T16:47:33.178+0000] {logging_mixin.py:190} INFO - 2020-01-24 14:03:00
[2025-04-24T16:47:33.568+0000] {logging_mixin.py:190} INFO - 2020-05-01 10:38:00
[2025-04-24T16:47:33.979+0000] {logging_mixin.py:190} INFO - 2021-01-03 15:23:00
[2025-04-24T16:47:34.492+0000] {logging_mixin.py:190} INFO - 2020-12-07 20:27:00
[2025-04-24T16:47:34.901+0000] {logging_mixin.py:190} INFO - 2020-01-08 09:24:00
[2025-04-24T16:47:35.259+0000] {logging_mixin.py:190} INFO - 2020-11-28 10:23:00
[2025-04-24T16:47:35.718+0000] {logging_mixin.py:190} INFO - 2020-12-13 09:03:00
[2025-04-24T16:47:36.126+0000] {logging_mixin.py:190} INFO - 2020-08-04 18:20:00
[2025-04-24T16:47:36.539+0000] {logging_mixin.py:190} INFO - 2020-12-29 09:03:00
[2025-04-24T16:47:36.914+0000] {logging_mixin.py:190} INFO - 2020-09-23 13:01:00
[2025-04-24T16:47:37.364+0000] {logging_mixin.py:190} INFO - 2020-09-17 20:15:00
[2025-04-24T16:47:37.770+0000] {logging_mixin.py:190} INFO - 2020-08-07 18:03:00
[2025-04-24T16:47:38.158+0000] {local_task_job_runner.py:346} WARNING - State of this instance has been externally set to failed. Terminating instance.
[2025-04-24T16:47:38.162+0000] {local_task_job_runner.py:245} INFO - ::endgroup::
[2025-04-24T16:47:38.164+0000] {process_utils.py:132} INFO - Sending 15 to group 94. PIDs of all processes in the group: [94]
[2025-04-24T16:47:38.164+0000] {process_utils.py:87} INFO - Sending the signal 15 to group 94
[2025-04-24T16:47:38.165+0000] {taskinstance.py:3092} ERROR - Received SIGTERM. Terminating subprocesses.
[2025-04-24T16:47:38.194+0000] {taskinstance.py:340} INFO - ::group::Post task execution logs
[2025-04-24T16:47:38.223+0000] {process_utils.py:80} INFO - Process psutil.Process(pid=94, status='terminated', exitcode=0, started='16:44:11') (94) terminated with exit code 0
