[2025-04-24T14:48:47.399+0000] {local_task_job_runner.py:123} INFO - ::group::Pre task execution logs
[2025-04-24T14:48:47.407+0000] {taskinstance.py:2612} INFO - Dependencies all met for dep_context=non-requeueable deps ti=<TaskInstance: airflow_lab.load_api manual__2025-04-24T14:48:43.551339+00:00 [queued]>
[2025-04-24T14:48:47.411+0000] {taskinstance.py:2612} INFO - Dependencies all met for dep_context=requeueable deps ti=<TaskInstance: airflow_lab.load_api manual__2025-04-24T14:48:43.551339+00:00 [queued]>
[2025-04-24T14:48:47.411+0000] {taskinstance.py:2865} INFO - Starting attempt 1 of 1
[2025-04-24T14:48:47.417+0000] {taskinstance.py:2888} INFO - Executing <Task(_PythonDecoratedOperator): load_api> on 2025-04-24 14:48:43.551339+00:00
[2025-04-24T14:48:47.420+0000] {warnings.py:112} WARNING - /home/***/.local/lib/python3.12/site-packages/***/task/task_runner/standard_task_runner.py:70: DeprecationWarning: This process (pid=209) is multi-threaded, use of fork() may lead to deadlocks in the child.
  pid = os.fork()

[2025-04-24T14:48:47.421+0000] {standard_task_runner.py:72} INFO - Started process 211 to run task
[2025-04-24T14:48:47.422+0000] {standard_task_runner.py:104} INFO - Running: ['***', 'tasks', 'run', '***_lab', 'load_api', 'manual__2025-04-24T14:48:43.551339+00:00', '--job-id', '15', '--raw', '--subdir', 'DAGS_FOLDER/elt.py', '--cfg-path', '/tmp/tmp6aq9dj12']
[2025-04-24T14:48:47.423+0000] {standard_task_runner.py:105} INFO - Job 15: Subtask load_api
[2025-04-24T14:48:47.445+0000] {task_command.py:467} INFO - Running <TaskInstance: airflow_lab.load_api manual__2025-04-24T14:48:43.551339+00:00 [running]> on host 7ce975cba66d
[2025-04-24T14:48:47.484+0000] {taskinstance.py:3131} INFO - Exporting env vars: AIRFLOW_CTX_DAG_OWNER='***' AIRFLOW_CTX_DAG_ID='***_lab' AIRFLOW_CTX_TASK_ID='load_api' AIRFLOW_CTX_EXECUTION_DATE='2025-04-24T14:48:43.551339+00:00' AIRFLOW_CTX_TRY_NUMBER='1' AIRFLOW_CTX_DAG_RUN_ID='manual__2025-04-24T14:48:43.551339+00:00'
[2025-04-24T14:48:47.485+0000] {taskinstance.py:731} INFO - ::endgroup::
[2025-04-24T14:48:47.487+0000] {logging_mixin.py:190} INFO - Loading data from API
[2025-04-24T14:48:47.487+0000] {logging_mixin.py:190} INFO - https://sheets.googleapis.com/v4/spreadsheets/None/values/None?key=None
[2025-04-24T14:48:47.895+0000] {logging_mixin.py:190} INFO - Failed to load data: 400
[2025-04-24T14:48:47.897+0000] {python.py:240} INFO - Done. Returned value was: None
[2025-04-24T14:48:47.909+0000] {taskinstance.py:340} INFO - ::group::Post task execution logs
[2025-04-24T14:48:47.909+0000] {taskinstance.py:352} INFO - Marking task as SUCCESS. dag_id=***_lab, task_id=load_api, run_id=manual__2025-04-24T14:48:43.551339+00:00, execution_date=20250424T144843, start_date=20250424T144847, end_date=20250424T144847
[2025-04-24T14:48:47.950+0000] {local_task_job_runner.py:266} INFO - Task exited with return code 0
[2025-04-24T14:48:47.970+0000] {taskinstance.py:3900} INFO - 1 downstream tasks scheduled from follow-on schedule check
[2025-04-24T14:48:47.971+0000] {local_task_job_runner.py:245} INFO - ::endgroup::
